<?xml version="1.0" encoding="utf-8"?>
<!DOCTYPE coverage SYSTEM "http://cobertura.sourceforge.net/xml/coverage-04.dtd">
<coverage line-rate="0.584234930448223" branch-rate="0.198581560283688" lines-covered="378" lines-valid="647" branches-covered="56" branches-valid="282" complexity="351" version="0" timestamp="1670172953">
  <sources>
    <source>D:\csharp\lern\</source>
    <source>C:\</source>
  </sources>
  <packages>
    <package name="ToDoList" line-rate="0.421985815602837" branch-rate="0.736842105263158" complexity="111">
      <classes>
        <class name="ToDoList.Controllers.HomeController" filename="D:\csharp\lern\ToDoList\Controllers\HomeController.cs" line-rate="0.97196261682243" branch-rate="0.933333333333333" complexity="61">
          <methods>
            <method name="Index" signature="()" line-rate="1" branch-rate="1" complexity="8">
              <lines>
                <line number="36" hits="6" branch="false" />
                <line number="37" hits="6" branch="true" condition-coverage="100% (2/2)" />
                <line number="38" hits="6" branch="false" />
                <line number="39" hits="6" branch="true" condition-coverage="100% (2/2)" />
                <line number="40" hits="6" branch="true" condition-coverage="100% (2/2)" />
                <line number="41" hits="6" branch="true" condition-coverage="100% (2/2)" />
                <line number="42" hits="6" branch="false" />
                <line number="43" hits="6" branch="false" />
                <line number="44" hits="6" branch="false" />
              </lines>
            </method>
            <method name="TaskByCategory" signature="(...)" line-rate="1" branch-rate="1" complexity="14">
              <lines>
                <line number="48" hits="5" branch="false" />
                <line number="49" hits="5" branch="true" condition-coverage="100% (2/2)" />
                <line number="50" hits="1" branch="false" />
                <line number="51" hits="1" branch="false" />
                <line number="53" hits="4" branch="true" condition-coverage="100% (2/2)" />
                <line number="54" hits="4" branch="true" condition-coverage="100% (2/2)" />
                <line number="55" hits="4" branch="true" condition-coverage="100% (2/2)" />
                <line number="56" hits="4" branch="true" condition-coverage="100% (2/2)" />
                <line number="57" hits="4" branch="false" />
                <line number="58" hits="4" branch="false" />
                <line number="59" hits="4" branch="true" condition-coverage="100% (2/2)" />
                <line number="60" hits="3" branch="true" condition-coverage="100% (2/2)" />
                <line number="61" hits="3" branch="false" />
                <line number="62" hits="4" branch="false" />
              </lines>
            </method>
            <method name="Privacy" signature="()" line-rate="1" branch-rate="1" complexity="4">
              <lines>
                <line number="167" hits="1" branch="false" />
                <line number="168" hits="1" branch="true" condition-coverage="100% (2/2)" />
                <line number="169" hits="1" branch="true" condition-coverage="100% (2/2)" />
                <line number="170" hits="1" branch="false" />
                <line number="171" hits="1" branch="false" />
                <line number="172" hits="1" branch="false" />
                <line number="173" hits="1" branch="false" />
              </lines>
            </method>
            <method name="Error" signature="()" line-rate="0" branch-rate="0" complexity="4">
              <lines>
                <line number="177" hits="0" branch="false" />
                <line number="178" hits="0" branch="true" condition-coverage="0% (0/4)" />
                <line number="179" hits="0" branch="false" />
              </lines>
            </method>
            <method name=".ctor" signature="(...)" line-rate="1" branch-rate="1" complexity="1">
              <lines>
                <line number="26" hits="75" branch="false" />
                <line number="28" hits="75" branch="false" />
                <line number="29" hits="75" branch="false" />
                <line number="30" hits="75" branch="false" />
                <line number="31" hits="75" branch="false" />
                <line number="32" hits="75" branch="false" />
                <line number="33" hits="75" branch="false" />
              </lines>
            </method>
            <method name="ChangeTaskStatus" signature="()" line-rate="1" branch-rate="1" complexity="6">
              <lines>
                <line number="98" hits="8" branch="false" />
                <line number="99" hits="8" branch="true" condition-coverage="100% (2/2)" />
                <line number="100" hits="1" branch="false" />
                <line number="101" hits="1" branch="false" />
                <line number="103" hits="7" branch="true" condition-coverage="100% (2/2)" />
                <line number="104" hits="7" branch="false" />
                <line number="106" hits="7" branch="false" />
                <line number="107" hits="7" branch="true" condition-coverage="100% (2/2)" />
                <line number="108" hits="1" branch="false" />
                <line number="109" hits="1" branch="false" />
                <line number="110" hits="1" branch="false" />
                <line number="112" hits="6" branch="false" />
                <line number="113" hits="8" branch="false" />
              </lines>
            </method>
            <method name="Create" signature="()" line-rate="1" branch-rate="1" complexity="4">
              <lines>
                <line number="67" hits="2" branch="false" />
                <line number="68" hits="2" branch="false" />
                <line number="69" hits="2" branch="true" condition-coverage="100% (2/2)" />
                <line number="70" hits="1" branch="false" />
                <line number="71" hits="1" branch="false" />
                <line number="73" hits="1" branch="false" />
                <line number="74" hits="1" branch="true" condition-coverage="100% (2/2)" />
                <line number="75" hits="1" branch="false" />
                <line number="76" hits="1" branch="false" />
                <line number="77" hits="1" branch="false" />
                <line number="78" hits="2" branch="false" />
              </lines>
            </method>
            <method name="Delete" signature="()" line-rate="1" branch-rate="1" complexity="4">
              <lines>
                <line number="83" hits="2" branch="false" />
                <line number="84" hits="2" branch="true" condition-coverage="100% (2/2)" />
                <line number="85" hits="1" branch="false" />
                <line number="86" hits="1" branch="false" />
                <line number="89" hits="1" branch="false" />
                <line number="90" hits="1" branch="true" condition-coverage="100% (2/2)" />
                <line number="91" hits="1" branch="false" />
                <line number="92" hits="1" branch="false" />
                <line number="93" hits="2" branch="false" />
              </lines>
            </method>
            <method name="EditUserTask" signature="()" line-rate="1" branch-rate="1" complexity="8">
              <lines>
                <line number="117" hits="9" branch="false" />
                <line number="118" hits="9" branch="true" condition-coverage="100% (2/2)" />
                <line number="119" hits="1" branch="false" />
                <line number="120" hits="1" branch="false" />
                <line number="122" hits="8" branch="true" condition-coverage="100% (2/2)" />
                <line number="125" hits="8" branch="false" />
                <line number="126" hits="8" branch="false" />
                <line number="127" hits="12" branch="false" />
                <line number="128" hits="14" branch="false" />
                <line number="129" hits="8" branch="true" condition-coverage="100% (2/2)" />
                <line number="130" hits="8" branch="true" condition-coverage="100% (2/2)" />
                <line number="131" hits="2" branch="false" />
                <line number="132" hits="2" branch="false" />
                <line number="133" hits="2" branch="false" />
                <line number="135" hits="6" branch="false" />
                <line number="136" hits="6" branch="false" />
                <line number="137" hits="9" branch="false" />
              </lines>
            </method>
            <method name="EditUserTaskConfirm" signature="()" line-rate="1" branch-rate="1" complexity="8">
              <lines>
                <line number="143" hits="9" branch="false" />
                <line number="144" hits="9" branch="true" condition-coverage="100% (2/2)" />
                <line number="145" hits="1" branch="false" />
                <line number="146" hits="1" branch="false" />
                <line number="147" hits="1" branch="false" />
                <line number="149" hits="8" branch="false" />
                <line number="150" hits="14" branch="false" />
                <line number="151" hits="16" branch="false" />
                <line number="152" hits="8" branch="true" condition-coverage="100% (2/2)" />
                <line number="153" hits="8" branch="true" condition-coverage="100% (2/2)" />
                <line number="154" hits="8" branch="false" />
                <line number="156" hits="8" branch="false" />
                <line number="157" hits="8" branch="true" condition-coverage="100% (2/2)" />
                <line number="158" hits="2" branch="false" />
                <line number="159" hits="2" branch="false" />
                <line number="161" hits="6" branch="false" />
                <line number="162" hits="9" branch="false" />
              </lines>
            </method>
          </methods>
          <lines>
            <line number="26" hits="75" branch="false" />
            <line number="28" hits="75" branch="false" />
            <line number="29" hits="75" branch="false" />
            <line number="30" hits="75" branch="false" />
            <line number="31" hits="75" branch="false" />
            <line number="32" hits="75" branch="false" />
            <line number="33" hits="75" branch="false" />
            <line number="36" hits="6" branch="false" />
            <line number="37" hits="6" branch="true" condition-coverage="100% (2/2)" />
            <line number="38" hits="6" branch="false" />
            <line number="39" hits="6" branch="true" condition-coverage="100% (2/2)" />
            <line number="40" hits="6" branch="true" condition-coverage="100% (2/2)" />
            <line number="41" hits="6" branch="true" condition-coverage="100% (2/2)" />
            <line number="42" hits="6" branch="false" />
            <line number="43" hits="6" branch="false" />
            <line number="44" hits="6" branch="false" />
            <line number="48" hits="5" branch="false" />
            <line number="49" hits="5" branch="true" condition-coverage="100% (2/2)" />
            <line number="50" hits="1" branch="false" />
            <line number="51" hits="1" branch="false" />
            <line number="53" hits="4" branch="true" condition-coverage="100% (2/2)" />
            <line number="54" hits="4" branch="true" condition-coverage="100% (2/2)" />
            <line number="55" hits="4" branch="true" condition-coverage="100% (2/2)" />
            <line number="56" hits="4" branch="true" condition-coverage="100% (2/2)" />
            <line number="57" hits="4" branch="false" />
            <line number="58" hits="4" branch="false" />
            <line number="59" hits="4" branch="true" condition-coverage="100% (2/2)" />
            <line number="60" hits="3" branch="true" condition-coverage="100% (2/2)" />
            <line number="61" hits="3" branch="false" />
            <line number="62" hits="4" branch="false" />
            <line number="67" hits="2" branch="false" />
            <line number="68" hits="2" branch="false" />
            <line number="69" hits="2" branch="true" condition-coverage="100% (2/2)" />
            <line number="70" hits="1" branch="false" />
            <line number="71" hits="1" branch="false" />
            <line number="73" hits="1" branch="false" />
            <line number="74" hits="1" branch="true" condition-coverage="100% (2/2)" />
            <line number="75" hits="1" branch="false" />
            <line number="76" hits="1" branch="false" />
            <line number="77" hits="1" branch="false" />
            <line number="78" hits="2" branch="false" />
            <line number="83" hits="2" branch="false" />
            <line number="84" hits="2" branch="true" condition-coverage="100% (2/2)" />
            <line number="85" hits="1" branch="false" />
            <line number="86" hits="1" branch="false" />
            <line number="89" hits="1" branch="false" />
            <line number="90" hits="1" branch="true" condition-coverage="100% (2/2)" />
            <line number="91" hits="1" branch="false" />
            <line number="92" hits="1" branch="false" />
            <line number="93" hits="2" branch="false" />
            <line number="98" hits="8" branch="false" />
            <line number="99" hits="8" branch="true" condition-coverage="100% (2/2)" />
            <line number="100" hits="1" branch="false" />
            <line number="101" hits="1" branch="false" />
            <line number="103" hits="7" branch="true" condition-coverage="100% (2/2)" />
            <line number="104" hits="7" branch="false" />
            <line number="106" hits="7" branch="false" />
            <line number="107" hits="7" branch="true" condition-coverage="100% (2/2)" />
            <line number="108" hits="1" branch="false" />
            <line number="109" hits="1" branch="false" />
            <line number="110" hits="1" branch="false" />
            <line number="112" hits="6" branch="false" />
            <line number="113" hits="8" branch="false" />
            <line number="117" hits="9" branch="false" />
            <line number="118" hits="9" branch="true" condition-coverage="100% (2/2)" />
            <line number="119" hits="1" branch="false" />
            <line number="120" hits="1" branch="false" />
            <line number="122" hits="8" branch="true" condition-coverage="100% (2/2)" />
            <line number="125" hits="8" branch="false" />
            <line number="126" hits="8" branch="false" />
            <line number="127" hits="12" branch="false" />
            <line number="128" hits="14" branch="false" />
            <line number="129" hits="8" branch="true" condition-coverage="100% (2/2)" />
            <line number="130" hits="8" branch="true" condition-coverage="100% (2/2)" />
            <line number="131" hits="2" branch="false" />
            <line number="132" hits="2" branch="false" />
            <line number="133" hits="2" branch="false" />
            <line number="135" hits="6" branch="false" />
            <line number="136" hits="6" branch="false" />
            <line number="137" hits="9" branch="false" />
            <line number="143" hits="9" branch="false" />
            <line number="144" hits="9" branch="true" condition-coverage="100% (2/2)" />
            <line number="145" hits="1" branch="false" />
            <line number="146" hits="1" branch="false" />
            <line number="147" hits="1" branch="false" />
            <line number="149" hits="8" branch="false" />
            <line number="150" hits="14" branch="false" />
            <line number="151" hits="16" branch="false" />
            <line number="152" hits="8" branch="true" condition-coverage="100% (2/2)" />
            <line number="153" hits="8" branch="true" condition-coverage="100% (2/2)" />
            <line number="154" hits="8" branch="false" />
            <line number="156" hits="8" branch="false" />
            <line number="157" hits="8" branch="true" condition-coverage="100% (2/2)" />
            <line number="158" hits="2" branch="false" />
            <line number="159" hits="2" branch="false" />
            <line number="161" hits="6" branch="false" />
            <line number="162" hits="9" branch="false" />
            <line number="167" hits="1" branch="false" />
            <line number="168" hits="1" branch="true" condition-coverage="100% (2/2)" />
            <line number="169" hits="1" branch="true" condition-coverage="100% (2/2)" />
            <line number="170" hits="1" branch="false" />
            <line number="171" hits="1" branch="false" />
            <line number="172" hits="1" branch="false" />
            <line number="173" hits="1" branch="false" />
            <line number="177" hits="0" branch="false" />
            <line number="178" hits="0" branch="true" condition-coverage="0% (0/4)" />
            <line number="179" hits="0" branch="false" />
          </lines>
        </class>
        <class name="ToDoList.Models.Data.SeedData" filename="D:\csharp\lern\ToDoList\Models\Data\SeedData.cs" line-rate="0" branch-rate="0" complexity="4">
          <methods>
            <method name="EnsurePopolate" signature="(...)" line-rate="0" branch-rate="0" complexity="4">
              <lines>
                <line number="12" hits="0" branch="false" />
                <line number="13" hits="0" branch="false" />
                <line number="15" hits="0" branch="true" condition-coverage="0% (0/2)" />
                <line number="16" hits="0" branch="false" />
                <line number="17" hits="0" branch="false" />
                <line number="18" hits="0" branch="false" />
                <line number="20" hits="0" branch="true" condition-coverage="0% (0/2)" />
                <line number="21" hits="0" branch="false" />
                <line number="22" hits="0" branch="false" />
                <line number="23" hits="0" branch="false" />
                <line number="24" hits="0" branch="false" />
                <line number="25" hits="0" branch="false" />
                <line number="26" hits="0" branch="false" />
                <line number="27" hits="0" branch="false" />
                <line number="28" hits="0" branch="false" />
                <line number="29" hits="0" branch="false" />
                <line number="30" hits="0" branch="false" />
                <line number="31" hits="0" branch="false" />
                <line number="32" hits="0" branch="false" />
                <line number="33" hits="0" branch="false" />
                <line number="34" hits="0" branch="false" />
                <line number="35" hits="0" branch="false" />
                <line number="36" hits="0" branch="false" />
                <line number="37" hits="0" branch="false" />
                <line number="38" hits="0" branch="false" />
                <line number="39" hits="0" branch="false" />
                <line number="40" hits="0" branch="false" />
                <line number="41" hits="0" branch="false" />
              </lines>
            </method>
          </methods>
          <lines>
            <line number="12" hits="0" branch="false" />
            <line number="13" hits="0" branch="false" />
            <line number="15" hits="0" branch="true" condition-coverage="0% (0/2)" />
            <line number="16" hits="0" branch="false" />
            <line number="17" hits="0" branch="false" />
            <line number="18" hits="0" branch="false" />
            <line number="20" hits="0" branch="true" condition-coverage="0% (0/2)" />
            <line number="21" hits="0" branch="false" />
            <line number="22" hits="0" branch="false" />
            <line number="23" hits="0" branch="false" />
            <line number="24" hits="0" branch="false" />
            <line number="25" hits="0" branch="false" />
            <line number="26" hits="0" branch="false" />
            <line number="27" hits="0" branch="false" />
            <line number="28" hits="0" branch="false" />
            <line number="29" hits="0" branch="false" />
            <line number="30" hits="0" branch="false" />
            <line number="31" hits="0" branch="false" />
            <line number="32" hits="0" branch="false" />
            <line number="33" hits="0" branch="false" />
            <line number="34" hits="0" branch="false" />
            <line number="35" hits="0" branch="false" />
            <line number="36" hits="0" branch="false" />
            <line number="37" hits="0" branch="false" />
            <line number="38" hits="0" branch="false" />
            <line number="39" hits="0" branch="false" />
            <line number="40" hits="0" branch="false" />
            <line number="41" hits="0" branch="false" />
          </lines>
        </class>
        <class name="ToDoList.Models.ErrorViewModel" filename="D:\csharp\lern\ToDoList\Models\ErrorViewModel.cs" line-rate="0" branch-rate="1" complexity="2">
          <methods>
            <method name="get_RequestId" signature="()" line-rate="0" branch-rate="1" complexity="1">
              <lines>
                <line number="7" hits="0" branch="false" />
              </lines>
            </method>
            <method name="get_ShowRequestId" signature="()" line-rate="0" branch-rate="1" complexity="1">
              <lines>
                <line number="9" hits="0" branch="false" />
              </lines>
            </method>
          </methods>
          <lines>
            <line number="7" hits="0" branch="false" />
            <line number="9" hits="0" branch="false" />
          </lines>
        </class>
        <class name="ToDoList.Models.ItemSideBar" filename="D:\csharp\lern\ToDoList\Models\ItemSideBar.cs" line-rate="1" branch-rate="1" complexity="3">
          <methods>
            <method name="get_Id" signature="()" line-rate="1" branch-rate="1" complexity="1">
              <lines>
                <line number="5" hits="268" branch="false" />
              </lines>
            </method>
            <method name="get_Name" signature="()" line-rate="1" branch-rate="1" complexity="1">
              <lines>
                <line number="6" hits="278" branch="false" />
              </lines>
            </method>
            <method name="get_IsActiv" signature="()" line-rate="1" branch-rate="1" complexity="1">
              <lines>
                <line number="7" hits="244" branch="false" />
              </lines>
            </method>
          </methods>
          <lines>
            <line number="5" hits="268" branch="false" />
            <line number="6" hits="278" branch="false" />
            <line number="7" hits="244" branch="false" />
          </lines>
        </class>
        <class name="ToDoList.Models.Repo.ECTaskRepository" filename="D:\csharp\lern\ToDoList\Models\Repo\ECTaskRepository.cs" line-rate="0" branch-rate="0" complexity="15">
          <methods>
            <method name="get_Tasks" signature="()" line-rate="0" branch-rate="1" complexity="1">
              <lines>
                <line number="14" hits="0" branch="false" />
              </lines>
            </method>
            <method name="get_Categories" signature="()" line-rate="0" branch-rate="1" complexity="1">
              <lines>
                <line number="16" hits="0" branch="false" />
              </lines>
            </method>
            <method name="UpdateUserTask" signature="(...)" line-rate="0" branch-rate="1" complexity="1">
              <lines>
                <line number="97" hits="0" branch="false" />
                <line number="98" hits="0" branch="false" />
              </lines>
            </method>
            <method name="UserTaskExists" signature="(...)" line-rate="0" branch-rate="1" complexity="1">
              <lines>
                <line number="112" hits="0" branch="false" />
                <line number="113" hits="0" branch="false" />
                <line number="114" hits="0" branch="false" />
              </lines>
            </method>
            <method name=".ctor" signature="(...)" line-rate="0" branch-rate="1" complexity="1">
              <lines>
                <line number="10" hits="0" branch="false" />
                <line number="11" hits="0" branch="false" />
                <line number="12" hits="0" branch="false" />
                <line number="13" hits="0" branch="false" />
              </lines>
            </method>
            <method name="AddUserTask" signature="()" line-rate="0" branch-rate="1" complexity="1">
              <lines>
                <line number="19" hits="0" branch="false" />
                <line number="20" hits="0" branch="false" />
                <line number="21" hits="0" branch="false" />
                <line number="22" hits="0" branch="false" />
              </lines>
            </method>
            <method name="ChangeStatusUserTask" signature="()" line-rate="0" branch-rate="0" complexity="4">
              <lines>
                <line number="25" hits="0" branch="false" />
                <line number="26" hits="0" branch="false" />
                <line number="28" hits="0" branch="true" condition-coverage="0% (0/2)" />
                <line number="29" hits="0" branch="false" />
                <line number="30" hits="0" branch="false" />
                <line number="31" hits="0" branch="false" />
                <line number="33" hits="0" branch="false" />
                <line number="34" hits="0" branch="false" />
                <line number="35" hits="0" branch="false" />
                <line number="36" hits="0" branch="false" />
                <line number="39" hits="0" branch="false" />
                <line number="40" hits="0" branch="false" />
                <line number="41" hits="0" branch="false" />
                <line number="42" hits="0" branch="false" />
                <line number="43" hits="0" branch="false" />
                <line number="44" hits="0" branch="true" condition-coverage="0% (0/2)" />
                <line number="45" hits="0" branch="false" />
                <line number="46" hits="0" branch="false" />
                <line number="49" hits="0" branch="false" />
                <line number="50" hits="0" branch="false" />
                <line number="53" hits="0" branch="false" />
                <line number="54" hits="0" branch="false" />
              </lines>
            </method>
            <method name="DeleteUserTask" signature="()" line-rate="0" branch-rate="0" complexity="2">
              <lines>
                <line number="57" hits="0" branch="false" />
                <line number="58" hits="0" branch="false" />
                <line number="60" hits="0" branch="true" condition-coverage="0% (0/2)" />
                <line number="61" hits="0" branch="false" />
                <line number="62" hits="0" branch="false" />
                <line number="63" hits="0" branch="false" />
                <line number="64" hits="0" branch="false" />
                <line number="65" hits="0" branch="false" />
                <line number="66" hits="0" branch="false" />
              </lines>
            </method>
            <method name="EditUserTask" signature="()" line-rate="0" branch-rate="0" complexity="2">
              <lines>
                <line number="69" hits="0" branch="false" />
                <line number="71" hits="0" branch="false" />
                <line number="74" hits="0" branch="false" />
                <line number="75" hits="0" branch="false" />
                <line number="76" hits="0" branch="false" />
                <line number="77" hits="0" branch="false" />
                <line number="78" hits="0" branch="false" />
                <line number="79" hits="0" branch="true" condition-coverage="0% (0/2)" />
                <line number="80" hits="0" branch="false" />
                <line number="81" hits="0" branch="false" />
                <line number="84" hits="0" branch="false" />
                <line number="85" hits="0" branch="false" />
                <line number="88" hits="0" branch="false" />
                <line number="89" hits="0" branch="false" />
              </lines>
            </method>
            <method name="GetUserTask" signature="()" line-rate="0" branch-rate="1" complexity="1">
              <lines>
                <line number="92" hits="0" branch="false" />
                <line number="93" hits="0" branch="false" />
                <line number="94" hits="0" branch="false" />
              </lines>
            </method>
          </methods>
          <lines>
            <line number="10" hits="0" branch="false" />
            <line number="11" hits="0" branch="false" />
            <line number="12" hits="0" branch="false" />
            <line number="13" hits="0" branch="false" />
            <line number="14" hits="0" branch="false" />
            <line number="16" hits="0" branch="false" />
            <line number="19" hits="0" branch="false" />
            <line number="20" hits="0" branch="false" />
            <line number="21" hits="0" branch="false" />
            <line number="22" hits="0" branch="false" />
            <line number="25" hits="0" branch="false" />
            <line number="26" hits="0" branch="false" />
            <line number="28" hits="0" branch="true" condition-coverage="0% (0/2)" />
            <line number="29" hits="0" branch="false" />
            <line number="30" hits="0" branch="false" />
            <line number="31" hits="0" branch="false" />
            <line number="33" hits="0" branch="false" />
            <line number="34" hits="0" branch="false" />
            <line number="35" hits="0" branch="false" />
            <line number="36" hits="0" branch="false" />
            <line number="39" hits="0" branch="false" />
            <line number="40" hits="0" branch="false" />
            <line number="41" hits="0" branch="false" />
            <line number="42" hits="0" branch="false" />
            <line number="43" hits="0" branch="false" />
            <line number="44" hits="0" branch="true" condition-coverage="0% (0/2)" />
            <line number="45" hits="0" branch="false" />
            <line number="46" hits="0" branch="false" />
            <line number="49" hits="0" branch="false" />
            <line number="50" hits="0" branch="false" />
            <line number="53" hits="0" branch="false" />
            <line number="54" hits="0" branch="false" />
            <line number="57" hits="0" branch="false" />
            <line number="58" hits="0" branch="false" />
            <line number="60" hits="0" branch="true" condition-coverage="0% (0/2)" />
            <line number="61" hits="0" branch="false" />
            <line number="62" hits="0" branch="false" />
            <line number="63" hits="0" branch="false" />
            <line number="64" hits="0" branch="false" />
            <line number="65" hits="0" branch="false" />
            <line number="66" hits="0" branch="false" />
            <line number="69" hits="0" branch="false" />
            <line number="71" hits="0" branch="false" />
            <line number="74" hits="0" branch="false" />
            <line number="75" hits="0" branch="false" />
            <line number="76" hits="0" branch="false" />
            <line number="77" hits="0" branch="false" />
            <line number="78" hits="0" branch="false" />
            <line number="79" hits="0" branch="true" condition-coverage="0% (0/2)" />
            <line number="80" hits="0" branch="false" />
            <line number="81" hits="0" branch="false" />
            <line number="84" hits="0" branch="false" />
            <line number="85" hits="0" branch="false" />
            <line number="88" hits="0" branch="false" />
            <line number="89" hits="0" branch="false" />
            <line number="92" hits="0" branch="false" />
            <line number="93" hits="0" branch="false" />
            <line number="94" hits="0" branch="false" />
            <line number="97" hits="0" branch="false" />
            <line number="98" hits="0" branch="false" />
            <line number="112" hits="0" branch="false" />
            <line number="113" hits="0" branch="false" />
            <line number="114" hits="0" branch="false" />
          </lines>
        </class>
        <class name="ToDoList.Models.Repo.ECToDoMenu" filename="D:\csharp\lern\ToDoList\Models\Repo\ECToDoMenu.cs" line-rate="0" branch-rate="0" complexity="4">
          <methods>
            <method name="get_itemsSideBars" signature="()" line-rate="0" branch-rate="1" complexity="1">
              <lines>
                <line number="16" hits="0" branch="false" />
              </lines>
            </method>
            <method name="MakeMenu" signature="()" line-rate="0" branch-rate="0" complexity="2">
              <lines>
                <line number="19" hits="0" branch="false" />
                <line number="20" hits="0" branch="false" />
                <line number="22" hits="0" branch="false" />
                <line number="23" hits="0" branch="false" />
                <line number="24" hits="0" branch="false" />
                <line number="25" hits="0" branch="true" condition-coverage="0% (0/2)" />
                <line number="26" hits="0" branch="false" />
                <line number="27" hits="0" branch="false" />
                <line number="28" hits="0" branch="false" />
                <line number="29" hits="0" branch="false" />
                <line number="30" hits="0" branch="false" />
                <line number="31" hits="0" branch="false" />
              </lines>
            </method>
            <method name=".ctor" signature="(...)" line-rate="0" branch-rate="1" complexity="1">
              <lines>
                <line number="12" hits="0" branch="false" />
                <line number="13" hits="0" branch="false" />
                <line number="14" hits="0" branch="false" />
                <line number="15" hits="0" branch="false" />
              </lines>
            </method>
          </methods>
          <lines>
            <line number="12" hits="0" branch="false" />
            <line number="13" hits="0" branch="false" />
            <line number="14" hits="0" branch="false" />
            <line number="15" hits="0" branch="false" />
            <line number="16" hits="0" branch="false" />
            <line number="19" hits="0" branch="false" />
            <line number="20" hits="0" branch="false" />
            <line number="22" hits="0" branch="false" />
            <line number="23" hits="0" branch="false" />
            <line number="24" hits="0" branch="false" />
            <line number="25" hits="0" branch="true" condition-coverage="0% (0/2)" />
            <line number="26" hits="0" branch="false" />
            <line number="27" hits="0" branch="false" />
            <line number="28" hits="0" branch="false" />
            <line number="29" hits="0" branch="false" />
            <line number="30" hits="0" branch="false" />
            <line number="31" hits="0" branch="false" />
          </lines>
        </class>
        <class name="ToDoList.Models.TaskCategory" filename="D:\csharp\lern\ToDoList\Models\TaskCategory.cs" line-rate="1" branch-rate="1" complexity="3">
          <methods>
            <method name="get_Id" signature="()" line-rate="1" branch-rate="1" complexity="1">
              <lines>
                <line number="5" hits="144" branch="false" />
              </lines>
            </method>
            <method name="get_Category" signature="()" line-rate="1" branch-rate="1" complexity="1">
              <lines>
                <line number="6" hits="141" branch="false" />
              </lines>
            </method>
            <method name="get_IsDeleted" signature="()" line-rate="1" branch-rate="1" complexity="1">
              <lines>
                <line number="7" hits="135" branch="false" />
              </lines>
            </method>
          </methods>
          <lines>
            <line number="5" hits="144" branch="false" />
            <line number="6" hits="141" branch="false" />
            <line number="7" hits="135" branch="false" />
          </lines>
        </class>
        <class name="ToDoList.Models.ToDoListDbContext" filename="D:\csharp\lern\ToDoList\Models\ToDoListDbContext.cs" line-rate="0" branch-rate="1" complexity="3">
          <methods>
            <method name="get_Tasks" signature="()" line-rate="0" branch-rate="1" complexity="1">
              <lines>
                <line number="9" hits="0" branch="false" />
              </lines>
            </method>
            <method name="get_TaskCategories" signature="()" line-rate="0" branch-rate="1" complexity="1">
              <lines>
                <line number="10" hits="0" branch="false" />
              </lines>
            </method>
            <method name=".ctor" signature="(...)" line-rate="0" branch-rate="1" complexity="1">
              <lines>
                <line number="7" hits="0" branch="false" />
                <line number="8" hits="0" branch="false" />
              </lines>
            </method>
          </methods>
          <lines>
            <line number="7" hits="0" branch="false" />
            <line number="8" hits="0" branch="false" />
            <line number="9" hits="0" branch="false" />
            <line number="10" hits="0" branch="false" />
          </lines>
        </class>
        <class name="ToDoList.Models.UserTask" filename="D:\csharp\lern\ToDoList\Models\UserTask.cs" line-rate="1" branch-rate="1" complexity="6">
          <methods>
            <method name="get_Id" signature="()" line-rate="1" branch-rate="1" complexity="1">
              <lines>
                <line number="10" hits="615" branch="false" />
              </lines>
            </method>
            <method name="get_Title" signature="()" line-rate="1" branch-rate="1" complexity="1">
              <lines>
                <line number="15" hits="503" branch="false" />
              </lines>
            </method>
            <method name="get_TaskCategory" signature="()" line-rate="1" branch-rate="1" complexity="1">
              <lines>
                <line number="16" hits="522" branch="false" />
              </lines>
            </method>
            <method name="get_IsDone" signature="()" line-rate="1" branch-rate="1" complexity="1">
              <lines>
                <line number="19" hits="5" branch="false" />
              </lines>
            </method>
            <method name="get_MakingDate" signature="()" line-rate="1" branch-rate="1" complexity="1">
              <lines>
                <line number="22" hits="1019" branch="false" />
              </lines>
            </method>
            <method name="get_Dedline" signature="()" line-rate="1" branch-rate="1" complexity="1">
              <lines>
                <line number="26" hits="994" branch="false" />
              </lines>
            </method>
          </methods>
          <lines>
            <line number="10" hits="615" branch="false" />
            <line number="15" hits="503" branch="false" />
            <line number="16" hits="522" branch="false" />
            <line number="19" hits="5" branch="false" />
            <line number="22" hits="1019" branch="false" />
            <line number="26" hits="994" branch="false" />
          </lines>
        </class>
        <class name="ToDoList.Models.ViewModels.TaskListViewModel" filename="D:\csharp\lern\ToDoList\Models\ViewModels\TaskListViewModel.cs" line-rate="1" branch-rate="1" complexity="3">
          <methods>
            <method name="get_Tasks" signature="()" line-rate="1" branch-rate="1" complexity="1">
              <lines>
                <line number="8" hits="19" branch="false" />
              </lines>
            </method>
            <method name="get_Categories" signature="()" line-rate="1" branch-rate="1" complexity="1">
              <lines>
                <line number="9" hits="19" branch="false" />
              </lines>
            </method>
            <method name="get_UserTask" signature="()" line-rate="1" branch-rate="1" complexity="1">
              <lines>
                <line number="12" hits="8" branch="false" />
              </lines>
            </method>
          </methods>
          <lines>
            <line number="8" hits="19" branch="false" />
            <line number="9" hits="19" branch="false" />
            <line number="12" hits="8" branch="false" />
          </lines>
        </class>
        <class name="ToDoList.Program" filename="D:\csharp\lern\ToDoList\Program.cs" line-rate="0" branch-rate="1" complexity="2">
          <methods>
            <method name="Main" signature="(...)" line-rate="0" branch-rate="1" complexity="1">
              <lines>
                <line number="15" hits="0" branch="false" />
                <line number="16" hits="0" branch="false" />
                <line number="17" hits="0" branch="false" />
              </lines>
            </method>
            <method name="CreateHostBuilder" signature="(...)" line-rate="0" branch-rate="1" complexity="1">
              <lines>
                <line number="20" hits="0" branch="false" />
                <line number="21" hits="0" branch="false" />
                <line number="22" hits="0" branch="false" />
                <line number="23" hits="0" branch="false" />
                <line number="24" hits="0" branch="false" />
              </lines>
            </method>
          </methods>
          <lines>
            <line number="15" hits="0" branch="false" />
            <line number="16" hits="0" branch="false" />
            <line number="17" hits="0" branch="false" />
            <line number="20" hits="0" branch="false" />
            <line number="21" hits="0" branch="false" />
            <line number="22" hits="0" branch="false" />
            <line number="23" hits="0" branch="false" />
            <line number="24" hits="0" branch="false" />
          </lines>
        </class>
        <class name="ToDoList.Startup" filename="D:\csharp\lern\ToDoList\Startup.cs" line-rate="0" branch-rate="0" complexity="5">
          <methods>
            <method name="get_Configuration" signature="()" line-rate="0" branch-rate="1" complexity="1">
              <lines>
                <line number="25" hits="0" branch="false" />
              </lines>
            </method>
            <method name="ConfigureServices" signature="(...)" line-rate="0" branch-rate="1" complexity="1">
              <lines>
                <line number="29" hits="0" branch="false" />
                <line number="30" hits="0" branch="false" />
                <line number="32" hits="0" branch="false" />
                <line number="33" hits="0" branch="false" />
                <line number="34" hits="0" branch="false" />
                <line number="35" hits="0" branch="false" />
                <line number="36" hits="0" branch="false" />
                <line number="37" hits="0" branch="false" />
                <line number="38" hits="0" branch="false" />
                <line number="40" hits="0" branch="false" />
              </lines>
            </method>
            <method name="Configure" signature="(...)" line-rate="0" branch-rate="0" complexity="2">
              <lines>
                <line number="44" hits="0" branch="false" />
                <line number="45" hits="0" branch="true" condition-coverage="0% (0/2)" />
                <line number="46" hits="0" branch="false" />
                <line number="47" hits="0" branch="false" />
                <line number="48" hits="0" branch="false" />
                <line number="50" hits="0" branch="false" />
                <line number="51" hits="0" branch="false" />
                <line number="53" hits="0" branch="false" />
                <line number="54" hits="0" branch="false" />
                <line number="55" hits="0" branch="false" />
                <line number="56" hits="0" branch="false" />
                <line number="58" hits="0" branch="false" />
                <line number="60" hits="0" branch="false" />
                <line number="62" hits="0" branch="false" />
                <line number="63" hits="0" branch="false" />
                <line number="64" hits="0" branch="false" />
                <line number="65" hits="0" branch="false" />
                <line number="66" hits="0" branch="false" />
                <line number="67" hits="0" branch="false" />
                <line number="68" hits="0" branch="false" />
                <line number="69" hits="0" branch="false" />
                <line number="70" hits="0" branch="false" />
                <line number="71" hits="0" branch="false" />
              </lines>
            </method>
            <method name=".ctor" signature="(...)" line-rate="0" branch-rate="1" complexity="1">
              <lines>
                <line number="20" hits="0" branch="false" />
                <line number="21" hits="0" branch="false" />
                <line number="22" hits="0" branch="false" />
                <line number="23" hits="0" branch="false" />
              </lines>
            </method>
          </methods>
          <lines>
            <line number="20" hits="0" branch="false" />
            <line number="21" hits="0" branch="false" />
            <line number="22" hits="0" branch="false" />
            <line number="23" hits="0" branch="false" />
            <line number="25" hits="0" branch="false" />
            <line number="29" hits="0" branch="false" />
            <line number="30" hits="0" branch="false" />
            <line number="32" hits="0" branch="false" />
            <line number="33" hits="0" branch="false" />
            <line number="34" hits="0" branch="false" />
            <line number="35" hits="0" branch="false" />
            <line number="36" hits="0" branch="false" />
            <line number="37" hits="0" branch="false" />
            <line number="38" hits="0" branch="false" />
            <line number="40" hits="0" branch="false" />
            <line number="44" hits="0" branch="false" />
            <line number="45" hits="0" branch="true" condition-coverage="0% (0/2)" />
            <line number="46" hits="0" branch="false" />
            <line number="47" hits="0" branch="false" />
            <line number="48" hits="0" branch="false" />
            <line number="50" hits="0" branch="false" />
            <line number="51" hits="0" branch="false" />
            <line number="53" hits="0" branch="false" />
            <line number="54" hits="0" branch="false" />
            <line number="55" hits="0" branch="false" />
            <line number="56" hits="0" branch="false" />
            <line number="58" hits="0" branch="false" />
            <line number="60" hits="0" branch="false" />
            <line number="62" hits="0" branch="false" />
            <line number="63" hits="0" branch="false" />
            <line number="64" hits="0" branch="false" />
            <line number="65" hits="0" branch="false" />
            <line number="66" hits="0" branch="false" />
            <line number="67" hits="0" branch="false" />
            <line number="68" hits="0" branch="false" />
            <line number="69" hits="0" branch="false" />
            <line number="70" hits="0" branch="false" />
            <line number="71" hits="0" branch="false" />
          </lines>
        </class>
      </classes>
    </package>
    <package name="ToDoList.Tests" line-rate="0.996153846153846" branch-rate="1" complexity="28">
      <classes>
        <class name="AutoGeneratedProgram" filename="C:\Users\Professional\.nuget\packages\microsoft.net.test.sdk\17.1.0\build\netcoreapp2.1\Microsoft.NET.Test.Sdk.Program.cs" line-rate="0" branch-rate="1" complexity="1">
          <methods>
            <method name="Main" signature="(...)" line-rate="0" branch-rate="1" complexity="1">
              <lines>
                <line number="4" hits="0" branch="false" />
              </lines>
            </method>
          </methods>
          <lines>
            <line number="4" hits="0" branch="false" />
          </lines>
        </class>
        <class name="ToDoList.Tests.UnitTests.HomeControllerTests" filename="D:\csharp\lern\ToDoList.Test\UnitTests\HomeControllerTests.cs" line-rate="1" branch-rate="1" complexity="27">
          <methods>
            <method name="Index_Returns_ViewResult_And_Check_ViewModel" signature="()" line-rate="1" branch-rate="1" complexity="1">
              <lines>
                <line number="29" hits="1" branch="false" />
                <line number="30" hits="1" branch="false" />
                <line number="31" hits="1" branch="false" />
                <line number="32" hits="1" branch="false" />
                <line number="33" hits="1" branch="false" />
                <line number="35" hits="1" branch="false" />
              </lines>
            </method>
            <method name="Index_Check_UserTasks" signature="(...)" line-rate="1" branch-rate="1" complexity="1">
              <lines>
                <line number="40" hits="1" branch="false" />
                <line number="42" hits="7" branch="false" />
                <line number="43" hits="1" branch="false" />
                <line number="44" hits="1" branch="false" />
                <line number="45" hits="1" branch="false" />
                <line number="46" hits="1" branch="false" />
                <line number="47" hits="1" branch="false" />
                <line number="48" hits="1" branch="false" />
                <line number="49" hits="1" branch="false" />
                <line number="50" hits="1" branch="false" />
              </lines>
            </method>
            <method name="Index_CheckTaskCategories" signature="(...)" line-rate="1" branch-rate="1" complexity="1">
              <lines>
                <line number="55" hits="1" branch="false" />
                <line number="56" hits="1" branch="false" />
                <line number="57" hits="1" branch="false" />
                <line number="58" hits="1" branch="false" />
                <line number="59" hits="1" branch="false" />
                <line number="60" hits="1" branch="false" />
                <line number="61" hits="1" branch="false" />
              </lines>
            </method>
            <method name="TaskByCategory_Returns_View_And_Check_ViewModel" signature="(...)" line-rate="1" branch-rate="1" complexity="1">
              <lines>
                <line number="68" hits="3" branch="false" />
                <line number="69" hits="3" branch="false" />
                <line number="70" hits="3" branch="false" />
                <line number="71" hits="3" branch="false" />
                <line number="72" hits="3" branch="false" />
                <line number="73" hits="3" branch="false" />
              </lines>
            </method>
            <method name="TaskByCategory_Returns_View_And_Check_ViewModel_IncorrectId" signature="()" line-rate="1" branch-rate="1" complexity="1">
              <lines>
                <line number="77" hits="1" branch="false" />
                <line number="79" hits="2" branch="false" />
                <line number="80" hits="1" branch="false" />
              </lines>
            </method>
            <method name="TaskByCategory_Returns_View_And_Check_ViewModel_IncorrectId_Zero" signature="()" line-rate="1" branch-rate="1" complexity="1">
              <lines>
                <line number="84" hits="1" branch="false" />
                <line number="86" hits="1" branch="false" />
                <line number="87" hits="1" branch="false" />
                <line number="88" hits="1" branch="false" />
                <line number="89" hits="1" branch="false" />
                <line number="90" hits="1" branch="false" />
              </lines>
            </method>
            <method name="Check_Sidebar_menu" signature="()" line-rate="1" branch-rate="1" complexity="1">
              <lines>
                <line number="94" hits="1" branch="false" />
                <line number="96" hits="1" branch="false" />
                <line number="97" hits="1" branch="false" />
                <line number="98" hits="1" branch="false" />
                <line number="101" hits="1" branch="false" />
                <line number="102" hits="1" branch="false" />
                <line number="103" hits="2" branch="false" />
                <line number="104" hits="3" branch="false" />
                <line number="105" hits="4" branch="false" />
                <line number="106" hits="5" branch="false" />
                <line number="107" hits="1" branch="false" />
                <line number="108" hits="1" branch="false" />
              </lines>
            </method>
            <method name="AddUserTaskReturnsARedirectAndAddsUserValidInput" signature="()" line-rate="1" branch-rate="1" complexity="1">
              <lines>
                <line number="112" hits="1" branch="false" />
                <line number="114" hits="1" branch="false" />
                <line number="115" hits="1" branch="false" />
                <line number="116" hits="1" branch="false" />
                <line number="117" hits="1" branch="false" />
                <line number="119" hits="1" branch="false" />
                <line number="122" hits="1" branch="false" />
                <line number="123" hits="1" branch="false" />
                <line number="124" hits="1" branch="false" />
                <line number="125" hits="1" branch="false" />
              </lines>
            </method>
            <method name="AddUserTaskReturnsARedirectAndAddsUserInValidInput" signature="()" line-rate="1" branch-rate="1" complexity="1">
              <lines>
                <line number="129" hits="1" branch="false" />
                <line number="131" hits="1" branch="false" />
                <line number="132" hits="1" branch="false" />
                <line number="133" hits="1" branch="false" />
                <line number="134" hits="1" branch="false" />
                <line number="135" hits="1" branch="false" />
                <line number="137" hits="1" branch="false" />
                <line number="140" hits="1" branch="false" />
                <line number="141" hits="1" branch="false" />
                <line number="142" hits="1" branch="false" />
              </lines>
            </method>
            <method name="DeleteUserTaskReturnsARedirectValidInput" signature="()" line-rate="1" branch-rate="1" complexity="1">
              <lines>
                <line number="146" hits="1" branch="false" />
                <line number="148" hits="1" branch="false" />
                <line number="149" hits="1" branch="false" />
                <line number="150" hits="1" branch="false" />
                <line number="152" hits="1" branch="false" />
                <line number="155" hits="1" branch="false" />
                <line number="156" hits="1" branch="false" />
                <line number="157" hits="1" branch="false" />
                <line number="158" hits="1" branch="false" />
              </lines>
            </method>
            <method name="DeleteUserTaskReturnsARedirectInValidInput" signature="()" line-rate="1" branch-rate="1" complexity="1">
              <lines>
                <line number="162" hits="1" branch="false" />
                <line number="164" hits="1" branch="false" />
                <line number="165" hits="1" branch="false" />
                <line number="166" hits="1" branch="false" />
                <line number="168" hits="1" branch="false" />
                <line number="171" hits="1" branch="false" />
                <line number="172" hits="1" branch="false" />
                <line number="173" hits="1" branch="false" />
                <line number="174" hits="1" branch="false" />
              </lines>
            </method>
            <method name="UpdateUserTaskStatusReturnsARedirectValidInput" signature="(...)" line-rate="1" branch-rate="1" complexity="1">
              <lines>
                <line number="185" hits="6" branch="false" />
                <line number="187" hits="6" branch="false" />
                <line number="188" hits="6" branch="false" />
                <line number="189" hits="6" branch="false" />
                <line number="190" hits="6" branch="false" />
                <line number="191" hits="6" branch="false" />
                <line number="193" hits="6" branch="false" />
                <line number="195" hits="6" branch="false" />
                <line number="196" hits="6" branch="false" />
                <line number="199" hits="6" branch="false" />
                <line number="200" hits="6" branch="false" />
                <line number="201" hits="6" branch="false" />
                <line number="203" hits="6" branch="false" />
              </lines>
            </method>
            <method name="UpdateUserTaskStatusReturnsARedirectInValidInput" signature="()" line-rate="1" branch-rate="1" complexity="1">
              <lines>
                <line number="207" hits="1" branch="false" />
                <line number="209" hits="1" branch="false" />
                <line number="210" hits="1" branch="false" />
                <line number="211" hits="1" branch="false" />
                <line number="212" hits="1" branch="false" />
                <line number="213" hits="1" branch="false" />
                <line number="214" hits="1" branch="false" />
                <line number="215" hits="1" branch="false" />
                <line number="216" hits="1" branch="false" />
                <line number="217" hits="1" branch="false" />
                <line number="219" hits="1" branch="false" />
                <line number="222" hits="1" branch="false" />
                <line number="223" hits="1" branch="false" />
                <line number="225" hits="1" branch="false" />
              </lines>
            </method>
            <method name="UpdateUserTaskStatusReturnsARedirectInputNull" signature="()" line-rate="1" branch-rate="1" complexity="1">
              <lines>
                <line number="228" hits="1" branch="false" />
                <line number="230" hits="1" branch="false" />
                <line number="231" hits="1" branch="false" />
                <line number="232" hits="1" branch="false" />
                <line number="233" hits="1" branch="false" />
                <line number="234" hits="1" branch="false" />
                <line number="235" hits="1" branch="false" />
                <line number="236" hits="1" branch="false" />
                <line number="237" hits="1" branch="false" />
                <line number="240" hits="1" branch="false" />
                <line number="243" hits="1" branch="false" />
                <line number="244" hits="1" branch="false" />
                <line number="245" hits="1" branch="false" />
              </lines>
            </method>
            <method name="EditUserTaskStatusReturnsARedirectValidInput" signature="(...)" line-rate="1" branch-rate="1" complexity="1">
              <lines>
                <line number="255" hits="6" branch="false" />
                <line number="257" hits="6" branch="false" />
                <line number="258" hits="6" branch="false" />
                <line number="259" hits="6" branch="false" />
                <line number="260" hits="6" branch="false" />
                <line number="261" hits="6" branch="false" />
                <line number="262" hits="6" branch="false" />
                <line number="263" hits="6" branch="false" />
                <line number="265" hits="6" branch="false" />
                <line number="267" hits="6" branch="false" />
                <line number="270" hits="6" branch="false" />
                <line number="271" hits="6" branch="false" />
                <line number="272" hits="6" branch="false" />
                <line number="273" hits="6" branch="false" />
                <line number="274" hits="6" branch="false" />
              </lines>
            </method>
            <method name="EditUserTaskStatusReturnsARedirectInvalidInput" signature="(...)" line-rate="1" branch-rate="1" complexity="1">
              <lines>
                <line number="280" hits="2" branch="false" />
                <line number="282" hits="2" branch="false" />
                <line number="283" hits="2" branch="false" />
                <line number="284" hits="2" branch="false" />
                <line number="285" hits="2" branch="false" />
                <line number="286" hits="2" branch="false" />
                <line number="287" hits="2" branch="false" />
                <line number="288" hits="2" branch="false" />
                <line number="289" hits="2" branch="false" />
                <line number="292" hits="2" branch="false" />
                <line number="295" hits="2" branch="false" />
                <line number="296" hits="2" branch="false" />
                <line number="297" hits="2" branch="false" />
                <line number="298" hits="2" branch="false" />
              </lines>
            </method>
            <method name="EditUserTaskStatusReturnsARedirectInputNullId" signature="()" line-rate="1" branch-rate="1" complexity="1">
              <lines>
                <line number="301" hits="1" branch="false" />
                <line number="303" hits="1" branch="false" />
                <line number="304" hits="1" branch="false" />
                <line number="305" hits="1" branch="false" />
                <line number="306" hits="1" branch="false" />
                <line number="307" hits="1" branch="false" />
                <line number="308" hits="1" branch="false" />
                <line number="309" hits="1" branch="false" />
                <line number="310" hits="1" branch="false" />
                <line number="311" hits="1" branch="false" />
                <line number="314" hits="1" branch="false" />
                <line number="317" hits="1" branch="false" />
                <line number="318" hits="1" branch="false" />
                <line number="319" hits="1" branch="false" />
              </lines>
            </method>
            <method name="EditUserTaskConfirmStatusReturnsARedirectValidInput" signature="(...)" line-rate="1" branch-rate="1" complexity="1">
              <lines>
                <line number="329" hits="6" branch="false" />
                <line number="332" hits="6" branch="false" />
                <line number="333" hits="6" branch="false" />
                <line number="334" hits="6" branch="false" />
                <line number="335" hits="6" branch="false" />
                <line number="336" hits="6" branch="false" />
                <line number="337" hits="6" branch="false" />
                <line number="338" hits="6" branch="false" />
                <line number="339" hits="6" branch="false" />
                <line number="340" hits="6" branch="false" />
                <line number="343" hits="6" branch="false" />
                <line number="346" hits="6" branch="false" />
                <line number="347" hits="6" branch="false" />
                <line number="348" hits="6" branch="false" />
              </lines>
            </method>
            <method name="EditUserTaskConfirmStatusReturnsANotFoundTask" signature="(...)" line-rate="1" branch-rate="1" complexity="1">
              <lines>
                <line number="354" hits="2" branch="false" />
                <line number="356" hits="2" branch="false" />
                <line number="357" hits="2" branch="false" />
                <line number="358" hits="2" branch="false" />
                <line number="359" hits="2" branch="false" />
                <line number="360" hits="2" branch="false" />
                <line number="363" hits="2" branch="false" />
                <line number="364" hits="2" branch="false" />
                <line number="367" hits="2" branch="false" />
                <line number="370" hits="2" branch="false" />
                <line number="371" hits="2" branch="false" />
                <line number="372" hits="2" branch="false" />
              </lines>
            </method>
            <method name="EditUserTaskConfirmStatusReturnsABadRequest" signature="()" line-rate="1" branch-rate="1" complexity="1">
              <lines>
                <line number="376" hits="1" branch="false" />
                <line number="378" hits="1" branch="false" />
                <line number="379" hits="1" branch="false" />
                <line number="380" hits="1" branch="false" />
                <line number="381" hits="1" branch="false" />
                <line number="384" hits="1" branch="false" />
                <line number="385" hits="1" branch="false" />
                <line number="386" hits="1" branch="false" />
                <line number="389" hits="1" branch="false" />
                <line number="392" hits="1" branch="false" />
                <line number="393" hits="1" branch="false" />
                <line number="394" hits="1" branch="false" />
              </lines>
            </method>
            <method name="Privacy_Returns_ViewResultl" signature="()" line-rate="1" branch-rate="1" complexity="1">
              <lines>
                <line number="398" hits="1" branch="false" />
                <line number="403" hits="1" branch="false" />
                <line number="406" hits="1" branch="false" />
                <line number="407" hits="1" branch="false" />
                <line number="408" hits="1" branch="false" />
              </lines>
            </method>
            <method name="TestModelData_For_Index" signature="()" line-rate="1" branch-rate="1" complexity="1">
              <lines>
                <line number="413" hits="4" branch="false" />
                <line number="414" hits="4" branch="false" />
                <line number="415" hits="4" branch="false" />
                <line number="416" hits="4" branch="false" />
                <line number="417" hits="4" branch="false" />
                <line number="418" hits="4" branch="false" />
                <line number="419" hits="4" branch="false" />
                <line number="420" hits="4" branch="false" />
              </lines>
            </method>
            <method name="GetHomeController" signature="()" line-rate="1" branch-rate="1" complexity="1">
              <lines>
                <line number="423" hits="45" branch="false" />
                <line number="424" hits="45" branch="false" />
                <line number="425" hits="45" branch="false" />
                <line number="426" hits="45" branch="false" />
                <line number="427" hits="45" branch="false" />
                <line number="428" hits="45" branch="false" />
                <line number="429" hits="45" branch="false" />
                <line number="430" hits="45" branch="false" />
              </lines>
            </method>
            <method name="GetTestUserTask" signature="()" line-rate="1" branch-rate="1" complexity="1">
              <lines>
                <line number="433" hits="82" branch="false" />
                <line number="434" hits="82" branch="false" />
                <line number="435" hits="82" branch="false" />
                <line number="436" hits="82" branch="false" />
                <line number="437" hits="82" branch="false" />
                <line number="438" hits="82" branch="false" />
                <line number="439" hits="82" branch="false" />
                <line number="440" hits="82" branch="false" />
                <line number="441" hits="82" branch="false" />
                <line number="442" hits="82" branch="false" />
              </lines>
            </method>
            <method name="GetTestItemsSideBar" signature="()" line-rate="1" branch-rate="1" complexity="1">
              <lines>
                <line number="445" hits="61" branch="false" />
                <line number="446" hits="61" branch="false" />
                <line number="447" hits="61" branch="false" />
                <line number="448" hits="61" branch="false" />
                <line number="449" hits="61" branch="false" />
                <line number="450" hits="61" branch="false" />
                <line number="451" hits="61" branch="false" />
                <line number="452" hits="61" branch="false" />
              </lines>
            </method>
            <method name="GetTaskCategories" signature="()" line-rate="1" branch-rate="1" complexity="1">
              <lines>
                <line number="455" hits="45" branch="false" />
                <line number="456" hits="45" branch="false" />
                <line number="457" hits="45" branch="false" />
                <line number="458" hits="45" branch="false" />
                <line number="459" hits="45" branch="false" />
                <line number="460" hits="45" branch="false" />
                <line number="461" hits="45" branch="false" />
              </lines>
            </method>
            <method name=".ctor" signature="()" line-rate="1" branch-rate="1" complexity="1">
              <lines>
                <line number="22" hits="40" branch="false" />
                <line number="23" hits="40" branch="false" />
                <line number="24" hits="40" branch="false" />
                <line number="25" hits="40" branch="false" />
              </lines>
            </method>
          </methods>
          <lines>
            <line number="22" hits="40" branch="false" />
            <line number="23" hits="40" branch="false" />
            <line number="24" hits="40" branch="false" />
            <line number="25" hits="40" branch="false" />
            <line number="29" hits="1" branch="false" />
            <line number="30" hits="1" branch="false" />
            <line number="31" hits="1" branch="false" />
            <line number="32" hits="1" branch="false" />
            <line number="33" hits="1" branch="false" />
            <line number="35" hits="1" branch="false" />
            <line number="40" hits="1" branch="false" />
            <line number="42" hits="7" branch="false" />
            <line number="43" hits="1" branch="false" />
            <line number="44" hits="1" branch="false" />
            <line number="45" hits="1" branch="false" />
            <line number="46" hits="1" branch="false" />
            <line number="47" hits="1" branch="false" />
            <line number="48" hits="1" branch="false" />
            <line number="49" hits="1" branch="false" />
            <line number="50" hits="1" branch="false" />
            <line number="55" hits="1" branch="false" />
            <line number="56" hits="1" branch="false" />
            <line number="57" hits="1" branch="false" />
            <line number="58" hits="1" branch="false" />
            <line number="59" hits="1" branch="false" />
            <line number="60" hits="1" branch="false" />
            <line number="61" hits="1" branch="false" />
            <line number="68" hits="3" branch="false" />
            <line number="69" hits="3" branch="false" />
            <line number="70" hits="3" branch="false" />
            <line number="71" hits="3" branch="false" />
            <line number="72" hits="3" branch="false" />
            <line number="73" hits="3" branch="false" />
            <line number="77" hits="1" branch="false" />
            <line number="79" hits="2" branch="false" />
            <line number="80" hits="1" branch="false" />
            <line number="84" hits="1" branch="false" />
            <line number="86" hits="1" branch="false" />
            <line number="87" hits="1" branch="false" />
            <line number="88" hits="1" branch="false" />
            <line number="89" hits="1" branch="false" />
            <line number="90" hits="1" branch="false" />
            <line number="94" hits="1" branch="false" />
            <line number="96" hits="1" branch="false" />
            <line number="97" hits="1" branch="false" />
            <line number="98" hits="1" branch="false" />
            <line number="101" hits="1" branch="false" />
            <line number="102" hits="1" branch="false" />
            <line number="103" hits="2" branch="false" />
            <line number="104" hits="3" branch="false" />
            <line number="105" hits="4" branch="false" />
            <line number="106" hits="5" branch="false" />
            <line number="107" hits="1" branch="false" />
            <line number="108" hits="1" branch="false" />
            <line number="112" hits="1" branch="false" />
            <line number="114" hits="1" branch="false" />
            <line number="115" hits="1" branch="false" />
            <line number="116" hits="1" branch="false" />
            <line number="117" hits="1" branch="false" />
            <line number="119" hits="1" branch="false" />
            <line number="122" hits="1" branch="false" />
            <line number="123" hits="1" branch="false" />
            <line number="124" hits="1" branch="false" />
            <line number="125" hits="1" branch="false" />
            <line number="129" hits="1" branch="false" />
            <line number="131" hits="1" branch="false" />
            <line number="132" hits="1" branch="false" />
            <line number="133" hits="1" branch="false" />
            <line number="134" hits="1" branch="false" />
            <line number="135" hits="1" branch="false" />
            <line number="137" hits="1" branch="false" />
            <line number="140" hits="1" branch="false" />
            <line number="141" hits="1" branch="false" />
            <line number="142" hits="1" branch="false" />
            <line number="146" hits="1" branch="false" />
            <line number="148" hits="1" branch="false" />
            <line number="149" hits="1" branch="false" />
            <line number="150" hits="1" branch="false" />
            <line number="152" hits="1" branch="false" />
            <line number="155" hits="1" branch="false" />
            <line number="156" hits="1" branch="false" />
            <line number="157" hits="1" branch="false" />
            <line number="158" hits="1" branch="false" />
            <line number="162" hits="1" branch="false" />
            <line number="164" hits="1" branch="false" />
            <line number="165" hits="1" branch="false" />
            <line number="166" hits="1" branch="false" />
            <line number="168" hits="1" branch="false" />
            <line number="171" hits="1" branch="false" />
            <line number="172" hits="1" branch="false" />
            <line number="173" hits="1" branch="false" />
            <line number="174" hits="1" branch="false" />
            <line number="185" hits="6" branch="false" />
            <line number="187" hits="6" branch="false" />
            <line number="188" hits="6" branch="false" />
            <line number="189" hits="6" branch="false" />
            <line number="190" hits="6" branch="false" />
            <line number="191" hits="6" branch="false" />
            <line number="193" hits="6" branch="false" />
            <line number="195" hits="6" branch="false" />
            <line number="196" hits="6" branch="false" />
            <line number="199" hits="6" branch="false" />
            <line number="200" hits="6" branch="false" />
            <line number="201" hits="6" branch="false" />
            <line number="203" hits="6" branch="false" />
            <line number="207" hits="1" branch="false" />
            <line number="209" hits="1" branch="false" />
            <line number="210" hits="1" branch="false" />
            <line number="211" hits="1" branch="false" />
            <line number="212" hits="1" branch="false" />
            <line number="213" hits="1" branch="false" />
            <line number="214" hits="1" branch="false" />
            <line number="215" hits="1" branch="false" />
            <line number="216" hits="1" branch="false" />
            <line number="217" hits="1" branch="false" />
            <line number="219" hits="1" branch="false" />
            <line number="222" hits="1" branch="false" />
            <line number="223" hits="1" branch="false" />
            <line number="225" hits="1" branch="false" />
            <line number="228" hits="1" branch="false" />
            <line number="230" hits="1" branch="false" />
            <line number="231" hits="1" branch="false" />
            <line number="232" hits="1" branch="false" />
            <line number="233" hits="1" branch="false" />
            <line number="234" hits="1" branch="false" />
            <line number="235" hits="1" branch="false" />
            <line number="236" hits="1" branch="false" />
            <line number="237" hits="1" branch="false" />
            <line number="240" hits="1" branch="false" />
            <line number="243" hits="1" branch="false" />
            <line number="244" hits="1" branch="false" />
            <line number="245" hits="1" branch="false" />
            <line number="255" hits="6" branch="false" />
            <line number="257" hits="6" branch="false" />
            <line number="258" hits="6" branch="false" />
            <line number="259" hits="6" branch="false" />
            <line number="260" hits="6" branch="false" />
            <line number="261" hits="6" branch="false" />
            <line number="262" hits="6" branch="false" />
            <line number="263" hits="6" branch="false" />
            <line number="265" hits="6" branch="false" />
            <line number="267" hits="6" branch="false" />
            <line number="270" hits="6" branch="false" />
            <line number="271" hits="6" branch="false" />
            <line number="272" hits="6" branch="false" />
            <line number="273" hits="6" branch="false" />
            <line number="274" hits="6" branch="false" />
            <line number="280" hits="2" branch="false" />
            <line number="282" hits="2" branch="false" />
            <line number="283" hits="2" branch="false" />
            <line number="284" hits="2" branch="false" />
            <line number="285" hits="2" branch="false" />
            <line number="286" hits="2" branch="false" />
            <line number="287" hits="2" branch="false" />
            <line number="288" hits="2" branch="false" />
            <line number="289" hits="2" branch="false" />
            <line number="292" hits="2" branch="false" />
            <line number="295" hits="2" branch="false" />
            <line number="296" hits="2" branch="false" />
            <line number="297" hits="2" branch="false" />
            <line number="298" hits="2" branch="false" />
            <line number="301" hits="1" branch="false" />
            <line number="303" hits="1" branch="false" />
            <line number="304" hits="1" branch="false" />
            <line number="305" hits="1" branch="false" />
            <line number="306" hits="1" branch="false" />
            <line number="307" hits="1" branch="false" />
            <line number="308" hits="1" branch="false" />
            <line number="309" hits="1" branch="false" />
            <line number="310" hits="1" branch="false" />
            <line number="311" hits="1" branch="false" />
            <line number="314" hits="1" branch="false" />
            <line number="317" hits="1" branch="false" />
[...]
          </methods>
          <lines>
            <line number="27" hits="0" branch="true" condition-coverage="0% (0/2)" />
            <line number="33" hits="0" branch="true" condition-coverage="0% (0/2)" />
            <line number="48" hits="0" branch="true" condition-coverage="0% (0/2)" />
          </lines>
        </class>
        <class name="AspNetCore.Views_Home_Privacy" filename="D:\csharp\lern\ToDoList\Views\Home\Privacy.cshtml" line-rate="0" branch-rate="1" complexity="1">
          <methods>
            <method name="ExecuteAsync" signature="()" line-rate="0" branch-rate="1" complexity="1">
              <lines>
                <line number="2" hits="0" branch="false" />
                <line number="5" hits="0" branch="false" />
              </lines>
            </method>
          </methods>
          <lines>
            <line number="2" hits="0" branch="false" />
            <line number="5" hits="0" branch="false" />
          </lines>
        </class>
        <class name="AspNetCore.Views_Home_TaskByCategory" filename="D:\csharp\lern\ToDoList\Views\Home\TaskByCategory.cshtml" line-rate="0" branch-rate="0" complexity="49">
          <methods>
            <method name="&lt;ExecuteAsync" signature="()" line-rate="0" branch-rate="0" complexity="36">
              <lines>
                <line number="31" hits="0" branch="true" condition-coverage="0% (0/2)" />
                <line number="33" hits="0" branch="true" condition-coverage="0% (0/2)" />
                <line number="35" hits="0" branch="true" condition-coverage="0% (0/2)" />
                <line number="36" hits="0" branch="true" condition-coverage="0% (0/2)" />
                <line number="44" hits="0" branch="true" condition-coverage="0% (0/2)" />
                <line number="45" hits="0" branch="true" condition-coverage="0% (0/4)" />
                <line number="46" hits="0" branch="true" condition-coverage="0% (0/6)" />
                <line number="47" hits="0" branch="true" condition-coverage="0% (0/2)" />
                <line number="50" hits="0" branch="true" condition-coverage="0% (0/2)" />
                <line number="51" hits="0" branch="true" condition-coverage="0% (0/2)" />
                <line number="52" hits="0" branch="true" condition-coverage="0% (0/2)" />
                <line number="55" hits="0" branch="true" condition-coverage="0% (0/4)" />
                <line number="56" hits="0" branch="true" condition-coverage="0% (0/4)" />
              </lines>
            </method>
            <method name="&lt;ExecuteAsync" signature="()" line-rate="0" branch-rate="1" complexity="1">
              <lines>
                <line number="113" hits="0" branch="false" />
              </lines>
            </method>
            <method name="ExecuteAsync" signature="()" line-rate="0" branch-rate="0" complexity="12">
              <lines>
                <line number="13" hits="0" branch="true" condition-coverage="0% (0/2)" />
                <line number="14" hits="0" branch="true" condition-coverage="0% (0/4)" />
                <line number="31" hits="0" branch="true" condition-coverage="0% (0/2)" />
                <line number="33" hits="0" branch="true" condition-coverage="0% (0/2)" />
                <line number="35" hits="0" branch="true" condition-coverage="0% (0/2)" />
                <line number="36" hits="0" branch="true" condition-coverage="0% (0/2)" />
                <line number="44" hits="0" branch="true" condition-coverage="0% (0/2)" />
                <line number="45" hits="0" branch="true" condition-coverage="0% (0/4)" />
                <line number="46" hits="0" branch="true" condition-coverage="0% (0/6)" />
                <line number="47" hits="0" branch="true" condition-coverage="0% (0/2)" />
                <line number="50" hits="0" branch="true" condition-coverage="0% (0/2)" />
                <line number="51" hits="0" branch="true" condition-coverage="0% (0/2)" />
                <line number="52" hits="0" branch="true" condition-coverage="0% (0/2)" />
                <line number="55" hits="0" branch="true" condition-coverage="0% (0/4)" />
                <line number="56" hits="0" branch="true" condition-coverage="0% (0/4)" />
                <line number="81" hits="0" branch="true" condition-coverage="0% (0/2)" />
                <line number="87" hits="0" branch="true" condition-coverage="0% (0/2)" />
                <line number="105" hits="0" branch="true" condition-coverage="0% (0/2)" />
              </lines>
            </method>
          </methods>
          <lines>
            <line number="13" hits="0" branch="true" condition-coverage="0% (0/2)" />
            <line number="14" hits="0" branch="true" condition-coverage="0% (0/4)" />
            <line number="31" hits="0" branch="true" condition-coverage="0% (0/2)" />
            <line number="33" hits="0" branch="true" condition-coverage="0% (0/2)" />
            <line number="35" hits="0" branch="true" condition-coverage="0% (0/2)" />
            <line number="36" hits="0" branch="true" condition-coverage="0% (0/2)" />
            <line number="44" hits="0" branch="true" condition-coverage="0% (0/2)" />
            <line number="45" hits="0" branch="true" condition-coverage="0% (0/4)" />
            <line number="46" hits="0" branch="true" condition-coverage="0% (0/6)" />
            <line number="47" hits="0" branch="true" condition-coverage="0% (0/2)" />
            <line number="50" hits="0" branch="true" condition-coverage="0% (0/2)" />
            <line number="51" hits="0" branch="true" condition-coverage="0% (0/2)" />
            <line number="52" hits="0" branch="true" condition-coverage="0% (0/2)" />
            <line number="55" hits="0" branch="true" condition-coverage="0% (0/4)" />
            <line number="56" hits="0" branch="true" condition-coverage="0% (0/4)" />
            <line number="81" hits="0" branch="true" condition-coverage="0% (0/2)" />
            <line number="87" hits="0" branch="true" condition-coverage="0% (0/2)" />
            <line number="105" hits="0" branch="true" condition-coverage="0% (0/2)" />
            <line number="113" hits="0" branch="false" />
          </lines>
        </class>
        <class name="AspNetCore.Views_Shared__Layout" filename="D:\csharp\lern\ToDoList\Views\Shared\_Layout.cshtml" line-rate="0" branch-rate="0" complexity="20">
          <methods>
            <method name="&lt;ExecuteAsync" signature="()" line-rate="0" branch-rate="0" complexity="6">
              <lines>
                <line number="7" hits="0" branch="true" condition-coverage="0% (0/6)" />
              </lines>
            </method>
            <method name="&lt;ExecuteAsync" signature="()" line-rate="0" branch-rate="0" complexity="14">
              <lines>
                <line number="39" hits="0" branch="true" condition-coverage="0% (0/6)" />
                <line number="48" hits="0" branch="true" condition-coverage="0% (0/6)" />
                <line number="63" hits="0" branch="true" condition-coverage="0% (0/2)" />
                <line number="64" hits="0" branch="false" />
              </lines>
            </method>
          </methods>
          <lines>
            <line number="7" hits="0" branch="true" condition-coverage="0% (0/6)" />
            <line number="39" hits="0" branch="true" condition-coverage="0% (0/6)" />
            <line number="48" hits="0" branch="true" condition-coverage="0% (0/6)" />
            <line number="63" hits="0" branch="true" condition-coverage="0% (0/2)" />
            <line number="64" hits="0" branch="false" />
          </lines>
        </class>
        <class name="AspNetCore.Views_Shared_Error" filename="D:\csharp\lern\ToDoList\Views\Shared\Error.cshtml" line-rate="0" branch-rate="0" complexity="2">
          <methods>
            <method name="ExecuteAsync" signature="()" line-rate="0" branch-rate="0" complexity="2">
              <lines>
                <line number="3" hits="0" branch="false" />
                <line number="9" hits="0" branch="true" condition-coverage="0% (0/2)" />
                <line number="10" hits="0" branch="false" />
                <line number="12" hits="0" branch="false" />
                <line number="14" hits="0" branch="false" />
              </lines>
            </method>
          </methods>
          <lines>
            <line number="3" hits="0" branch="false" />
            <line number="9" hits="0" branch="true" condition-coverage="0% (0/2)" />
            <line number="10" hits="0" branch="false" />
            <line number="12" hits="0" branch="false" />
            <line number="14" hits="0" branch="false" />
          </lines>
        </class>
        <class name="AspNetCore.Views_Shared_NameOfTable" filename="D:\csharp\lern\ToDoList\Views\Shared\NameOfTable.cshtml" line-rate="0" branch-rate="1" complexity="1">
          <methods>
            <method name="ExecuteAsync" signature="()" line-rate="0" branch-rate="1" complexity="1">
              <lines>
                <line number="10" hits="0" branch="false" />
                <line number="13" hits="0" branch="false" />
              </lines>
            </method>
          </methods>
          <lines>
            <line number="10" hits="0" branch="false" />
            <line number="13" hits="0" branch="false" />
          </lines>
        </class>
        <class name="AspNetCore.Views_Shared_SideBarMenu" filename="D:\csharp\lern\ToDoList\Views\Shared\SideBarMenu.cshtml" line-rate="0" branch-rate="0" complexity="40">
          <methods>
            <method name="&lt;ExecuteAsync" signature="()" line-rate="0" branch-rate="0" complexity="4">
              <lines>
                <line number="20" hits="0" branch="true" condition-coverage="0% (0/4)" />
              </lines>
            </method>
            <method name="&lt;ExecuteAsync" signature="()" line-rate="0" branch-rate="0" complexity="4">
              <lines>
                <line number="27" hits="0" branch="true" condition-coverage="0% (0/4)" />
              </lines>
            </method>
            <method name="ExecuteAsync" signature="()" line-rate="0" branch-rate="0" complexity="32">
              <lines>
                <line number="12" hits="0" branch="true" condition-coverage="0% (0/2)" />
                <line number="14" hits="0" branch="true" condition-coverage="0% (0/4)" />
                <line number="15" hits="0" branch="false" />
                <line number="16" hits="0" branch="true" condition-coverage="0% (0/10)" />
                <line number="17" hits="0" branch="true" condition-coverage="0% (0/2)" />
                <line number="19" hits="0" branch="true" condition-coverage="0% (0/6)" />
                <line number="20" hits="0" branch="true" condition-coverage="0% (0/4)" />
                <line number="22" hits="0" branch="false" />
                <line number="24" hits="0" branch="true" condition-coverage="0% (0/2)" />
                <line number="26" hits="0" branch="true" condition-coverage="0% (0/6)" />
                <line number="27" hits="0" branch="true" condition-coverage="0% (0/4)" />
                <line number="29" hits="0" branch="false" />
                <line number="30" hits="0" branch="false" />
              </lines>
            </method>
          </methods>
          <lines>
            <line number="12" hits="0" branch="true" condition-coverage="0% (0/2)" />
            <line number="14" hits="0" branch="true" condition-coverage="0% (0/4)" />
            <line number="15" hits="0" branch="false" />
            <line number="16" hits="0" branch="true" condition-coverage="0% (0/10)" />
            <line number="17" hits="0" branch="true" condition-coverage="0% (0/2)" />
            <line number="19" hits="0" branch="true" condition-coverage="0% (0/6)" />
            <line number="20" hits="0" branch="true" condition-coverage="0% (0/4)" />
            <line number="22" hits="0" branch="false" />
            <line number="24" hits="0" branch="true" condition-coverage="0% (0/2)" />
            <line number="26" hits="0" branch="true" condition-coverage="0% (0/6)" />
            <line number="27" hits="0" branch="true" condition-coverage="0% (0/4)" />
            <line number="29" hits="0" branch="false" />
            <line number="30" hits="0" branch="false" />
          </lines>
        </class>
        <class name="AspNetCore.Views_Shared_TaskSummary" filename="D:\csharp\lern\ToDoList\Views\Shared\TaskSummary.cshtml" line-rate="0" branch-rate="0" complexity="28">
          <methods>
            <method name="&lt;ExecuteAsync" signature="()" line-rate="0" branch-rate="0" complexity="4">
              <lines>
                <line number="26" hits="0" branch="true" condition-coverage="0% (0/4)" />
              </lines>
            </method>
            <method name="&lt;ExecuteAsync" signature="()" line-rate="0" branch-rate="0" complexity="4">
              <lines>
                <line number="36" hits="0" branch="false" />
                <line number="37" hits="0" branch="true" condition-coverage="0% (0/4)" />
              </lines>
            </method>
            <method name="&lt;ExecuteAsync" signature="()" line-rate="0" branch-rate="0" complexity="4">
              <lines>
                <line number="47" hits="0" branch="false" />
                <line number="48" hits="0" branch="true" condition-coverage="0% (0/4)" />
              </lines>
            </method>
            <method name="ExecuteAsync" signature="()" line-rate="0" branch-rate="0" complexity="16">
              <lines>
                <line number="10" hits="0" branch="true" condition-coverage="0% (0/2)" />
                <line number="11" hits="0" branch="false" />
                <line number="12" hits="0" branch="true" condition-coverage="0% (0/2)" />
                <line number="13" hits="0" branch="false" />
                <line number="16" hits="0" branch="false" />
                <line number="20" hits="0" branch="true" condition-coverage="0% (0/2)" />
                <line number="24" hits="0" branch="true" condition-coverage="0% (0/4)" />
                <line number="26" hits="0" branch="true" condition-coverage="0% (0/4)" />
                <line number="35" hits="0" branch="true" condition-coverage="0% (0/4)" />
                <line number="36" hits="0" branch="false" />
                <line number="37" hits="0" branch="true" condition-coverage="0% (0/4)" />
                <line number="46" hits="0" branch="true" condition-coverage="0% (0/2)" />
                <line number="47" hits="0" branch="false" />
                <line number="48" hits="0" branch="true" condition-coverage="0% (0/4)" />
                <line number="57" hits="0" branch="false" />
                <line number="58" hits="0" branch="false" />
              </lines>
            </method>
          </methods>
          <lines>
            <line number="10" hits="0" branch="true" condition-coverage="0% (0/2)" />
            <line number="11" hits="0" branch="false" />
            <line number="12" hits="0" branch="true" condition-coverage="0% (0/2)" />
            <line number="13" hits="0" branch="false" />
            <line number="16" hits="0" branch="false" />
            <line number="20" hits="0" branch="true" condition-coverage="0% (0/2)" />
            <line number="24" hits="0" branch="true" condition-coverage="0% (0/4)" />
            <line number="26" hits="0" branch="true" condition-coverage="0% (0/4)" />
            <line number="35" hits="0" branch="true" condition-coverage="0% (0/4)" />
            <line number="36" hits="0" branch="false" />
            <line number="37" hits="0" branch="true" condition-coverage="0% (0/4)" />
            <line number="46" hits="0" branch="true" condition-coverage="0% (0/2)" />
            <line number="47" hits="0" branch="false" />
            <line number="48" hits="0" branch="true" condition-coverage="0% (0/4)" />
            <line number="57" hits="0" branch="false" />
            <line number="58" hits="0" branch="false" />
          </lines>
        </class>
        <class name="AspNetCore.Views_Shared_TaskSummaryComplited" filename="D:\csharp\lern\ToDoList\Views\Shared\TaskSummaryComplited.cshtml" line-rate="0" branch-rate="0" complexity="28">
          <methods>
            <method name="&lt;ExecuteAsync" signature="()" line-rate="0" branch-rate="0" complexity="4">
              <lines>
                <line number="26" hits="0" branch="true" condition-coverage="0% (0/4)" />
              </lines>
            </method>
            <method name="&lt;ExecuteAsync" signature="()" line-rate="0" branch-rate="0" complexity="4">
              <lines>
                <line number="36" hits="0" branch="false" />
                <line number="37" hits="0" branch="true" condition-coverage="0% (0/4)" />
              </lines>
            </method>
            <method name="&lt;ExecuteAsync" signature="()" line-rate="0" branch-rate="0" complexity="4">
              <lines>
                <line number="47" hits="0" branch="false" />
                <line number="48" hits="0" branch="true" condition-coverage="0% (0/4)" />
              </lines>
            </method>
            <method name="ExecuteAsync" signature="()" line-rate="0" branch-rate="0" complexity="16">
              <lines>
                <line number="10" hits="0" branch="true" condition-coverage="0% (0/2)" />
                <line number="11" hits="0" branch="false" />
                <line number="12" hits="0" branch="true" condition-coverage="0% (0/2)" />
                <line number="13" hits="0" branch="false" />
                <line number="16" hits="0" branch="false" />
                <line number="20" hits="0" branch="true" condition-coverage="0% (0/2)" />
                <line number="24" hits="0" branch="true" condition-coverage="0% (0/4)" />
                <line number="26" hits="0" branch="true" condition-coverage="0% (0/4)" />
                <line number="35" hits="0" branch="true" condition-coverage="0% (0/4)" />
                <line number="36" hits="0" branch="false" />
                <line number="37" hits="0" branch="true" condition-coverage="0% (0/4)" />
                <line number="46" hits="0" branch="true" condition-coverage="0% (0/2)" />
                <line number="47" hits="0" branch="false" />
                <line number="48" hits="0" branch="true" condition-coverage="0% (0/4)" />
                <line number="57" hits="0" branch="false" />
                <line number="58" hits="0" branch="false" />
              </lines>
            </method>
          </methods>
          <lines>
            <line number="10" hits="0" branch="true" condition-coverage="0% (0/2)" />
            <line number="11" hits="0" branch="false" />
            <line number="12" hits="0" branch="true" condition-coverage="0% (0/2)" />
            <line number="13" hits="0" branch="false" />
            <line number="16" hits="0" branch="false" />
            <line number="20" hits="0" branch="true" condition-coverage="0% (0/2)" />
            <line number="24" hits="0" branch="true" condition-coverage="0% (0/4)" />
            <line number="26" hits="0" branch="true" condition-coverage="0% (0/4)" />
            <line number="35" hits="0" branch="true" condition-coverage="0% (0/4)" />
            <line number="36" hits="0" branch="false" />
            <line number="37" hits="0" branch="true" condition-coverage="0% (0/4)" />
            <line number="46" hits="0" branch="true" condition-coverage="0% (0/2)" />
            <line number="47" hits="0" branch="false" />
            <line number="48" hits="0" branch="true" condition-coverage="0% (0/4)" />
            <line number="57" hits="0" branch="false" />
            <line number="58" hits="0" branch="false" />
          </lines>
        </class>
      </classes>
    </package>
  </packages>
</coverage>