TpTrace Verbose: 0 : 33628, 1, 2022/12/02, 15:03:44.607, 1540283865782, vstest.console.dll, Version: 17.3.0-release-20220708-01 Current process architecture: X64
TpTrace Verbose: 0 : 33628, 1, 2022/12/02, 15:03:44.612, 1540283912999, vstest.console.dll, Runtime location: C:\Program Files\dotnet\shared\Microsoft.NETCore.App\6.0.8
TpTrace Information: 0 : 33628, 1, 2022/12/02, 15:03:44.626, 1540284055979, vstest.console.dll, FilePatternParser: The given file D:\csharp\lern\ToDoList.Test\bin\Debug\netcoreapp3.1\fine-code-coverage\build-output\ToDoList.Tests.dll is a full path.
TpTrace Verbose: 0 : 33628, 1, 2022/12/02, 15:03:44.642, 1540284215040, vstest.console.dll, TestPluginCache.DiscoverTestExtensions: finding test extensions in assemblies ends with: RuntimeProvider.dll TPluginInfo: Microsoft.VisualStudio.TestPlatform.Common.ExtensionFramework.Utilities.TestRuntimePluginInformation TExtension: Microsoft.VisualStudio.TestPlatform.ObjectModel.Host.ITestRuntimeProvider
TpTrace Verbose: 0 : 33628, 1, 2022/12/02, 15:03:44.643, 1540284226340, vstest.console.dll, TestPluginCache.GetExtensionPaths: Filtered extension paths: 
TpTrace Verbose: 0 : 33628, 1, 2022/12/02, 15:03:44.643, 1540284228550, vstest.console.dll, TestPluginCache.GetExtensionPaths: Added default extension paths: C:\Program Files\dotnet\sdk\6.0.400\Extensions\Microsoft.Diagnostics.NETCore.Client.dll
C:\Program Files\dotnet\sdk\6.0.400\Extensions\Microsoft.TestPlatform.Extensions.BlameDataCollector.dll
C:\Program Files\dotnet\sdk\6.0.400\Extensions\Microsoft.TestPlatform.Extensions.EventLogCollector.dll
C:\Program Files\dotnet\sdk\6.0.400\Extensions\Microsoft.TestPlatform.TestHostRuntimeProvider.dll
C:\Program Files\dotnet\sdk\6.0.400\Extensions\Microsoft.VisualStudio.TestPlatform.Extensions.Html.TestLogger.dll
C:\Program Files\dotnet\sdk\6.0.400\Extensions\Microsoft.VisualStudio.TestPlatform.Extensions.Trx.TestLogger.dll
TpTrace Verbose: 0 : 33628, 1, 2022/12/02, 15:03:44.644, 1540284229457, vstest.console.dll, TestPluginCache.GetExtensionPaths: Added unfilterableExtensionPaths: 
TpTrace Information: 0 : 33628, 1, 2022/12/02, 15:03:44.645, 1540284244538, vstest.console.dll, AssemblyResolver.ctor: Creating AssemblyResolver with searchDirectories C:\Program Files\dotnet\sdk\6.0.400\Extensions,C:\Program Files\dotnet\sdk\6.0.400
TpTrace Verbose: 0 : 33628, 1, 2022/12/02, 15:03:44.647, 1540284262063, vstest.console.dll, TestPluginCache.DiscoverTestExtensions: Discovering the extensions using extension path.
TpTrace Verbose: 0 : 33628, 1, 2022/12/02, 15:03:44.647, 1540284265216, vstest.console.dll, TestPluginCache.GetExtensionPaths: Filtered extension paths: 
TpTrace Verbose: 0 : 33628, 1, 2022/12/02, 15:03:44.647, 1540284266100, vstest.console.dll, TestPluginCache.GetExtensionPaths: Added default extension paths: C:\Program Files\dotnet\sdk\6.0.400\Extensions\Microsoft.Diagnostics.NETCore.Client.dll
C:\Program Files\dotnet\sdk\6.0.400\Extensions\Microsoft.TestPlatform.Extensions.BlameDataCollector.dll
C:\Program Files\dotnet\sdk\6.0.400\Extensions\Microsoft.TestPlatform.Extensions.EventLogCollector.dll
C:\Program Files\dotnet\sdk\6.0.400\Extensions\Microsoft.TestPlatform.TestHostRuntimeProvider.dll
C:\Program Files\dotnet\sdk\6.0.400\Extensions\Microsoft.VisualStudio.TestPlatform.Extensions.Html.TestLogger.dll
C:\Program Files\dotnet\sdk\6.0.400\Extensions\Microsoft.VisualStudio.TestPlatform.Extensions.Trx.TestLogger.dll
TpTrace Verbose: 0 : 33628, 1, 2022/12/02, 15:03:44.647, 1540284266843, vstest.console.dll, TestPluginCache.GetExtensionPaths: Added unfilterableExtensionPaths: 
TpTrace Verbose: 0 : 33628, 1, 2022/12/02, 15:03:44.647, 1540284268189, vstest.console.dll, TestPluginCache.DiscoverTestExtensions: Discovering the extensions using allExtensionPaths: C:\Program Files\dotnet\sdk\6.0.400\Extensions\Microsoft.Diagnostics.NETCore.Client.dll
C:\Program Files\dotnet\sdk\6.0.400\Extensions\Microsoft.TestPlatform.Extensions.BlameDataCollector.dll
C:\Program Files\dotnet\sdk\6.0.400\Extensions\Microsoft.TestPlatform.Extensions.EventLogCollector.dll
C:\Program Files\dotnet\sdk\6.0.400\Extensions\Microsoft.TestPlatform.TestHostRuntimeProvider.dll
C:\Program Files\dotnet\sdk\6.0.400\Extensions\Microsoft.VisualStudio.TestPlatform.Extensions.Html.TestLogger.dll
C:\Program Files\dotnet\sdk\6.0.400\Extensions\Microsoft.VisualStudio.TestPlatform.Extensions.Trx.TestLogger.dll
TpTrace Information: 0 : 33628, 1, 2022/12/02, 15:03:44.648, 1540284272441, vstest.console.dll, AssemblyResolver.AddSearchDirectories: Adding more searchDirectories C:\Program Files\dotnet\sdk\6.0.400\Extensions,C:\Program Files\dotnet\sdk\6.0.400
TpTrace Information: 0 : 33628, 1, 2022/12/02, 15:03:44.648, 1540284273719, vstest.console.dll, AssemblyResolver.AddSearchDirectories: Adding more searchDirectories C:\Program Files\dotnet\sdk\6.0.400\Extensions,C:\Program Files\dotnet\sdk\6.0.400
TpTrace Information: 0 : 33628, 1, 2022/12/02, 15:03:44.648, 1540284274443, vstest.console.dll, AssemblyResolver.AddSearchDirectories: Adding more searchDirectories C:\Program Files\dotnet\sdk\6.0.400\Extensions,C:\Program Files\dotnet\sdk\6.0.400
TpTrace Information: 0 : 33628, 1, 2022/12/02, 15:03:44.648, 1540284275269, vstest.console.dll, AssemblyResolver.AddSearchDirectories: Adding more searchDirectories C:\Program Files\dotnet\sdk\6.0.400\Extensions,C:\Program Files\dotnet\sdk\6.0.400
TpTrace Information: 0 : 33628, 1, 2022/12/02, 15:03:44.648, 1540284275897, vstest.console.dll, AssemblyResolver.AddSearchDirectories: Adding more searchDirectories C:\Program Files\dotnet\sdk\6.0.400\Extensions,C:\Program Files\dotnet\sdk\6.0.400
TpTrace Information: 0 : 33628, 1, 2022/12/02, 15:03:44.648, 1540284276505, vstest.console.dll, AssemblyResolver.AddSearchDirectories: Adding more searchDirectories C:\Program Files\dotnet\sdk\6.0.400\Extensions,C:\Program Files\dotnet\sdk\6.0.400
TpTrace Information: 0 : 33628, 1, 2022/12/02, 15:03:44.649, 1540284284292, vstest.console.dll, AssemblyResolver.OnResolve: Microsoft.Diagnostics.NETCore.Client: Resolving assembly.
TpTrace Information: 0 : 33628, 1, 2022/12/02, 15:03:44.649, 1540284285792, vstest.console.dll, AssemblyResolver.OnResolve: Microsoft.Diagnostics.NETCore.Client: Searching in: 'C:\Program Files\dotnet\sdk\6.0.400\Extensions'.
TpTrace Information: 0 : 33628, 1, 2022/12/02, 15:03:44.651, 1540284300855, vstest.console.dll, AssemblyResolver.OnResolve: Microsoft.Diagnostics.NETCore.Client: Loading assembly 'C:\Program Files\dotnet\sdk\6.0.400\Extensions\Microsoft.Diagnostics.NETCore.Client.dll'.
TpTrace Information: 0 : 33628, 1, 2022/12/02, 15:03:44.652, 1540284318508, vstest.console.dll, AssemblyResolver.OnResolve: Resolved assembly: Microsoft.Diagnostics.NETCore.Client, from path: C:\Program Files\dotnet\sdk\6.0.400\Extensions\Microsoft.Diagnostics.NETCore.Client.dll
TpTrace Verbose: 0 : 33628, 1, 2022/12/02, 15:03:44.671, 1540284502305, vstest.console.dll, MetadataReaderExtensionsHelper: Discovering extensions inside assembly 'Microsoft.Diagnostics.NETCore.Client, Version=0.2.5.801, Culture=neutral, PublicKeyToken=31bf3856ad364e35' file path 'C:\Program Files\dotnet\sdk\6.0.400\Extensions\Microsoft.Diagnostics.NETCore.Client.dll'
TpTrace Information: 0 : 33628, 1, 2022/12/02, 15:03:44.704, 1540284833280, vstest.console.dll, AssemblyResolver.OnResolve: Microsoft.Bcl.AsyncInterfaces: Resolving assembly.
TpTrace Information: 0 : 33628, 1, 2022/12/02, 15:03:44.704, 1540284835994, vstest.console.dll, AssemblyResolver.OnResolve: Microsoft.Bcl.AsyncInterfaces: Searching in: 'C:\Program Files\dotnet\sdk\6.0.400\Extensions'.
TpTrace Information: 0 : 33628, 1, 2022/12/02, 15:03:44.704, 1540284838044, vstest.console.dll, AssemblyResolver.OnResolve: Microsoft.Bcl.AsyncInterfaces: Assembly path does not exist: 'C:\Program Files\dotnet\sdk\6.0.400\Extensions\Microsoft.Bcl.AsyncInterfaces.dll', returning.
TpTrace Information: 0 : 33628, 1, 2022/12/02, 15:03:44.705, 1540284839868, vstest.console.dll, AssemblyResolver.OnResolve: Microsoft.Bcl.AsyncInterfaces: Assembly path does not exist: 'C:\Program Files\dotnet\sdk\6.0.400\Extensions\Microsoft.Bcl.AsyncInterfaces.exe', returning.
TpTrace Information: 0 : 33628, 1, 2022/12/02, 15:03:44.705, 1540284844263, vstest.console.dll, AssemblyResolver.OnResolve: Microsoft.Bcl.AsyncInterfaces: Searching in: 'C:\Program Files\dotnet\sdk\6.0.400'.
TpTrace Information: 0 : 33628, 1, 2022/12/02, 15:03:44.705, 1540284846958, vstest.console.dll, AssemblyResolver.OnResolve: Microsoft.Bcl.AsyncInterfaces: Assembly path does not exist: 'C:\Program Files\dotnet\sdk\6.0.400\Microsoft.Bcl.AsyncInterfaces.dll', returning.
TpTrace Information: 0 : 33628, 1, 2022/12/02, 15:03:44.705, 1540284848741, vstest.console.dll, AssemblyResolver.OnResolve: Microsoft.Bcl.AsyncInterfaces: Assembly path does not exist: 'C:\Program Files\dotnet\sdk\6.0.400\Microsoft.Bcl.AsyncInterfaces.exe', returning.
TpTrace Information: 0 : 33628, 1, 2022/12/02, 15:03:44.706, 1540284849519, vstest.console.dll, AssemblyResolver.OnResolve: Microsoft.Bcl.AsyncInterfaces: Failed to load assembly.
TpTrace Verbose: 0 : 33628, 1, 2022/12/02, 15:03:44.706, 1540284850905, vstest.console.dll, CurrentDomainAssemblyResolve: Resolving assembly 'Microsoft.Bcl.AsyncInterfaces'.
TpTrace Information: 0 : 33628, 1, 2022/12/02, 15:03:44.706, 1540284852695, vstest.console.dll, AssemblyResolver.OnResolve: Microsoft.Bcl.AsyncInterfaces: Resolving assembly.
TpTrace Information: 0 : 33628, 1, 2022/12/02, 15:03:44.706, 1540284853712, vstest.console.dll, AssemblyResolver.OnResolve: Microsoft.Bcl.AsyncInterfaces: Resolved from cache.
TpTrace Verbose: 0 : 33628, 1, 2022/12/02, 15:03:44.706, 1540284854625, vstest.console.dll, CurrentDomainAssemblyResolve: Resolving assembly 'Microsoft.Bcl.AsyncInterfaces'.
TpTrace Verbose: 0 : 33628, 1, 2022/12/02, 15:03:44.706, 1540284855567, vstest.console.dll, CurrentDomainAssemblyResolve: Failed to resolve assembly 'Microsoft.Bcl.AsyncInterfaces'.
TpTrace Verbose: 0 : 33628, 1, 2022/12/02, 15:03:44.707, 1540284868755, vstest.console.dll, CurrentDomainAssemblyResolve: Failed to resolve assembly 'Microsoft.Bcl.AsyncInterfaces'.
TpTrace Warning: 0 : 33628, 1, 2022/12/02, 15:03:44.737, 1540285168189, vstest.console.dll, TestPluginDiscoverer: Failed to get types from assembly 'Microsoft.Diagnostics.NETCore.Client, Version=0.2.5.801, Culture=neutral, PublicKeyToken=31bf3856ad364e35'. Error: System.Reflection.ReflectionTypeLoadException: Unable to load one or more of the requested types.
Could not load file or assembly 'Microsoft.Bcl.AsyncInterfaces, Version=1.0.0.0, Culture=neutral, PublicKeyToken=cc7b13ffcd2ddd51'. The system cannot find the file specified.
   at System.Reflection.RuntimeModule.GetTypes(RuntimeModule module)
   at System.Reflection.Assembly.GetTypes()
   at Microsoft.VisualStudio.TestPlatform.Common.ExtensionFramework.TestPluginDiscoverer.GetTestExtensionsFromAssembly[TPluginInfo,TExtension](Assembly assembly, Dictionary`2 pluginInfos, String filePath)
System.IO.FileNotFoundException: Could not load file or assembly 'Microsoft.Bcl.AsyncInterfaces, Version=1.0.0.0, Culture=neutral, PublicKeyToken=cc7b13ffcd2ddd51'. The system cannot find the file specified.
File name: 'Microsoft.Bcl.AsyncInterfaces, Version=1.0.0.0, Culture=neutral, PublicKeyToken=cc7b13ffcd2ddd51'
 ---> System.IO.FileNotFoundException: Could not load file or assembly 'Microsoft.Bcl.AsyncInterfaces, Culture=neutral, PublicKeyToken=null'. The system cannot find the file specified.
File name: 'Microsoft.Bcl.AsyncInterfaces, Culture=neutral, PublicKeyToken=null'
   at System.Reflection.RuntimeAssembly.InternalLoad(ObjectHandleOnStack assemblyName, ObjectHandleOnStack requestingAssembly, StackCrawlMarkHandle stackMark, Boolean throwOnFileNotFound, ObjectHandleOnStack assemblyLoadContext, ObjectHandleOnStack retAssembly)
   at System.Reflection.RuntimeAssembly.InternalLoad(AssemblyName assemblyName, RuntimeAssembly requestingAssembly, StackCrawlMark& stackMark, Boolean throwOnFileNotFound, AssemblyLoadContext assemblyLoadContext)
   at System.Reflection.Assembly.Load(AssemblyName assemblyRef)
   at Microsoft.VisualStudio.TestPlatform.Common.ExtensionFramework.TestPluginCache.CurrentDomainAssemblyResolve(Object sender, AssemblyResolveEventArgs args)
   at Microsoft.VisualStudio.TestPlatform.PlatformAbstractions.PlatformAssemblyResolver.AssemblyResolverEvent(Object sender, Object eventArgs)
   at System.Runtime.Loader.AssemblyLoadContext.GetFirstResolvedAssemblyFromResolvingEvent(AssemblyName assemblyName)
   at System.Runtime.Loader.AssemblyLoadContext.ResolveUsingEvent(AssemblyName assemblyName)
   at System.Runtime.Loader.AssemblyLoadContext.ResolveUsingResolvingEvent(IntPtr gchManagedAssemblyLoadContext, AssemblyName assemblyName)
TpTrace Warning: 0 : 33628, 1, 2022/12/02, 15:03:44.739, 1540285182754, vstest.console.dll, LoaderExceptions: System.IO.FileNotFoundException: Could not load file or assembly 'Microsoft.Bcl.AsyncInterfaces, Version=1.0.0.0, Culture=neutral, PublicKeyToken=cc7b13ffcd2ddd51'. The system cannot find the file specified.
File name: 'Microsoft.Bcl.AsyncInterfaces, Version=1.0.0.0, Culture=neutral, PublicKeyToken=cc7b13ffcd2ddd51'
 ---> System.IO.FileNotFoundException: Could not load file or assembly 'Microsoft.Bcl.AsyncInterfaces, Culture=neutral, PublicKeyToken=null'. The system cannot find the file specified.
File name: 'Microsoft.Bcl.AsyncInterfaces, Culture=neutral, PublicKeyToken=null'
   at System.Reflection.RuntimeAssembly.InternalLoad(ObjectHandleOnStack assemblyName, ObjectHandleOnStack requestingAssembly, StackCrawlMarkHandle stackMark, Boolean throwOnFileNotFound, ObjectHandleOnStack assemblyLoadContext, ObjectHandleOnStack retAssembly)
   at System.Reflection.RuntimeAssembly.InternalLoad(AssemblyName assemblyName, RuntimeAssembly requestingAssembly, StackCrawlMark& stackMark, Boolean throwOnFileNotFound, AssemblyLoadContext assemblyLoadContext)
   at System.Reflection.Assembly.Load(AssemblyName assemblyRef)
   at Microsoft.VisualStudio.TestPlatform.Common.ExtensionFramework.TestPluginCache.CurrentDomainAssemblyResolve(Object sender, AssemblyResolveEventArgs args)
   at Microsoft.VisualStudio.TestPlatform.PlatformAbstractions.PlatformAssemblyResolver.AssemblyResolverEvent(Object sender, Object eventArgs)
   at System.Runtime.Loader.AssemblyLoadContext.GetFirstResolvedAssemblyFromResolvingEvent(AssemblyName assemblyName)
   at System.Runtime.Loader.AssemblyLoadContext.ResolveUsingEvent(AssemblyName assemblyName)
   at System.Runtime.Loader.AssemblyLoadContext.ResolveUsingResolvingEvent(IntPtr gchManagedAssemblyLoadContext, AssemblyName assemblyName)
TpTrace Information: 0 : 33628, 1, 2022/12/02, 15:03:44.740, 1540285189181, vstest.console.dll, AssemblyResolver.OnResolve: Microsoft.TestPlatform.Extensions.BlameDataCollector: Resolving assembly.
TpTrace Information: 0 : 33628, 1, 2022/12/02, 15:03:44.740, 1540285191018, vstest.console.dll, AssemblyResolver.OnResolve: Microsoft.TestPlatform.Extensions.BlameDataCollector: Searching in: 'C:\Program Files\dotnet\sdk\6.0.400\Extensions'.
TpTrace Information: 0 : 33628, 1, 2022/12/02, 15:03:44.741, 1540285205527, vstest.console.dll, AssemblyResolver.OnResolve: Microsoft.TestPlatform.Extensions.BlameDataCollector: Loading assembly 'C:\Program Files\dotnet\sdk\6.0.400\Extensions\Microsoft.TestPlatform.Extensions.BlameDataCollector.dll'.
TpTrace Information: 0 : 33628, 1, 2022/12/02, 15:03:44.743, 1540285222339, vstest.console.dll, AssemblyResolver.OnResolve: Resolved assembly: Microsoft.TestPlatform.Extensions.BlameDataCollector, from path: C:\Program Files\dotnet\sdk\6.0.400\Extensions\Microsoft.TestPlatform.Extensions.BlameDataCollector.dll
TpTrace Verbose: 0 : 33628, 1, 2022/12/02, 15:03:44.743, 1540285224854, vstest.console.dll, MetadataReaderExtensionsHelper: Discovering extensions inside assembly 'Microsoft.TestPlatform.Extensions.BlameDataCollector, Version=15.0.0.0, Culture=neutral, PublicKeyToken=b03f5f7f11d50a3a' file path 'C:\Program Files\dotnet\sdk\6.0.400\Extensions\Microsoft.TestPlatform.Extensions.BlameDataCollector.dll'
TpTrace Information: 0 : 33628, 1, 2022/12/02, 15:03:44.748, 1540285269766, vstest.console.dll, AssemblyResolver.OnResolve: Microsoft.TestPlatform.Extensions.EventLogCollector: Resolving assembly.
TpTrace Information: 0 : 33628, 1, 2022/12/02, 15:03:44.748, 1540285271875, vstest.console.dll, AssemblyResolver.OnResolve: Microsoft.TestPlatform.Extensions.EventLogCollector: Searching in: 'C:\Program Files\dotnet\sdk\6.0.400\Extensions'.
TpTrace Information: 0 : 33628, 1, 2022/12/02, 15:03:44.749, 1540285283960, vstest.console.dll, AssemblyResolver.OnResolve: Microsoft.TestPlatform.Extensions.EventLogCollector: Loading assembly 'C:\Program Files\dotnet\sdk\6.0.400\Extensions\Microsoft.TestPlatform.Extensions.EventLogCollector.dll'.
TpTrace Information: 0 : 33628, 1, 2022/12/02, 15:03:44.750, 1540285297398, vstest.console.dll, AssemblyResolver.OnResolve: Resolved assembly: Microsoft.TestPlatform.Extensions.EventLogCollector, from path: C:\Program Files\dotnet\sdk\6.0.400\Extensions\Microsoft.TestPlatform.Extensions.EventLogCollector.dll
TpTrace Verbose: 0 : 33628, 1, 2022/12/02, 15:03:44.751, 1540285299658, vstest.console.dll, MetadataReaderExtensionsHelper: Discovering extensions inside assembly 'Microsoft.TestPlatform.Extensions.EventLogCollector, Version=15.0.0.0, Culture=neutral, PublicKeyToken=b03f5f7f11d50a3a' file path 'C:\Program Files\dotnet\sdk\6.0.400\Extensions\Microsoft.TestPlatform.Extensions.EventLogCollector.dll'
TpTrace Information: 0 : 33628, 1, 2022/12/02, 15:03:44.757, 1540285366678, vstest.console.dll, AssemblyResolver.OnResolve: Microsoft.TestPlatform.TestHostRuntimeProvider: Resolving assembly.
TpTrace Information: 0 : 33628, 1, 2022/12/02, 15:03:44.757, 1540285368633, vstest.console.dll, AssemblyResolver.OnResolve: Microsoft.TestPlatform.TestHostRuntimeProvider: Searching in: 'C:\Program Files\dotnet\sdk\6.0.400\Extensions'.
TpTrace Information: 0 : 33628, 1, 2022/12/02, 15:03:44.759, 1540285379621, vstest.console.dll, AssemblyResolver.OnResolve: Microsoft.TestPlatform.TestHostRuntimeProvider: Loading assembly 'C:\Program Files\dotnet\sdk\6.0.400\Extensions\Microsoft.TestPlatform.TestHostRuntimeProvider.dll'.
TpTrace Information: 0 : 33628, 1, 2022/12/02, 15:03:44.760, 1540285393578, vstest.console.dll, AssemblyResolver.OnResolve: Resolved assembly: Microsoft.TestPlatform.TestHostRuntimeProvider, from path: C:\Program Files\dotnet\sdk\6.0.400\Extensions\Microsoft.TestPlatform.TestHostRuntimeProvider.dll
TpTrace Verbose: 0 : 33628, 1, 2022/12/02, 15:03:44.760, 1540285395805, vstest.console.dll, MetadataReaderExtensionsHelper: Discovering extensions inside assembly 'Microsoft.TestPlatform.TestHostRuntimeProvider, Version=15.0.0.0, Culture=neutral, PublicKeyToken=b03f5f7f11d50a3a' file path 'C:\Program Files\dotnet\sdk\6.0.400\Extensions\Microsoft.TestPlatform.TestHostRuntimeProvider.dll'
TpTrace Information: 0 : 33628, 1, 2022/12/02, 15:03:44.765, 1540285447997, vstest.console.dll, GetTestExtensionFromType: Register extension with identifier data 'HostProvider://DefaultTestHost' and type 'Microsoft.VisualStudio.TestPlatform.CrossPlatEngine.Hosting.DefaultTestHostManager, Microsoft.TestPlatform.TestHostRuntimeProvider, Version=15.0.0.0, Culture=neutral, PublicKeyToken=b03f5f7f11d50a3a' inside file 'C:\Program Files\dotnet\sdk\6.0.400\Extensions\Microsoft.TestPlatform.TestHostRuntimeProvider.dll'
TpTrace Information: 0 : 33628, 1, 2022/12/02, 15:03:44.766, 1540285450558, vstest.console.dll, GetTestExtensionFromType: Register extension with identifier data 'HostProvider://DotnetTestHost' and type 'Microsoft.VisualStudio.TestPlatform.CrossPlatEngine.Hosting.DotnetTestHostManager, Microsoft.TestPlatform.TestHostRuntimeProvider, Version=15.0.0.0, Culture=neutral, PublicKeyToken=b03f5f7f11d50a3a' inside file 'C:\Program Files\dotnet\sdk\6.0.400\Extensions\Microsoft.TestPlatform.TestHostRuntimeProvider.dll'
TpTrace Information: 0 : 33628, 1, 2022/12/02, 15:03:44.766, 1540285452521, vstest.console.dll, AssemblyResolver.OnResolve: Microsoft.VisualStudio.TestPlatform.Extensions.Html.TestLogger: Resolving assembly.
TpTrace Information: 0 : 33628, 1, 2022/12/02, 15:03:44.766, 1540285453380, vstest.console.dll, AssemblyResolver.OnResolve: Microsoft.VisualStudio.TestPlatform.Extensions.Html.TestLogger: Searching in: 'C:\Program Files\dotnet\sdk\6.0.400\Extensions'.
TpTrace Information: 0 : 33628, 1, 2022/12/02, 15:03:44.767, 1540285464966, vstest.console.dll, AssemblyResolver.OnResolve: Microsoft.VisualStudio.TestPlatform.Extensions.Html.TestLogger: Loading assembly 'C:\Program Files\dotnet\sdk\6.0.400\Extensions\Microsoft.VisualStudio.TestPlatform.Extensions.Html.TestLogger.dll'.
TpTrace Information: 0 : 33628, 1, 2022/12/02, 15:03:44.768, 1540285478368, vstest.console.dll, AssemblyResolver.OnResolve: Resolved assembly: Microsoft.VisualStudio.TestPlatform.Extensions.Html.TestLogger, from path: C:\Program Files\dotnet\sdk\6.0.400\Extensions\Microsoft.VisualStudio.TestPlatform.Extensions.Html.TestLogger.dll
TpTrace Verbose: 0 : 33628, 1, 2022/12/02, 15:03:44.769, 1540285480369, vstest.console.dll, MetadataReaderExtensionsHelper: Discovering extensions inside assembly 'Microsoft.VisualStudio.TestPlatform.Extensions.Html.TestLogger, Version=15.0.0.0, Culture=neutral, PublicKeyToken=b03f5f7f11d50a3a' file path 'C:\Program Files\dotnet\sdk\6.0.400\Extensions\Microsoft.VisualStudio.TestPlatform.Extensions.Html.TestLogger.dll'
TpTrace Information: 0 : 33628, 1, 2022/12/02, 15:03:44.771, 1540285499996, vstest.console.dll, AssemblyResolver.OnResolve: Microsoft.VisualStudio.TestPlatform.Extensions.Trx.TestLogger: Resolving assembly.
TpTrace Information: 0 : 33628, 1, 2022/12/02, 15:03:44.771, 1540285502027, vstest.console.dll, AssemblyResolver.OnResolve: Microsoft.VisualStudio.TestPlatform.Extensions.Trx.TestLogger: Searching in: 'C:\Program Files\dotnet\sdk\6.0.400\Extensions'.
TpTrace Information: 0 : 33628, 1, 2022/12/02, 15:03:44.772, 1540285517428, vstest.console.dll, AssemblyResolver.OnResolve: Microsoft.VisualStudio.TestPlatform.Extensions.Trx.TestLogger: Loading assembly 'C:\Program Files\dotnet\sdk\6.0.400\Extensions\Microsoft.VisualStudio.TestPlatform.Extensions.Trx.TestLogger.dll'.
TpTrace Information: 0 : 33628, 1, 2022/12/02, 15:03:44.774, 1540285535896, vstest.console.dll, AssemblyResolver.OnResolve: Resolved assembly: Microsoft.VisualStudio.TestPlatform.Extensions.Trx.TestLogger, from path: C:\Program Files\dotnet\sdk\6.0.400\Extensions\Microsoft.VisualStudio.TestPlatform.Extensions.Trx.TestLogger.dll
TpTrace Verbose: 0 : 33628, 1, 2022/12/02, 15:03:44.774, 1540285538135, vstest.console.dll, MetadataReaderExtensionsHelper: Discovering extensions inside assembly 'Microsoft.VisualStudio.TestPlatform.Extensions.Trx.TestLogger, Version=15.0.0.0, Culture=neutral, PublicKeyToken=b03f5f7f11d50a3a' file path 'C:\Program Files\dotnet\sdk\6.0.400\Extensions\Microsoft.VisualStudio.TestPlatform.Extensions.Trx.TestLogger.dll'
TpTrace Verbose: 0 : 33628, 1, 2022/12/02, 15:03:44.778, 1540285570841, vstest.console.dll, TestPluginCache: Discovered the extensions using extension path ''.
TpTrace Verbose: 0 : 33628, 1, 2022/12/02, 15:03:44.778, 1540285573206, vstest.console.dll, TestPluginCache: Discoverers are ''.
TpTrace Verbose: 0 : 33628, 1, 2022/12/02, 15:03:44.778, 1540285574193, vstest.console.dll, TestPluginCache: Executors are ''.
TpTrace Verbose: 0 : 33628, 1, 2022/12/02, 15:03:44.778, 1540285574756, vstest.console.dll, TestPluginCache: Executors2 are ''.
TpTrace Verbose: 0 : 33628, 1, 2022/12/02, 15:03:44.778, 1540285575658, vstest.console.dll, TestPluginCache: Setting providers are ''.
TpTrace Verbose: 0 : 33628, 1, 2022/12/02, 15:03:44.778, 1540285576323, vstest.console.dll, TestPluginCache: Loggers are ''.
TpTrace Verbose: 0 : 33628, 1, 2022/12/02, 15:03:44.779, 1540285580524, vstest.console.dll, TestPluginCache: TestHosts are 'HostProvider://DefaultTestHost,HostProvider://DotnetTestHost'.
TpTrace Verbose: 0 : 33628, 1, 2022/12/02, 15:03:44.779, 1540285581545, vstest.console.dll, TestPluginCache: DataCollectors are ''.
TpTrace Information: 0 : 33628, 1, 2022/12/02, 15:03:44.810, 1540285892783, vstest.console.dll, RunTestsArgumentProcessor:Execute: Test run is starting.
TpTrace Verbose: 0 : 33628, 1, 2022/12/02, 15:03:44.810, 1540285894809, vstest.console.dll, RunTestsArgumentProcessor:Execute: Queuing Test run.
TpTrace Information: 0 : 33628, 1, 2022/12/02, 15:03:44.811, 1540285902851, vstest.console.dll, TestRequestManager.RunTests: run tests started.
TpTrace Information: 0 : 33628, 1, 2022/12/02, 15:03:44.814, 1540285931696, vstest.console.dll, AssemblyMetadataProvider.GetFrameworkName: Determined framework:'.NETCoreApp,Version=v3.1' for source: 'D:\csharp\lern\ToDoList.Test\bin\Debug\netcoreapp3.1\fine-code-coverage\build-output\ToDoList.Tests.dll'
TpTrace Information: 0 : 33628, 1, 2022/12/02, 15:03:44.814, 1540285935050, vstest.console.dll, Determined framework for all sources: .NETCoreApp,Version=v3.1
TpTrace Verbose: 0 : 33628, 1, 2022/12/02, 15:03:44.815, 1540285947658, vstest.console.dll, TestRequestManager.UpdateRunSettingsIfRequired: Default architecture: X64 IsDefaultTargetArchitecture: True, Current process architecture: X64 OperatingSystem: Windows.
TpTrace Information: 0 : 33628, 1, 2022/12/02, 15:03:44.822, 1540286013905, vstest.console.dll, AssemblyMetadataProvider.GetArchitecture: Determined architecture:AnyCPU info for assembly: D:\csharp\lern\ToDoList.Test\bin\Debug\netcoreapp3.1\fine-code-coverage\build-output\ToDoList.Tests.dll
TpTrace Information: 0 : 33628, 1, 2022/12/02, 15:03:44.822, 1540286015731, vstest.console.dll, Determined platform for source 'D:\csharp\lern\ToDoList.Test\bin\Debug\netcoreapp3.1\fine-code-coverage\build-output\ToDoList.Tests.dll' was AnyCPU and it will use the default plaform X64.
TpTrace Information: 0 : 33628, 1, 2022/12/02, 15:03:44.822, 1540286016417, vstest.console.dll, None of the sources provided any runnable platform, using the default platform: X64
TpTrace Information: 0 : 33628, 1, 2022/12/02, 15:03:44.822, 1540286018529, vstest.console.dll, Platform was updated to 'X64'.
TpTrace Information: 0 : 33628, 1, 2022/12/02, 15:03:44.840, 1540286190349, vstest.console.dll, InferRunSettingsHelper.IsTestSettingsEnabled: Unable to navigate to RunSettings/MSTest. Current node: RunSettings
TpTrace Information: 0 : 33628, 1, 2022/12/02, 15:03:44.842, 1540286211051, vstest.console.dll, AssemblyResolver.OnResolve: Microsoft.VisualStudio.TestPlatform.Fakes: Resolving assembly.
TpTrace Information: 0 : 33628, 1, 2022/12/02, 15:03:44.842, 1540286213176, vstest.console.dll, AssemblyResolver.OnResolve: Microsoft.VisualStudio.TestPlatform.Fakes: Searching in: 'C:\Program Files\dotnet\sdk\6.0.400\Extensions'.
TpTrace Information: 0 : 33628, 1, 2022/12/02, 15:03:44.842, 1540286215393, vstest.console.dll, AssemblyResolver.OnResolve: Microsoft.VisualStudio.TestPlatform.Fakes: Assembly path does not exist: 'C:\Program Files\dotnet\sdk\6.0.400\Extensions\Microsoft.VisualStudio.TestPlatform.Fakes.dll', returning.
TpTrace Information: 0 : 33628, 1, 2022/12/02, 15:03:44.842, 1540286216725, vstest.console.dll, AssemblyResolver.OnResolve: Microsoft.VisualStudio.TestPlatform.Fakes: Assembly path does not exist: 'C:\Program Files\dotnet\sdk\6.0.400\Extensions\Microsoft.VisualStudio.TestPlatform.Fakes.exe', returning.
TpTrace Information: 0 : 33628, 1, 2022/12/02, 15:03:44.842, 1540286217683, vstest.console.dll, AssemblyResolver.OnResolve: Microsoft.VisualStudio.TestPlatform.Fakes: Searching in: 'C:\Program Files\dotnet\sdk\6.0.400'.
TpTrace Information: 0 : 33628, 1, 2022/12/02, 15:03:44.843, 1540286219063, vstest.console.dll, AssemblyResolver.OnResolve: Microsoft.VisualStudio.TestPlatform.Fakes: Assembly path does not exist: 'C:\Program Files\dotnet\sdk\6.0.400\Microsoft.VisualStudio.TestPlatform.Fakes.dll', returning.
TpTrace Information: 0 : 33628, 1, 2022/12/02, 15:03:44.843, 1540286220697, vstest.console.dll, AssemblyResolver.OnResolve: Microsoft.VisualStudio.TestPlatform.Fakes: Assembly path does not exist: 'C:\Program Files\dotnet\sdk\6.0.400\Microsoft.VisualStudio.TestPlatform.Fakes.exe', returning.
TpTrace Information: 0 : 33628, 1, 2022/12/02, 15:03:44.843, 1540286221525, vstest.console.dll, AssemblyResolver.OnResolve: Microsoft.VisualStudio.TestPlatform.Fakes: Failed to load assembly.
TpTrace Information: 0 : 33628, 1, 2022/12/02, 15:03:44.843, 1540286228242, vstest.console.dll, Failed to load assembly Microsoft.VisualStudio.TestPlatform.Fakes, Version=17.0.0.0, Culture=neutral. Reason:System.IO.FileNotFoundException: Could not load file or assembly 'Microsoft.VisualStudio.TestPlatform.Fakes, Version=17.0.0.0, Culture=neutral, PublicKeyToken=null'. The system cannot find the file specified.
File name: 'Microsoft.VisualStudio.TestPlatform.Fakes, Version=17.0.0.0, Culture=neutral, PublicKeyToken=null'
   at System.Reflection.RuntimeAssembly.InternalLoad(ObjectHandleOnStack assemblyName, ObjectHandleOnStack requestingAssembly, StackCrawlMarkHandle stackMark, Boolean throwOnFileNotFound, ObjectHandleOnStack assemblyLoadContext, ObjectHandleOnStack retAssembly)
   at System.Reflection.RuntimeAssembly.InternalLoad(AssemblyName assemblyName, RuntimeAssembly requestingAssembly, StackCrawlMark& stackMark, Boolean throwOnFileNotFound, AssemblyLoadContext assemblyLoadContext)
   at System.Reflection.Assembly.Load(AssemblyName assemblyRef)
   at Microsoft.VisualStudio.TestPlatform.Common.Utilities.FakesUtilities.LoadTestPlatformAssembly()
TpTrace Verbose: 0 : 33628, 1, 2022/12/02, 15:03:44.851, 1540286306818, vstest.console.dll, TestPluginCache.DiscoverTestExtensions: finding test extensions in assemblies ends with: TestLogger.dll TPluginInfo: Microsoft.VisualStudio.TestPlatform.Common.ExtensionFramework.Utilities.TestLoggerPluginInformation TExtension: Microsoft.VisualStudio.TestPlatform.ObjectModel.Client.ITestLogger
TpTrace Verbose: 0 : 33628, 1, 2022/12/02, 15:03:44.851, 1540286308995, vstest.console.dll, TestPluginCache.GetExtensionPaths: Filtered extension paths: 
TpTrace Verbose: 0 : 33628, 1, 2022/12/02, 15:03:44.852, 1540286309742, vstest.console.dll, TestPluginCache.GetExtensionPaths: Added default extension paths: C:\Program Files\dotnet\sdk\6.0.400\Extensions\Microsoft.Diagnostics.NETCore.Client.dll
C:\Program Files\dotnet\sdk\6.0.400\Extensions\Microsoft.TestPlatform.Extensions.BlameDataCollector.dll
C:\Program Files\dotnet\sdk\6.0.400\Extensions\Microsoft.TestPlatform.Extensions.EventLogCollector.dll
C:\Program Files\dotnet\sdk\6.0.400\Extensions\Microsoft.TestPlatform.TestHostRuntimeProvider.dll
C:\Program Files\dotnet\sdk\6.0.400\Extensions\Microsoft.VisualStudio.TestPlatform.Extensions.Html.TestLogger.dll
C:\Program Files\dotnet\sdk\6.0.400\Extensions\Microsoft.VisualStudio.TestPlatform.Extensions.Trx.TestLogger.dll
TpTrace Verbose: 0 : 33628, 1, 2022/12/02, 15:03:44.852, 1540286310355, vstest.console.dll, TestPluginCache.GetExtensionPaths: Added unfilterableExtensionPaths: 
TpTrace Information: 0 : 33628, 1, 2022/12/02, 15:03:44.852, 1540286313132, vstest.console.dll, AssemblyResolver.AddSearchDirectories: Adding more searchDirectories C:\Program Files\dotnet\sdk\6.0.400\Extensions,C:\Program Files\dotnet\sdk\6.0.400
TpTrace Verbose: 0 : 33628, 1, 2022/12/02, 15:03:44.852, 1540286314157, vstest.console.dll, TestPluginCache.DiscoverTestExtensions: Discovering the extensions using extension path.
TpTrace Verbose: 0 : 33628, 1, 2022/12/02, 15:03:44.852, 1540286314978, vstest.console.dll, TestPluginCache.GetExtensionPaths: Filtered extension paths: 
TpTrace Verbose: 0 : 33628, 1, 2022/12/02, 15:03:44.852, 1540286315653, vstest.console.dll, TestPluginCache.GetExtensionPaths: Added default extension paths: C:\Program Files\dotnet\sdk\6.0.400\Extensions\Microsoft.Diagnostics.NETCore.Client.dll
C:\Program Files\dotnet\sdk\6.0.400\Extensions\Microsoft.TestPlatform.Extensions.BlameDataCollector.dll
C:\Program Files\dotnet\sdk\6.0.400\Extensions\Microsoft.TestPlatform.Extensions.EventLogCollector.dll
C:\Program Files\dotnet\sdk\6.0.400\Extensions\Microsoft.TestPlatform.TestHostRuntimeProvider.dll
C:\Program Files\dotnet\sdk\6.0.400\Extensions\Microsoft.VisualStudio.TestPlatform.Extensions.Html.TestLogger.dll
C:\Program Files\dotnet\sdk\6.0.400\Extensions\Microsoft.VisualStudio.TestPlatform.Extensions.Trx.TestLogger.dll
TpTrace Verbose: 0 : 33628, 1, 2022/12/02, 15:03:44.852, 1540286316293, vstest.console.dll, TestPluginCache.GetExtensionPaths: Added unfilterableExtensionPaths: 
TpTrace Verbose: 0 : 33628, 1, 2022/12/02, 15:03:44.852, 1540286318217, vstest.console.dll, TestPluginCache.DiscoverTestExtensions: Discovering the extensions using allExtensionPaths: C:\Program Files\dotnet\sdk\6.0.400\Extensions\Microsoft.Diagnostics.NETCore.Client.dll
C:\Program Files\dotnet\sdk\6.0.400\Extensions\Microsoft.TestPlatform.Extensions.BlameDataCollector.dll
C:\Program Files\dotnet\sdk\6.0.400\Extensions\Microsoft.TestPlatform.Extensions.EventLogCollector.dll
C:\Program Files\dotnet\sdk\6.0.400\Extensions\Microsoft.TestPlatform.TestHostRuntimeProvider.dll
C:\Program Files\dotnet\sdk\6.0.400\Extensions\Microsoft.VisualStudio.TestPlatform.Extensions.Html.TestLogger.dll
C:\Program Files\dotnet\sdk\6.0.400\Extensions\Microsoft.VisualStudio.TestPlatform.Extensions.Trx.TestLogger.dll
TpTrace Information: 0 : 33628, 1, 2022/12/02, 15:03:44.853, 1540286319356, vstest.console.dll, AssemblyResolver.AddSearchDirectories: Adding more searchDirectories C:\Program Files\dotnet\sdk\6.0.400\Extensions,C:\Program Files\dotnet\sdk\6.0.400
TpTrace Information: 0 : 33628, 1, 2022/12/02, 15:03:44.853, 1540286320304, vstest.console.dll, AssemblyResolver.AddSearchDirectories: Adding more searchDirectories C:\Program Files\dotnet\sdk\6.0.400\Extensions,C:\Program Files\dotnet\sdk\6.0.400
TpTrace Information: 0 : 33628, 1, 2022/12/02, 15:03:44.853, 1540286320951, vstest.console.dll, AssemblyResolver.AddSearchDirectories: Adding more searchDirectories C:\Program Files\dotnet\sdk\6.0.400\Extensions,C:\Program Files\dotnet\sdk\6.0.400
TpTrace Information: 0 : 33628, 1, 2022/12/02, 15:03:44.853, 1540286321564, vstest.console.dll, AssemblyResolver.AddSearchDirectories: Adding more searchDirectories C:\Program Files\dotnet\sdk\6.0.400\Extensions,C:\Program Files\dotnet\sdk\6.0.400
TpTrace Information: 0 : 33628, 1, 2022/12/02, 15:03:44.853, 1540286322281, vstest.console.dll, AssemblyResolver.AddSearchDirectories: Adding more searchDirectories C:\Program Files\dotnet\sdk\6.0.400\Extensions,C:\Program Files\dotnet\sdk\6.0.400
TpTrace Information: 0 : 33628, 1, 2022/12/02, 15:03:44.853, 1540286322924, vstest.console.dll, AssemblyResolver.AddSearchDirectories: Adding more searchDirectories C:\Program Files\dotnet\sdk\6.0.400\Extensions,C:\Program Files\dotnet\sdk\6.0.400
TpTrace Verbose: 0 : 33628, 1, 2022/12/02, 15:03:44.853, 1540286325805, vstest.console.dll, MetadataReaderExtensionsHelper: Discovering extensions inside assembly 'Microsoft.Diagnostics.NETCore.Client, Version=0.2.5.801, Culture=neutral, PublicKeyToken=31bf3856ad364e35' file path 'C:\Program Files\dotnet\sdk\6.0.400\Extensions\Microsoft.Diagnostics.NETCore.Client.dll'
TpTrace Information: 0 : 33628, 1, 2022/12/02, 15:03:44.855, 1540286344024, vstest.console.dll, AssemblyResolver.OnResolve: Microsoft.Bcl.AsyncInterfaces: Resolving assembly.
TpTrace Information: 0 : 33628, 1, 2022/12/02, 15:03:44.855, 1540286346597, vstest.console.dll, AssemblyResolver.OnResolve: Microsoft.Bcl.AsyncInterfaces: Resolved from cache.
TpTrace Verbose: 0 : 33628, 1, 2022/12/02, 15:03:44.855, 1540286347560, vstest.console.dll, CurrentDomainAssemblyResolve: Resolving assembly 'Microsoft.Bcl.AsyncInterfaces'.
TpTrace Information: 0 : 33628, 1, 2022/12/02, 15:03:44.855, 1540286348798, vstest.console.dll, AssemblyResolver.OnResolve: Microsoft.Bcl.AsyncInterfaces: Resolving assembly.
TpTrace Information: 0 : 33628, 1, 2022/12/02, 15:03:44.856, 1540286349454, vstest.console.dll, AssemblyResolver.OnResolve: Microsoft.Bcl.AsyncInterfaces: Resolved from cache.
TpTrace Verbose: 0 : 33628, 1, 2022/12/02, 15:03:44.856, 1540286350229, vstest.console.dll, CurrentDomainAssemblyResolve: Resolving assembly 'Microsoft.Bcl.AsyncInterfaces'.
TpTrace Verbose: 0 : 33628, 1, 2022/12/02, 15:03:44.856, 1540286350818, vstest.console.dll, CurrentDomainAssemblyResolve: Failed to resolve assembly 'Microsoft.Bcl.AsyncInterfaces'.
TpTrace Verbose: 0 : 33628, 1, 2022/12/02, 15:03:44.856, 1540286354222, vstest.console.dll, CurrentDomainAssemblyResolve: Failed to resolve assembly 'Microsoft.Bcl.AsyncInterfaces'.
TpTrace Warning: 0 : 33628, 1, 2022/12/02, 15:03:44.857, 1540286364312, vstest.console.dll, TestPluginDiscoverer: Failed to get types from assembly 'Microsoft.Diagnostics.NETCore.Client, Version=0.2.5.801, Culture=neutral, PublicKeyToken=31bf3856ad364e35'. Error: System.Reflection.ReflectionTypeLoadException: Unable to load one or more of the requested types.
Could not load file or assembly 'Microsoft.Bcl.AsyncInterfaces, Version=1.0.0.0, Culture=neutral, PublicKeyToken=cc7b13ffcd2ddd51'. The system cannot find the file specified.
   at System.Reflection.RuntimeModule.GetTypes(RuntimeModule module)
   at System.Reflection.Assembly.GetTypes()
   at Microsoft.VisualStudio.TestPlatform.Common.ExtensionFramework.TestPluginDiscoverer.GetTestExtensionsFromAssembly[TPluginInfo,TExtension](Assembly assembly, Dictionary`2 pluginInfos, String filePath)
System.IO.FileNotFoundException: Could not load file or assembly 'Microsoft.Bcl.AsyncInterfaces, Version=1.0.0.0, Culture=neutral, PublicKeyToken=cc7b13ffcd2ddd51'. The system cannot find the file specified.
File name: 'Microsoft.Bcl.AsyncInterfaces, Version=1.0.0.0, Culture=neutral, PublicKeyToken=cc7b13ffcd2ddd51'
 ---> System.IO.FileNotFoundException: Could not load file or assembly 'Microsoft.Bcl.AsyncInterfaces, Culture=neutral, PublicKeyToken=null'. The system cannot find the file specified.
File name: 'Microsoft.Bcl.AsyncInterfaces, Culture=neutral, PublicKeyToken=null'
   at System.Reflection.RuntimeAssembly.InternalLoad(ObjectHandleOnStack assemblyName, ObjectHandleOnStack requestingAssembly, StackCrawlMarkHandle stackMark, Boolean throwOnFileNotFound, ObjectHandleOnStack assemblyLoadContext, ObjectHandleOnStack retAssembly)
   at System.Reflection.RuntimeAssembly.InternalLoad(AssemblyName assemblyName, RuntimeAssembly requestingAssembly, StackCrawlMark& stackMark, Boolean throwOnFileNotFound, AssemblyLoadContext assemblyLoadContext)
   at System.Reflection.Assembly.Load(AssemblyName assemblyRef)
   at Microsoft.VisualStudio.TestPlatform.Common.ExtensionFramework.TestPluginCache.CurrentDomainAssemblyResolve(Object sender, AssemblyResolveEventArgs args)
   at Microsoft.VisualStudio.TestPlatform.PlatformAbstractions.PlatformAssemblyResolver.AssemblyResolverEvent(Object sender, Object eventArgs)
   at System.Runtime.Loader.AssemblyLoadContext.GetFirstResolvedAssemblyFromResolvingEvent(AssemblyName assemblyName)
   at System.Runtime.Loader.AssemblyLoadContext.ResolveUsingEvent(AssemblyName assemblyName)
   at System.Runtime.Loader.AssemblyLoadContext.ResolveUsingResolvingEvent(IntPtr gchManagedAssemblyLoadContext, AssemblyName assemblyName)
TpTrace Warning: 0 : 33628, 1, 2022/12/02, 15:03:44.858, 1540286369448, vstest.console.dll, LoaderExceptions: System.IO.FileNotFoundException: Could not load file or assembly 'Microsoft.Bcl.AsyncInterfaces, Version=1.0.0.0, Culture=neutral, PublicKeyToken=cc7b13ffcd2ddd51'. The system cannot find the file specified.
File name: 'Microsoft.Bcl.AsyncInterfaces, Version=1.0.0.0, Culture=neutral, PublicKeyToken=cc7b13ffcd2ddd51'
 ---> System.IO.FileNotFoundException: Could not load file or assembly 'Microsoft.Bcl.AsyncInterfaces, Culture=neutral, PublicKeyToken=null'. The system cannot find the file specified.
File name: 'Microsoft.Bcl.AsyncInterfaces, Culture=neutral, PublicKeyToken=null'
   at System.Reflection.RuntimeAssembly.InternalLoad(ObjectHandleOnStack assemblyName, ObjectHandleOnStack requestingAssembly, StackCrawlMarkHandle stackMark, Boolean throwOnFileNotFound, ObjectHandleOnStack assemblyLoadContext, ObjectHandleOnStack retAssembly)
   at System.Reflection.RuntimeAssembly.InternalLoad(AssemblyName assemblyName, RuntimeAssembly requestingAssembly, StackCrawlMark& stackMark, Boolean throwOnFileNotFound, AssemblyLoadContext assemblyLoadContext)
   at System.Reflection.Assembly.Load(AssemblyName assemblyRef)
   at Microsoft.VisualStudio.TestPlatform.Common.ExtensionFramework.TestPluginCache.CurrentDomainAssemblyResolve(Object sender, AssemblyResolveEventArgs args)
   at Microsoft.VisualStudio.TestPlatform.PlatformAbstractions.PlatformAssemblyResolver.AssemblyResolverEvent(Object sender, Object eventArgs)
   at System.Runtime.Loader.AssemblyLoadContext.GetFirstResolvedAssemblyFromResolvingEvent(AssemblyName assemblyName)
   at System.Runtime.Loader.AssemblyLoadContext.ResolveUsingEvent(AssemblyName assemblyName)
   at System.Runtime.Loader.AssemblyLoadContext.ResolveUsingResolvingEvent(IntPtr gchManagedAssemblyLoadContext, AssemblyName assemblyName)
TpTrace Verbose: 0 : 33628, 1, 2022/12/02, 15:03:44.858, 1540286371575, vstest.console.dll, MetadataReaderExtensionsHelper: Discovering extensions inside assembly 'Microsoft.TestPlatform.Extensions.BlameDataCollector, Version=15.0.0.0, Culture=neutral, PublicKeyToken=b03f5f7f11d50a3a' file path 'C:\Program Files\dotnet\sdk\6.0.400\Extensions\Microsoft.TestPlatform.Extensions.BlameDataCollector.dll'
TpTrace Information: 0 : 33628, 1, 2022/12/02, 15:03:44.859, 1540286387509, vstest.console.dll, GetTestExtensionFromType: Register extension with identifier data 'logger://Microsoft/TestPlatform/Extensions/Blame/v1' and type 'Microsoft.TestPlatform.Extensions.BlameDataCollector.BlameLogger, Microsoft.TestPlatform.Extensions.BlameDataCollector, Version=15.0.0.0, Culture=neutral, PublicKeyToken=b03f5f7f11d50a3a' inside file 'C:\Program Files\dotnet\sdk\6.0.400\Extensions\Microsoft.TestPlatform.Extensions.BlameDataCollector.dll'
TpTrace Verbose: 0 : 33628, 1, 2022/12/02, 15:03:44.860, 1540286389494, vstest.console.dll, MetadataReaderExtensionsHelper: Discovering extensions inside assembly 'Microsoft.TestPlatform.Extensions.EventLogCollector, Version=15.0.0.0, Culture=neutral, PublicKeyToken=b03f5f7f11d50a3a' file path 'C:\Program Files\dotnet\sdk\6.0.400\Extensions\Microsoft.TestPlatform.Extensions.EventLogCollector.dll'
TpTrace Verbose: 0 : 33628, 1, 2022/12/02, 15:03:44.861, 1540286401245, vstest.console.dll, MetadataReaderExtensionsHelper: Discovering extensions inside assembly 'Microsoft.TestPlatform.TestHostRuntimeProvider, Version=15.0.0.0, Culture=neutral, PublicKeyToken=b03f5f7f11d50a3a' file path 'C:\Program Files\dotnet\sdk\6.0.400\Extensions\Microsoft.TestPlatform.TestHostRuntimeProvider.dll'
TpTrace Verbose: 0 : 33628, 1, 2022/12/02, 15:03:44.862, 1540286413563, vstest.console.dll, MetadataReaderExtensionsHelper: Discovering extensions inside assembly 'Microsoft.VisualStudio.TestPlatform.Extensions.Html.TestLogger, Version=15.0.0.0, Culture=neutral, PublicKeyToken=b03f5f7f11d50a3a' file path 'C:\Program Files\dotnet\sdk\6.0.400\Extensions\Microsoft.VisualStudio.TestPlatform.Extensions.Html.TestLogger.dll'
TpTrace Information: 0 : 33628, 1, 2022/12/02, 15:03:44.863, 1540286425590, vstest.console.dll, GetTestExtensionFromType: Register extension with identifier data 'logger://Microsoft/TestPlatform/HtmlLogger/v1' and type 'Microsoft.VisualStudio.TestPlatform.Extensions.HtmlLogger.HtmlLogger, Microsoft.VisualStudio.TestPlatform.Extensions.Html.TestLogger, Version=15.0.0.0, Culture=neutral, PublicKeyToken=b03f5f7f11d50a3a' inside file 'C:\Program Files\dotnet\sdk\6.0.400\Extensions\Microsoft.VisualStudio.TestPlatform.Extensions.Html.TestLogger.dll'
TpTrace Verbose: 0 : 33628, 1, 2022/12/02, 15:03:44.863, 1540286427333, vstest.console.dll, MetadataReaderExtensionsHelper: Discovering extensions inside assembly 'Microsoft.VisualStudio.TestPlatform.Extensions.Trx.TestLogger, Version=15.0.0.0, Culture=neutral, PublicKeyToken=b03f5f7f11d50a3a' file path 'C:\Program Files\dotnet\sdk\6.0.400\Extensions\Microsoft.VisualStudio.TestPlatform.Extensions.Trx.TestLogger.dll'
TpTrace Information: 0 : 33628, 1, 2022/12/02, 15:03:44.864, 1540286438474, vstest.console.dll, GetTestExtensionFromType: Register extension with identifier data 'logger://Microsoft/TestPlatform/TrxLogger/v1' and type 'Microsoft.VisualStudio.TestPlatform.Extensions.TrxLogger.TrxLogger, Microsoft.VisualStudio.TestPlatform.Extensions.Trx.TestLogger, Version=15.0.0.0, Culture=neutral, PublicKeyToken=b03f5f7f11d50a3a' inside file 'C:\Program Files\dotnet\sdk\6.0.400\Extensions\Microsoft.VisualStudio.TestPlatform.Extensions.Trx.TestLogger.dll'
TpTrace Verbose: 0 : 33628, 1, 2022/12/02, 15:03:44.865, 1540286440258, vstest.console.dll, TestPluginCache: Discovered the extensions using extension path ''.
TpTrace Verbose: 0 : 33628, 1, 2022/12/02, 15:03:44.865, 1540286441009, vstest.console.dll, TestPluginCache: Discoverers are ''.
TpTrace Verbose: 0 : 33628, 1, 2022/12/02, 15:03:44.865, 1540286441542, vstest.console.dll, TestPluginCache: Executors are ''.
TpTrace Verbose: 0 : 33628, 1, 2022/12/02, 15:03:44.865, 1540286442044, vstest.console.dll, TestPluginCache: Executors2 are ''.
TpTrace Verbose: 0 : 33628, 1, 2022/12/02, 15:03:44.865, 1540286442738, vstest.console.dll, TestPluginCache: Setting providers are ''.
TpTrace Verbose: 0 : 33628, 1, 2022/12/02, 15:03:44.865, 1540286444249, vstest.console.dll, TestPluginCache: Loggers are 'logger://Microsoft/TestPlatform/Extensions/Blame/v1,logger://Microsoft/TestPlatform/HtmlLogger/v1,logger://Microsoft/TestPlatform/TrxLogger/v1'.
TpTrace Verbose: 0 : 33628, 1, 2022/12/02, 15:03:44.865, 1540286445305, vstest.console.dll, TestPluginCache: TestHosts are 'HostProvider://DefaultTestHost,HostProvider://DotnetTestHost'.
TpTrace Verbose: 0 : 33628, 1, 2022/12/02, 15:03:44.865, 1540286445918, vstest.console.dll, TestPluginCache: DataCollectors are ''.
TpTrace Information: 0 : 33628, 1, 2022/12/02, 15:03:44.867, 1540286460621, vstest.console.dll, TestPluginManager.CreateTestExtension: Attempting to load test extension: Microsoft.TestPlatform.Extensions.BlameDataCollector.BlameLogger
TpTrace Verbose: 0 : 33628, 1, 2022/12/02, 15:03:44.880, 1540286593094, vstest.console.dll, TestEngine: Initializing Parallel Execution as MaxCpuCount is set to: 1
TpTrace Information: 0 : 33628, 1, 2022/12/02, 15:03:44.887, 1540286661888, vstest.console.dll, TestPluginManager.CreateTestExtension: Attempting to load test extension: Microsoft.VisualStudio.TestPlatform.CrossPlatEngine.Hosting.DefaultTestHostManager
TpTrace Information: 0 : 33628, 1, 2022/12/02, 15:03:44.889, 1540286679090, vstest.console.dll, TestPluginManager.CreateTestExtension: Attempting to load test extension: Microsoft.VisualStudio.TestPlatform.CrossPlatEngine.Hosting.DotnetTestHostManager
TpTrace Information: 0 : 33628, 1, 2022/12/02, 15:03:44.890, 1540286693190, vstest.console.dll, InferRunSettingsHelper.IsTestSettingsEnabled: Unable to navigate to RunSettings/MSTest. Current node: RunSettings
TpTrace Verbose: 0 : 33628, 1, 2022/12/02, 15:03:44.903, 1540286819351, vstest.console.dll, TestEngine.GetExecutionManager: Chosen execution manager 'Microsoft.VisualStudio.TestPlatform.CrossPlatEngine.Client.Parallel.ParallelProxyExecutionManager, Microsoft.TestPlatform.CrossPlatEngine, Version=15.0.0.0, Culture=neutral, PublicKeyToken=b03f5f7f11d50a3a' ParallelLevel '1'.
TpTrace Verbose: 0 : 33628, 1, 2022/12/02, 15:03:44.903, 1540286822617, vstest.console.dll, TestRunRequest.ExecuteAsync: Creating test run request.
TpTrace Verbose: 0 : 33628, 1, 2022/12/02, 15:03:44.903, 1540286827560, vstest.console.dll, TestRunRequest.ExecuteAsync: Starting.
TpTrace Information: 0 : 33628, 1, 2022/12/02, 15:03:44.904, 1540286834593, vstest.console.dll, TestRunRequest.ExecuteAsync: Starting run with settings:TestRunCriteria:
   KeepAlive=False,FrequencyOfRunStatsChangeEvent=10,RunStatsChangeEventTimeout=00:00:01.5000000,TestCaseFilter=,TestExecutorLauncher=
   Settingsxml=<RunSettings>
  <RunConfiguration>
    <ResultsDirectory>D:\csharp\lern\ToDoList.Test\bin\Debug\netcoreapp3.1\fine-code-coverage\coverage-tool-output</ResultsDirectory>
    <TargetPlatform>X64</TargetPlatform>
    <TargetFrameworkVersion>.NETCoreApp,Version=v3.1</TargetFrameworkVersion>
    <DesignMode>False</DesignMode>
    <CollectSourceInformation>False</CollectSourceInformation>
  </RunConfiguration>
  <LoggerRunSettings>
    <Loggers>
      <Logger friendlyName="blame" enabled="True" />
      <Logger friendlyName="Console" uri="logger://microsoft/TestPlatform/ConsoleLogger/v1" assemblyQualifiedName="Microsoft.VisualStudio.TestPlatform.CommandLine.Internal.ConsoleLogger, vstest.console, Version=15.0.0.0, Culture=neutral, PublicKeyToken=b03f5f7f11d50a3a" codeBase="C:\Program Files\dotnet\sdk\6.0.400\vstest.console.dll" enabled="True" />
    </Loggers>
  </LoggerRunSettings>
  <DataCollectionRunSettings>
    <DataCollectors>
      <DataCollector friendlyName="blame" enabled="True">
        <Configuration>
          <ResultsDirectory>D:\csharp\lern\ToDoList.Test\bin\Debug\netcoreapp3.1\fine-code-coverage\coverage-tool-output</ResultsDirectory>
        </Configuration>
      </DataCollector>
    </DataCollectors>
  </DataCollectionRunSettings>
</RunSettings>

TpTrace Verbose: 0 : 33628, 1, 2022/12/02, 15:03:44.904, 1540286835703, vstest.console.dll, TestRunRequest.ExecuteAsync: Wait for the first run request is over.
TpTrace Verbose: 0 : 33628, 1, 2022/12/02, 15:03:44.905, 1540286842205, vstest.console.dll, MulticastDelegateUtilities.SafeInvoke: TestRun.TestRunStart: Invoking callbacks was skipped because there are no subscribers.
TpTrace Verbose: 0 : 33628, 4, 2022/12/02, 15:03:44.905, 1540286848857, vstest.console.dll, MulticastDelegateUtilities.SafeInvoke: InternalTestLoggerEvents.SendTestRunStart: Invoking callback 1/1 for Microsoft.VisualStudio.TestPlatform.CommandLine.Internal.ConsoleLogger.TestRunStartHandler, took 0 ms.
TpTrace Verbose: 0 : 33628, 1, 2022/12/02, 15:03:44.908, 1540286870244, vstest.console.dll, ParallelProxyExecutionManager: Start execution. Total sources: 1
TpTrace Verbose: 0 : 33628, 1, 2022/12/02, 15:03:44.911, 1540286904752, vstest.console.dll, TestRequestSender is acting as server.
TpTrace Verbose: 0 : 33628, 1, 2022/12/02, 15:03:44.914, 1540286931060, vstest.console.dll, DataCollectionRequestSender.InitializeCommunication : Initialize communication. 
TpTrace Information: 0 : 33628, 1, 2022/12/02, 15:03:44.928, 1540287071867, vstest.console.dll, Listening on Endpoint : 127.0.0.1:52616
TpTrace Verbose: 0 : 33628, 1, 2022/12/02, 15:03:44.949, 1540287280291, vstest.console.dll, DotnetDataCollectionLauncher: Adding  --runtimeconfig "C:\Program Files\dotnet\sdk\6.0.400\datacollector.runtimeconfig.json" in args
TpTrace Verbose: 0 : 33628, 1, 2022/12/02, 15:03:44.949, 1540287283064, vstest.console.dll, DotnetDataCollectionLauncher: Adding  --depsfile "C:\Program Files\dotnet\sdk\6.0.400\datacollector.deps.json" in args
TpTrace Verbose: 0 : 33628, 1, 2022/12/02, 15:03:44.949, 1540287286058, vstest.console.dll, DotnetDataCollectionLauncher: Full path of dotnet.exe is C:\Program Files\dotnet\dotnet.exe
TpTrace Information: 0 : 33628, 1, 2022/12/02, 15:03:44.968, 1540287477915, vstest.console.dll, ProxyDataCollectionManager.Initialize: Launched datacollector processId: 25256 port: 52616
TpTrace Information: 0 : 33628, 1, 2022/12/02, 15:03:44.969, 1540287480727, vstest.console.dll, ProxyDataCollectionManager.Initialize: waiting for connection with timeout: 90 seconds
TpTrace Verbose: 0 : 33628, 1, 2022/12/02, 15:03:44.969, 1540287481851, vstest.console.dll, DataCollectionRequestSender.WaitForRequestHandlerConnection : Waiting for connection with timeout: 90000
TpTrace Verbose: 0 : 33628, 1, 2022/12/02, 15:03:45.284, 1540290633404, vstest.console.dll, SocketCommunicationManager.WaitForClientConnection took: 315 ms, with 90000 ms timeout, and finished with True.
TpTrace Information: 0 : 33628, 5, 2022/12/02, 15:03:45.284, 1540290633224, vstest.console.dll, Using the buffer size of 16384 bytes
TpTrace Verbose: 0 : 33628, 1, 2022/12/02, 15:03:45.284, 1540290637546, vstest.console.dll, ProxyDataCollectionManager.InvokeDataCollectionServiceAction: Starting.
TpTrace Information: 0 : 33628, 5, 2022/12/02, 15:03:45.284, 1540290637498, vstest.console.dll, Accepted Client request and set the flag
TpTrace Information: 0 : 33628, 1, 2022/12/02, 15:03:45.285, 1540290646181, vstest.console.dll, ProxyDataCollectionManager.BeforeTestRunStart: Get environment variable and port for datacollector processId: 25256 port: 52616
TpTrace Verbose: 0 : 33628, 1, 2022/12/02, 15:03:45.286, 1540290649662, vstest.console.dll, DataCollectionRequestSender.SendBeforeTestRunStartAndGetResult: Send BeforeTestRunStart message with settingsXml <RunSettings><RunConfiguration><ResultsDirectory>D:\csharp\lern\ToDoList.Test\bin\Debug\netcoreapp3.1\fine-code-coverage\coverage-tool-output</ResultsDirectory><TargetPlatform>X64</TargetPlatform><TargetFrameworkVersion>.NETCoreApp,Version=v3.1</TargetFrameworkVersion><DesignMode>False</DesignMode><CollectSourceInformation>False</CollectSourceInformation><TestAdaptersPaths>C:\Program Files\dotnet\sdk\6.0.400\Extensions</TestAdaptersPaths></RunConfiguration><LoggerRunSettings><Loggers><Logger friendlyName="blame" enabled="True" /><Logger friendlyName="Console" uri="logger://microsoft/TestPlatform/ConsoleLogger/v1" assemblyQualifiedName="Microsoft.VisualStudio.TestPlatform.CommandLine.Internal.ConsoleLogger, vstest.console, Version=15.0.0.0, Culture=neutral, PublicKeyToken=b03f5f7f11d50a3a" codeBase="C:\Program Files\dotnet\sdk\6.0.400\vstest.console.dll" enabled="True" /></Loggers></LoggerRunSettings><DataCollectionRunSettings><DataCollectors><DataCollector friendlyName="blame" enabled="True"><Configuration><ResultsDirectory>D:\csharp\lern\ToDoList.Test\bin\Debug\netcoreapp3.1\fine-code-coverage\coverage-tool-output</ResultsDirectory></Configuration></DataCollector></DataCollectors></DataCollectionRunSettings></RunSettings> and sources System.Collections.Generic.List`1[System.String]: 
TpTrace Verbose: 0 : 33628, 1, 2022/12/02, 15:03:45.484, 1540292630486, vstest.console.dll, DataCollectionRequestSender.SendBeforeTestRunStartAndGetResult: Received message: (DataCollection.SendMessage) -> {"MessageType":"DataCollection.SendMessage","Payload":{"FriendlyName":null,"Uri":null,"TestCaseId":"00000000-0000-0000-0000-000000000000","Message":"Logging DataCollector Diagnostics in file: D:\\csharp\\lern\\ToDoList.Test\\bin\\Debug\\netcoreapp3.1\\fine-code-coverage\\coverage-tool-output\\diagnostics.datacollector.22-12-02_15-03-44_94844_1.log","Level":0}}
TpTrace Verbose: 0 : 33628, 1, 2022/12/02, 15:03:45.683, 1540294623824, vstest.console.dll, DataCollectionRequestSender.SendBeforeTestRunStartAndGetResult: Received message: (DataCollection.BeforeTestRunStartResult) -> {"MessageType":"DataCollection.BeforeTestRunStartResult","Payload":{"EnvironmentVariables":{},"DataCollectionEventsPort":52618}}
TpTrace Information: 0 : 33628, 1, 2022/12/02, 15:03:45.696, 1540294759044, vstest.console.dll, ProxyDataCollectionManager.BeforeTestRunStart: SendBeforeTestRunStartAndGetResult successful, env variable from datacollector:   and testhost port: 52618
TpTrace Information: 0 : 33628, 1, 2022/12/02, 15:03:45.697, 1540294761574, vstest.console.dll, ProxyDataCollectionManager.InvokeDataCollectionServiceAction: Completed.
TpTrace Verbose: 0 : 33628, 7, 2022/12/02, 15:03:45.697, 1540294764510, vstest.console.dll, ParallelProxyExecutionManager: Execution started. Started clients: 1
TpTrace Verbose: 0 : 33628, 1, 2022/12/02, 15:03:45.697, 1540294766043, vstest.console.dll, ProxyParallelExecutionManager: No sources available for execution.
TpTrace Information: 0 : 33628, 1, 2022/12/02, 15:03:45.697, 1540294767863, vstest.console.dll, TestRunRequest.ExecuteAsync: Started.
TpTrace Verbose: 0 : 33628, 1, 2022/12/02, 15:03:45.698, 1540294770029, vstest.console.dll, TestRunRequest.WaitForCompletion: Waiting with timeout -1.
TpTrace Verbose: 0 : 33628, 7, 2022/12/02, 15:03:45.698, 1540294770676, vstest.console.dll, TestRunRequest:SendTestRunMessage: Starting.
TpTrace Verbose: 0 : 33628, 4, 2022/12/02, 15:03:45.698, 1540294774796, vstest.console.dll, MulticastDelegateUtilities.SafeInvoke: InternalTestLoggerEvents.SendTestRunMessage: Invoking callback 1/1 for Microsoft.VisualStudio.TestPlatform.CommandLine.Internal.ConsoleLogger.TestMessageHandler, took 0 ms.
TpTrace Verbose: 0 : 33628, 7, 2022/12/02, 15:03:45.698, 1540294774771, vstest.console.dll, MulticastDelegateUtilities.SafeInvoke: TestRun.LogMessages: Invoking callback 1/1 for Microsoft.VisualStudio.TestPlatform.CommandLine.TestRunResultAggregator.TestRunMessageHandler, took 0 ms.
TpTrace Information: 0 : 33628, 7, 2022/12/02, 15:03:45.698, 1540294777065, vstest.console.dll, TestRunRequest:SendTestRunMessage: Completed.
TpTrace Verbose: 0 : 33628, 7, 2022/12/02, 15:03:45.699, 1540294781465, vstest.console.dll, ProxyExecutionManager: Test host is always Lazy initialize.
TpTrace Verbose: 0 : 33628, 7, 2022/12/02, 15:03:45.699, 1540294786115, vstest.console.dll, TestRequestSender.InitializeCommunication: initialize communication. 
TpTrace Information: 0 : 33628, 7, 2022/12/02, 15:03:45.700, 1540294797839, vstest.console.dll, SocketServer.Start: Listening on endpoint : 127.0.0.1:52619
TpTrace Verbose: 0 : 33628, 7, 2022/12/02, 15:03:45.702, 1540294813042, vstest.console.dll, DotnetTestHostmanager.GetTestHostProcessStartInfo: Platform environment 'X64' target architecture 'X64' framework '.NETCoreApp,Version=v3.1' OS 'Windows'
TpTrace Verbose: 0 : 33628, 7, 2022/12/02, 15:03:45.702, 1540294816943, vstest.console.dll, DotnetTestHostmanager: Adding  --runtimeconfig "D:\csharp\lern\ToDoList.Test\bin\Debug\netcoreapp3.1\fine-code-coverage\build-output\ToDoList.Tests.runtimeconfig.json" in args
TpTrace Verbose: 0 : 33628, 7, 2022/12/02, 15:03:45.702, 1540294818496, vstest.console.dll, DotnetTestHostmanager: Adding  --depsfile "D:\csharp\lern\ToDoList.Test\bin\Debug\netcoreapp3.1\fine-code-coverage\build-output\ToDoList.Tests.deps.json" in args
TpTrace Verbose: 0 : 33628, 7, 2022/12/02, 15:03:45.703, 1540294825016, vstest.console.dll, DotnetTestHostmanager.IsWinOnArm: Current PROCESSOR_ARCHITECTURE from environment variable 'AMD64'
TpTrace Verbose: 0 : 33628, 7, 2022/12/02, 15:03:45.703, 1540294826418, vstest.console.dll, DotnetTestHostmanager.IsWinOnArm: Is Windows on ARM 'False'
TpTrace Verbose: 0 : 33628, 7, 2022/12/02, 15:03:45.703, 1540294827600, vstest.console.dll, DotnetTestHostManager: testhost.exe found at path: D:\csharp\lern\ToDoList.Test\bin\Debug\netcoreapp3.1\fine-code-coverage\build-output\testhost.exe
TpTrace Verbose: 0 : 33628, 7, 2022/12/02, 15:03:45.703, 1540294828514, vstest.console.dll, DotnetTestHostmanager: Full path of host exe is D:\csharp\lern\ToDoList.Test\bin\Debug\netcoreapp3.1\fine-code-coverage\build-output\testhost.exe
TpTrace Verbose: 0 : 33628, 7, 2022/12/02, 15:03:45.704, 1540294831578, vstest.console.dll, DotnetTestHostmanager.LaunchTestHostAsync: Found 'VSTEST_WINAPPHOST_DOTNET_ROOT' in env variables, value 'C:\Program Files\dotnet', forwarding to 'DOTNET_ROOT'
TpTrace Verbose: 0 : 33628, 7, 2022/12/02, 15:03:45.704, 1540294834913, vstest.console.dll, DotnetTestHostManager: Starting process 'D:\csharp\lern\ToDoList.Test\bin\Debug\netcoreapp3.1\fine-code-coverage\build-output\testhost.exe' with command line ' --runtimeconfig "D:\csharp\lern\ToDoList.Test\bin\Debug\netcoreapp3.1\fine-code-coverage\build-output\ToDoList.Tests.runtimeconfig.json" --depsfile "D:\csharp\lern\ToDoList.Test\bin\Debug\netcoreapp3.1\fine-code-coverage\build-output\ToDoList.Tests.deps.json" --port 52619 --endpoint 127.0.0.1:052619 --role client --parentprocessid 33628 --diag "D:\csharp\lern\ToDoList.Test\bin\Debug\netcoreapp3.1\fine-code-coverage\coverage-tool-output\diagnostics.host.22-12-02_15-03-45_70170_7.log" --tracelevel 4 --datacollectionport 52618 --telemetryoptedin false'
TpTrace Verbose: 0 : 33628, 7, 2022/12/02, 15:03:45.716, 1540294954966, vstest.console.dll, MulticastDelegateUtilities.SafeInvoke: HostProviderEvents.OnHostLaunched: Invoking callback 1/2 for Microsoft.VisualStudio.TestPlatform.CrossPlatEngine.Client.ProxyExecutionManagerWithDataCollection.TestHostLaunchedHandler, took 2 ms.
TpTrace Verbose: 0 : 33628, 7, 2022/12/02, 15:03:45.716, 1540294957276, vstest.console.dll, Test Runtime launched
TpTrace Verbose: 0 : 33628, 7, 2022/12/02, 15:03:45.716, 1540294958459, vstest.console.dll, MulticastDelegateUtilities.SafeInvoke: HostProviderEvents.OnHostLaunched: Invoking callback 2/2 for Microsoft.VisualStudio.TestPlatform.CrossPlatEngine.Client.ProxyOperationManager.TestHostManagerHostLaunched, took 0 ms.
TpTrace Verbose: 0 : 33628, 7, 2022/12/02, 15:03:45.717, 1540294961114, vstest.console.dll, TestRequestSender.WaitForRequestHandlerConnection: waiting for connection with timeout: 90000.
TpTrace Verbose: 0 : 33628, 7, 2022/12/02, 15:03:46.202, 1540299815043, vstest.console.dll, TestRequestSender.WaitForRequestHandlerConnection: waiting took 485 ms, with timeout 90000 ms, and result 0, which is success.
TpTrace Verbose: 0 : 33628, 13, 2022/12/02, 15:03:46.202, 1540299815045, vstest.console.dll, MulticastDelegateUtilities.SafeInvoke: SocketServer: ClientConnected: Invoking callback 1/1 for Microsoft.VisualStudio.TestPlatform.CommunicationUtilities.TestRequestSender.<InitializeCommunication>b__24_0, took 0 ms.
TpTrace Verbose: 0 : 33628, 13, 2022/12/02, 15:03:46.202, 1540299818116, vstest.console.dll, SocketServer.OnClientConnected: Client connected for endPoint: 127.0.0.1:52619, starting MessageLoopAsync:
TpTrace Verbose: 0 : 33628, 10, 2022/12/02, 15:03:46.203, 1540299826003, vstest.console.dll, TcpClientExtensions.MessageLoopAsync: Polling on remoteEndPoint: 127.0.0.1:52620 localEndPoint: 127.0.0.1:52619
TpTrace Verbose: 0 : 33628, 7, 2022/12/02, 15:03:46.204, 1540299838178, vstest.console.dll, TestRequestSender.CheckVersionWithTestHost: Sending check version message: {"MessageType":"ProtocolVersion","Payload":7}
TpTrace Verbose: 0 : 33628, 10, 2022/12/02, 15:03:46.670, 1540304495992, vstest.console.dll, TcpClientExtensions.MessageLoopAsync: NotifyDataAvailable remoteEndPoint: 127.0.0.1:52620 localEndPoint: 127.0.0.1:52619
TpTrace Verbose: 0 : 33628, 10, 2022/12/02, 15:03:46.671, 1540304501006, vstest.console.dll, TestRequestSender.CheckVersionWithTestHost: onMessageReceived received message: (ProtocolVersion) -> {"MessageType":"ProtocolVersion","Payload":5}
TpTrace Verbose: 0 : 33628, 10, 2022/12/02, 15:03:46.672, 1540304518459, vstest.console.dll, MulticastDelegateUtilities.SafeInvoke: LengthPrefixCommunicationChannel: MessageReceived: Invoking callback 1/1 for Microsoft.VisualStudio.TestPlatform.CommunicationUtilities.TestRequestSender+<>c__DisplayClass26_0.<CheckVersionWithTestHost>b__0, took 1 ms.
TpTrace Verbose: 0 : 33628, 7, 2022/12/02, 15:03:46.673, 1540304520409, vstest.console.dll, TestPluginCache.GetExtensionPaths: Filtered extension paths: 
TpTrace Verbose: 0 : 33628, 10, 2022/12/02, 15:03:46.673, 1540304520719, vstest.console.dll, TcpClientExtensions.MessageLoopAsync: Polling on remoteEndPoint: 127.0.0.1:52620 localEndPoint: 127.0.0.1:52619
TpTrace Verbose: 0 : 33628, 7, 2022/12/02, 15:03:46.673, 1540304522250, vstest.console.dll, TestPluginCache.GetExtensionPaths: Added default extension paths: C:\Program Files\dotnet\sdk\6.0.400\Extensions\Microsoft.Diagnostics.NETCore.Client.dll
C:\Program Files\dotnet\sdk\6.0.400\Extensions\Microsoft.TestPlatform.Extensions.BlameDataCollector.dll
C:\Program Files\dotnet\sdk\6.0.400\Extensions\Microsoft.TestPlatform.Extensions.EventLogCollector.dll
C:\Program Files\dotnet\sdk\6.0.400\Extensions\Microsoft.TestPlatform.TestHostRuntimeProvider.dll
C:\Program Files\dotnet\sdk\6.0.400\Extensions\Microsoft.VisualStudio.TestPlatform.Extensions.Html.TestLogger.dll
C:\Program Files\dotnet\sdk\6.0.400\Extensions\Microsoft.VisualStudio.TestPlatform.Extensions.Trx.TestLogger.dll
TpTrace Verbose: 0 : 33628, 7, 2022/12/02, 15:03:46.673, 1540304524307, vstest.console.dll, TestPluginCache.GetExtensionPaths: Added unfilterableExtensionPaths: 
TpTrace Verbose: 0 : 33628, 7, 2022/12/02, 15:03:46.695, 1540304739478, vstest.console.dll, TestRequestSender.InitializeExecution: Sending initialize execution with message: {"Version":5,"MessageType":"TestExecution.Initialize","Payload":["D:\\csharp\\lern\\ToDoList.Test\\bin\\Debug\\netcoreapp3.1\\fine-code-coverage\\build-output\\xunit.runner.visualstudio.dotnetcore.testadapter.dll"]}
TpTrace Warning: 0 : 33628, 7, 2022/12/02, 15:03:46.696, 1540304751492, vstest.console.dll, InferRunSettingsHelper.MakeRunsettingsCompatible: Removing the following settings: TargetPlatform from RunSettings file. To use those settings please move to latest version of Microsoft.NET.Test.Sdk
TpTrace Verbose: 0 : 33628, 10, 2022/12/02, 15:03:46.716, 1540304958871, vstest.console.dll, TcpClientExtensions.MessageLoopAsync: NotifyDataAvailable remoteEndPoint: 127.0.0.1:52620 localEndPoint: 127.0.0.1:52619
TpTrace Verbose: 0 : 33628, 10, 2022/12/02, 15:03:46.717, 1540304963805, vstest.console.dll, TestRequestSender.OnExecutionMessageReceived: Received message: {"Version":5,"MessageType":"TestSession.Message","Payload":{"MessageLevel":0,"Message":"Logging TestHost Diagnostics in file: D:\\csharp\\lern\\ToDoList.Test\\bin\\Debug\\netcoreapp3.1\\fine-code-coverage\\coverage-tool-output\\diagnostics.host.22-12-02_15-03-45_70170_7.log"}}
TpTrace Verbose: 0 : 33628, 10, 2022/12/02, 15:03:46.727, 1540305067317, vstest.console.dll, TestRunRequest:SendTestRunMessage: Starting.
TpTrace Verbose: 0 : 33628, 10, 2022/12/02, 15:03:46.728, 1540305070541, vstest.console.dll, MulticastDelegateUtilities.SafeInvoke: TestRun.LogMessages: Invoking callback 1/1 for Microsoft.VisualStudio.TestPlatform.CommandLine.TestRunResultAggregator.TestRunMessageHandler, took 0 ms.
TpTrace Verbose: 0 : 33628, 4, 2022/12/02, 15:03:46.728, 1540305070842, vstest.console.dll, MulticastDelegateUtilities.SafeInvoke: InternalTestLoggerEvents.SendTestRunMessage: Invoking callback 1/1 for Microsoft.VisualStudio.TestPlatform.CommandLine.Internal.ConsoleLogger.TestMessageHandler, took 0 ms.
TpTrace Information: 0 : 33628, 10, 2022/12/02, 15:03:46.728, 1540305071957, vstest.console.dll, TestRunRequest:SendTestRunMessage: Completed.
TpTrace Verbose: 0 : 33628, 10, 2022/12/02, 15:03:46.728, 1540305076039, vstest.console.dll, MulticastDelegateUtilities.SafeInvoke: LengthPrefixCommunicationChannel: MessageReceived: Invoking callback 1/1 for Microsoft.VisualStudio.TestPlatform.CommunicationUtilities.TestRequestSender+<>c__DisplayClass31_0.<StartTestRun>b__1, took 11 ms.
TpTrace Verbose: 0 : 33628, 10, 2022/12/02, 15:03:46.728, 1540305077440, vstest.console.dll, TcpClientExtensions.MessageLoopAsync: Polling on remoteEndPoint: 127.0.0.1:52620 localEndPoint: 127.0.0.1:52619
TpTrace Verbose: 0 : 33628, 7, 2022/12/02, 15:03:46.729, 1540305081054, vstest.console.dll, TestRequestSender.StartTestRun: Sending test run with message: {"Version":5,"MessageType":"TestExecution.StartWithSources","Payload":{"AdapterSourceMap":{"_none_":["D:\\csharp\\lern\\ToDoList.Test\\bin\\Debug\\netcoreapp3.1\\fine-code-coverage\\build-output\\ToDoList.Tests.dll"]},"RunSettings":"<RunSettings>\r\n  <RunConfiguration>\r\n    <ResultsDirectory>D:\\csharp\\lern\\ToDoList.Test\\bin\\Debug\\netcoreapp3.1\\fine-code-coverage\\coverage-tool-output</ResultsDirectory>\r\n    <TargetFrameworkVersion>.NETCoreApp,Version=v3.1</TargetFrameworkVersion>\r\n    <DesignMode>False</DesignMode>\r\n    <CollectSourceInformation>False</CollectSourceInformation>\r\n  </RunConfiguration>\r\n  <LoggerRunSettings>\r\n    <Loggers>\r\n      <Logger friendlyName=\"blame\" enabled=\"True\" />\r\n      <Logger friendlyName=\"Console\" uri=\"logger://microsoft/TestPlatform/ConsoleLogger/v1\" assemblyQualifiedName=\"Microsoft.VisualStudio.TestPlatform.CommandLine.Internal.ConsoleLogger, vstest.console, Version=15.0.0.0, Culture=neutral, PublicKeyToken=b03f5f7f11d50a3a\" codeBase=\"C:\\Program Files\\dotnet\\sdk\\6.0.400\\vstest.console.dll\" enabled=\"True\" />\r\n    </Loggers>\r\n  </LoggerRunSettings>\r\n  <DataCollectionRunSettings>\r\n    <DataCollectors>\r\n      <DataCollector friendlyName=\"blame\" enabled=\"True\">\r\n        <Configuration>\r\n          <ResultsDirectory>D:\\csharp\\lern\\ToDoList.Test\\bin\\Debug\\netcoreapp3.1\\fine-code-coverage\\coverage-tool-output</ResultsDirectory>\r\n        </Configuration>\r\n      </DataCollector>\r\n    </DataCollectors>\r\n  </DataCollectionRunSettings>\r\n</RunSettings>","TestExecutionContext":{"FrequencyOfRunStatsChangeEvent":10,"RunStatsChangeEventTimeout":"00:00:01.5000000","InIsolation":false,"KeepAlive":false,"AreTestCaseLevelEventsRequired":false,"IsDebug":false,"TestCaseFilter":null,"FilterOptions":null},"Package":null}}
TpTrace Verbose: 0 : 33628, 10, 2022/12/02, 15:03:47.102, 1540308809858, vstest.console.dll, TcpClientExtensions.MessageLoopAsync: NotifyDataAvailable remoteEndPoint: 127.0.0.1:52620 localEndPoint: 127.0.0.1:52619
TpTrace Verbose: 0 : 33628, 10, 2022/12/02, 15:03:47.102, 1540308813525, vstest.console.dll, TestRequestSender.OnExecutionMessageReceived: Received message: {"Version":5,"MessageType":"TestSession.Message","Payload":{"MessageLevel":0,"Message":"[xUnit.net 00:00:00.00] xUnit.net VSTest Adapter v2.4.3+1b45f5407b (64-bit .NET Core 3.1.28)"}}
TpTrace Verbose: 0 : 33628, 10, 2022/12/02, 15:03:47.102, 1540308816544, vstest.console.dll, TestRunRequest:SendTestRunMessage: Starting.
TpTrace Verbose: 0 : 33628, 10, 2022/12/02, 15:03:47.102, 1540308817550, vstest.console.dll, MulticastDelegateUtilities.SafeInvoke: TestRun.LogMessages: Invoking callback 1/1 for Microsoft.VisualStudio.TestPlatform.CommandLine.TestRunResultAggregator.TestRunMessageHandler, took 0 ms.
TpTrace Information: 0 : 33628, 10, 2022/12/02, 15:03:47.102, 1540308818051, vstest.console.dll, TestRunRequest:SendTestRunMessage: Completed.
TpTrace Verbose: 0 : 33628, 4, 2022/12/02, 15:03:47.102, 1540308818035, vstest.console.dll, MulticastDelegateUtilities.SafeInvoke: InternalTestLoggerEvents.SendTestRunMessage: Invoking callback 1/1 for Microsoft.VisualStudio.TestPlatform.CommandLine.Internal.ConsoleLogger.TestMessageHandler, took 0 ms.
TpTrace Verbose: 0 : 33628, 10, 2022/12/02, 15:03:47.102, 1540308818560, vstest.console.dll, MulticastDelegateUtilities.SafeInvoke: LengthPrefixCommunicationChannel: MessageReceived: Invoking callback 1/1 for Microsoft.VisualStudio.TestPlatform.CommunicationUtilities.TestRequestSender+<>c__DisplayClass31_0.<StartTestRun>b__1, took 0 ms.
TpTrace Verbose: 0 : 33628, 10, 2022/12/02, 15:03:47.103, 1540308819863, vstest.console.dll, TcpClientExtensions.MessageLoopAsync: Polling on remoteEndPoint: 127.0.0.1:52620 localEndPoint: 127.0.0.1:52619
TpTrace Verbose: 0 : 33628, 10, 2022/12/02, 15:03:48.103, 1540318825931, vstest.console.dll, TcpClientExtensions.MessageLoopAsync: Polling on remoteEndPoint: 127.0.0.1:52620 localEndPoint: 127.0.0.1:52619
TpTrace Verbose: 0 : 33628, 10, 2022/12/02, 15:03:49.117, 1540328959979, vstest.console.dll, TcpClientExtensions.MessageLoopAsync: Polling on remoteEndPoint: 127.0.0.1:52620 localEndPoint: 127.0.0.1:52619
TpTrace Verbose: 0 : 33628, 10, 2022/12/02, 15:03:49.820, 1540335998953, vstest.console.dll, TcpClientExtensions.MessageLoopAsync: NotifyDataAvailable remoteEndPoint: 127.0.0.1:52620 localEndPoint: 127.0.0.1:52619
TpTrace Verbose: 0 : 33628, 10, 2022/12/02, 15:03:49.821, 1540336001356, vstest.console.dll, TestRequestSender.OnExecutionMessageReceived: Received message: {"Version":5,"MessageType":"TestSession.Message","Payload":{"MessageLevel":0,"Message":"[xUnit.net 00:00:02.72]   Discovering: ToDoList.Tests"}}
TpTrace Verbose: 0 : 33628, 10, 2022/12/02, 15:03:49.821, 1540336003307, vstest.console.dll, TestRunRequest:SendTestRunMessage: Starting.
TpTrace Verbose: 0 : 33628, 10, 2022/12/02, 15:03:49.821, 1540336004405, vstest.console.dll, MulticastDelegateUtilities.SafeInvoke: TestRun.LogMessages: Invoking callback 1/1 for Microsoft.VisualStudio.TestPlatform.CommandLine.TestRunResultAggregator.TestRunMessageHandler, took 0 ms.
TpTrace Verbose: 0 : 33628, 4, 2022/12/02, 15:03:49.821, 1540336004833, vstest.console.dll, MulticastDelegateUtilities.SafeInvoke: InternalTestLoggerEvents.SendTestRunMessage: Invoking callback 1/1 for Microsoft.VisualStudio.TestPlatform.CommandLine.Internal.ConsoleLogger.TestMessageHandler, took 0 ms.
TpTrace Information: 0 : 33628, 10, 2022/12/02, 15:03:49.821, 1540336005005, vstest.console.dll, TestRunRequest:SendTestRunMessage: Completed.
TpTrace Verbose: 0 : 33628, 10, 2022/12/02, 15:03:49.821, 1540336007358, vstest.console.dll, MulticastDelegateUtilities.SafeInvoke: LengthPrefixCommunicationChannel: MessageReceived: Invoking callback 1/1 for Microsoft.VisualStudio.TestPlatform.CommunicationUtilities.TestRequestSender+<>c__DisplayClass31_0.<StartTestRun>b__1, took 0 ms.
TpTrace Verbose: 0 : 33628, 10, 2022/12/02, 15:03:49.821, 1540336008109, vstest.console.dll, TcpClientExtensions.MessageLoopAsync: Polling on remoteEndPoint: 127.0.0.1:52620 localEndPoint: 127.0.0.1:52619
TpTrace Verbose: 0 : 33628, 10, 2022/12/02, 15:03:50.324, 1540341033690, vstest.console.dll, TcpClientExtensions.MessageLoopAsync: NotifyDataAvailable remoteEndPoint: 127.0.0.1:52620 localEndPoint: 127.0.0.1:52619
TpTrace Verbose: 0 : 33628, 10, 2022/12/02, 15:03:50.324, 1540341036212, vstest.console.dll, TestRequestSender.OnExecutionMessageReceived: Received message: {"Version":5,"MessageType":"TestSession.Message","Payload":{"MessageLevel":0,"Message":"[xUnit.net 00:00:03.23]   Discovered:  ToDoList.Tests"}}
TpTrace Verbose: 0 : 33628, 10, 2022/12/02, 15:03:50.324, 1540341038093, vstest.console.dll, TestRunRequest:SendTestRunMessage: Starting.
TpTrace Verbose: 0 : 33628, 10, 2022/12/02, 15:03:50.325, 1540341039285, vstest.console.dll, MulticastDelegateUtilities.SafeInvoke: TestRun.LogMessages: Invoking callback 1/1 for Microsoft.VisualStudio.TestPlatform.CommandLine.TestRunResultAggregator.TestRunMessageHandler, took 0 ms.
TpTrace Verbose: 0 : 33628, 4, 2022/12/02, 15:03:50.325, 1540341039532, vstest.console.dll, MulticastDelegateUtilities.SafeInvoke: InternalTestLoggerEvents.SendTestRunMessage: Invoking callback 1/1 for Microsoft.VisualStudio.TestPlatform.CommandLine.Internal.ConsoleLogger.TestMessageHandler, took 0 ms.
TpTrace Information: 0 : 33628, 10, 2022/12/02, 15:03:50.325, 1540341040346, vstest.console.dll, TestRunRequest:SendTestRunMessage: Completed.
TpTrace Verbose: 0 : 33628, 10, 2022/12/02, 15:03:50.325, 1540341041771, vstest.console.dll, MulticastDelegateUtilities.SafeInvoke: LengthPrefixCommunicationChannel: MessageReceived: Invoking callback 1/1 for Microsoft.VisualStudio.TestPlatform.CommunicationUtilities.TestRequestSender+<>c__DisplayClass31_0.<StartTestRun>b__1, took 0 ms.
TpTrace Verbose: 0 : 33628, 10, 2022/12/02, 15:03:50.325, 1540341042329, vstest.console.dll, TcpClientExtensions.MessageLoopAsync: Polling on remoteEndPoint: 127.0.0.1:52620 localEndPoint: 127.0.0.1:52619
TpTrace Verbose: 0 : 33628, 10, 2022/12/02, 15:03:50.331, 1540341102013, vstest.console.dll, TcpClientExtensions.MessageLoopAsync: NotifyDataAvailable remoteEndPoint: 127.0.0.1:52620 localEndPoint: 127.0.0.1:52619
TpTrace Verbose: 0 : 33628, 10, 2022/12/02, 15:03:50.331, 1540341104742, vstest.console.dll, TestRequestSender.OnExecutionMessageReceived: Received message: {"Version":5,"MessageType":"TestSession.Message","Payload":{"MessageLevel":0,"Message":"[xUnit.net 00:00:03.23]   Starting:    ToDoList.Tests"}}
TpTrace Verbose: 0 : 33628, 10, 2022/12/02, 15:03:50.331, 1540341107006, vstest.console.dll, TestRunRequest:SendTestRunMessage: Starting.
TpTrace Verbose: 0 : 33628, 10, 2022/12/02, 15:03:50.331, 1540341108394, vstest.console.dll, MulticastDelegateUtilities.SafeInvoke: TestRun.LogMessages: Invoking callback 1/1 for Microsoft.VisualStudio.TestPlatform.CommandLine.TestRunResultAggregator.TestRunMessageHandler, took 0 ms.
TpTrace Verbose: 0 : 33628, 4, 2022/12/02, 15:03:50.331, 1540341108790, vstest.console.dll, MulticastDelegateUtilities.SafeInvoke: InternalTestLoggerEvents.SendTestRunMessage: Invoking callback 1/1 for Microsoft.VisualStudio.TestPlatform.CommandLine.Internal.ConsoleLogger.TestMessageHandler, took 0 ms.
TpTrace Information: 0 : 33628, 10, 2022/12/02, 15:03:50.332, 1540341109423, vstest.console.dll, TestRunRequest:SendTestRunMessage: Completed.
TpTrace Verbose: 0 : 33628, 10, 2022/12/02, 15:03:50.332, 1540341111806, vstest.console.dll, MulticastDelegateUtilities.SafeInvoke: LengthPrefixCommunicationChannel: MessageReceived: Invoking callback 1/1 for Microsoft.VisualStudio.TestPlatform.CommunicationUtilities.TestRequestSender+<>c__DisplayClass31_0.<StartTestRun>b__1, took 0 ms.
TpTrace Verbose: 0 : 33628, 10, 2022/12/02, 15:03:50.332, 1540341112651, vstest.console.dll, TcpClientExtensions.MessageLoopAsync: Polling on remoteEndPoint: 127.0.0.1:52620 localEndPoint: 127.0.0.1:52619
TpTrace Verbose: 0 : 33628, 10, 2022/12/02, 15:03:50.527, 1540343064633, vstest.console.dll, TcpClientExtensions.MessageLoopAsync: NotifyDataAvailable remoteEndPoint: 127.0.0.1:52620 localEndPoint: 127.0.0.1:52619
TpTrace Verbose: 0 : 33628, 10, 2022/12/02, 15:03:50.528, 1540343069184, vstest.console.dll, TestRequestSender.OnExecutionMessageReceived: Received message: {"Version":5,"MessageType":"TestExecution.StatsChange","Payload":{"NewTestResults":[],"TestRunStatistics":{"ExecutedTests":0,"Stats":{}},"ActiveTests":[{"Id":"99fd5da5-90fe-cdd4-63e1-eaa11a611526","FullyQualifiedName":"ToDoList.Tests.UnitTests.HomeControllerTests.UpdateUserTaskStatusReturnsARedirectValidInput","DisplayName":"ToDoList.Tests.UnitTests.HomeControllerTests.UpdateUserTaskStatusReturnsARedirectValidInput(id: 6, routeId: 3, expextedId: 6)","ExecutorUri":"executor://xunit/VsTestRunner2/netcoreapp","Source":"D:\\csharp\\lern\\ToDoList.Test\\bin\\Debug\\netcoreapp3.1\\fine-code-coverage\\build-output\\ToDoList.Tests.dll","CodeFilePath":null,"LineNumber":0,"Properties":[]}]}}
TpTrace Verbose: 0 : 33628, 10, 2022/12/02, 15:03:50.561, 1540343406440, vstest.console.dll, TestRunRequest:SendTestRunStatsChange: Starting.
TpTrace Verbose: 0 : 33628, 10, 2022/12/02, 15:03:50.562, 1540343410519, vstest.console.dll, InProgress is ToDoList.Tests.UnitTests.HomeControllerTests.UpdateUserTaskStatusReturnsARedirectValidInput(id: 6, routeId: 3, expextedId: 6)
TpTrace Verbose: 0 : 33628, 10, 2022/12/02, 15:03:50.562, 1540343412902, vstest.console.dll, MulticastDelegateUtilities.SafeInvoke: TestRun.RunStatsChanged: Invoking callbacks was skipped because there are no subscribers.
TpTrace Information: 0 : 33628, 10, 2022/12/02, 15:03:50.562, 1540343413832, vstest.console.dll, TestRunRequest:SendTestRunStatsChange: Completed.
TpTrace Verbose: 0 : 33628, 10, 2022/12/02, 15:03:50.562, 1540343414735, vstest.console.dll, MulticastDelegateUtilities.SafeInvoke: LengthPrefixCommunicationChannel: MessageReceived: Invoking callback 1/1 for Microsoft.VisualStudio.TestPlatform.CommunicationUtilities.TestRequestSender+<>c__DisplayClass31_0.<StartTestRun>b__1, took 34 ms.
TpTrace Verbose: 0 : 33628, 10, 2022/12/02, 15:03:50.562, 1540343415582, vstest.console.dll, TcpClientExtensions.MessageLoopAsync: Polling on remoteEndPoint: 127.0.0.1:52620 localEndPoint: 127.0.0.1:52619
TpTrace Verbose: 0 : 33628, 10, 2022/12/02, 15:03:50.702, 1540344811451, vstest.console.dll, TcpClientExtensions.MessageLoopAsync: NotifyDataAvailable remoteEndPoint: 127.0.0.1:52620 localEndPoint: 127.0.0.1:52619
TpTrace Verbose: 0 : 33628, 10, 2022/12/02, 15:03:50.702, 1540344816185, vstest.console.dll, TestRequestSender.OnExecutionMessageReceived: Received message: {"Version":5,"MessageType":"TestExecution.StatsChange","Payload":{"NewTestResults":[{"TestCase":{"Id":"99fd5da5-90fe-cdd4-63e1-eaa11a611526","FullyQualifiedName":"ToDoList.Tests.UnitTests.HomeControllerTests.UpdateUserTaskStatusReturnsARedirectValidInput","DisplayName":"ToDoList.Tests.UnitTests.HomeControllerTests.UpdateUserTaskStatusReturnsARedirectValidInput(id: 6, routeId: 3, expextedId: 6)","ExecutorUri":"executor://xunit/VsTestRunner2/netcoreapp","Source":"D:\\csharp\\lern\\ToDoList.Test\\bin\\Debug\\netcoreapp3.1\\fine-code-coverage\\build-output\\ToDoList.Tests.dll","CodeFilePath":null,"LineNumber":0,"Properties":[]},"Attachments":[],"Outcome":1,"ErrorMessage":null,"ErrorStackTrace":null,"DisplayName":"ToDoList.Tests.UnitTests.HomeControllerTests.UpdateUserTaskStatusReturnsARedirectValidInput(id: 6, routeId: 3, expextedId: 6)","Messages":[],"ComputerName":"USER-PC","Duration":"00:00:00.0502315","StartTime":"2022-12-02T12:03:50.5940008+00:00","EndTime":"2022-12-02T12:03:50.5941747+00:00","Properties":[]},{"TestCase":{"Id":"a5b34970-bf79-b107-8850-84e4ac2b3476","FullyQualifiedName":"ToDoList.Tests.UnitTests.HomeControllerTests.UpdateUserTaskStatusReturnsARedirectValidInput","DisplayName":"ToDoList.Tests.UnitTests.HomeControllerTests.UpdateUserTaskStatusReturnsARedirectValidInput(id: 1, routeId: 1, expextedId: 1)","ExecutorUri":"executor://xunit/VsTestRunner2/netcoreapp","Source":"D:\\csharp\\lern\\ToDoList.Test\\bin\\Debug\\netcoreapp3.1\\fine-code-coverage\\build-output\\ToDoList.Tests.dll","CodeFilePath":null,"LineNumber":0,"Properties":[]},"Attachments":[],"Outcome":1,"ErrorMessage":null,"ErrorStackTrace":null,"DisplayName":"ToDoList.Tests.UnitTests.HomeControllerTests.UpdateUserTaskStatusReturnsARedirectValidInput(id: 1, routeId: 1, expextedId: 1)","Messages":[],"ComputerName":"USER-PC","Duration":"00:00:00.0012154","StartTime":"2022-12-02T12:03:50.6392354+00:00","EndTime":"2022-12-02T12:03:50.6392404+00:00","Properties":[]},{"TestCase":{"Id":"314add40-a525-a657-5475-162c6f2b7f9b","FullyQualifiedName":"ToDoList.Tests.UnitTests.HomeControllerTests.UpdateUserTaskStatusReturnsARedirectValidInput","DisplayName":"ToDoList.Tests.UnitTests.HomeControllerTests.UpdateUserTaskStatusReturnsARedirectValidInput(id: 4, routeId: 1, expextedId: 4)","ExecutorUri":"executor://xunit/VsTestRunner2/netcoreapp","Source":"D:\\csharp\\lern\\ToDoList.Test\\bin\\Debug\\netcoreapp3.1\\fine-code-coverage\\build-output\\ToDoList.Tests.dll","CodeFilePath":null,"LineNumber":0,"Properties":[]},"Attachments":[],"Outcome":1,"ErrorMessage":null,"ErrorStackTrace":null,"DisplayName":"ToDoList.Tests.UnitTests.HomeControllerTests.UpdateUserTaskStatusReturnsARedirectValidInput(id: 4, routeId: 1, expextedId: 4)","Messages":[],"ComputerName":"USER-PC","Duration":"00:00:00.0009023","StartTime":"2022-12-02T12:03:50.6445794+00:00","EndTime":"2022-12-02T12:03:50.6445844+00:00","Properties":[]},{"TestCase":{"Id":"0db2b318-973a-c978-9e88-e0935067b312","FullyQualifiedName":"ToDoList.Tests.UnitTests.HomeControllerTests.UpdateUserTaskStatusReturnsARedirectValidInput","DisplayName":"ToDoList.Tests.UnitTests.HomeControllerTests.UpdateUserTaskStatusReturnsARedirectValidInput(id: 5, routeId: 2, expextedId: 5)","ExecutorUri":"executor://xunit/VsTestRunner2/netcoreapp","Source":"D:\\csharp\\lern\\ToDoList.Test\\bin\\Debug\\netcoreapp3.1\\fine-code-coverage\\build-output\\ToDoList.Tests.dll","CodeFilePath":null,"LineNumber":0,"Properties":[]},"Attachments":[],"Outcome":1,"ErrorMessage":null,"ErrorStackTrace":null,"DisplayName":"ToDoList.Tests.UnitTests.HomeControllerTests.UpdateUserTaskStatusReturnsARedirectValidInput(id: 5, routeId: 2, expextedId: 5)","Messages":[],"ComputerName":"USER-PC","Duration":"00:00:00.0008945","StartTime":"2022-12-02T12:03:50.6502982+00:00","EndTime":"2022-12-02T12:03:50.6503041+00:00","Properties":[]},{"TestCase":{"Id":"b6d36c80-7f6c-cf4c-3ed4-d7bf4f560d7e","FullyQualifiedName":"ToDoList.Tests.UnitTests.HomeControllerTests.UpdateUserTaskStatusReturnsARedirectValidInput","DisplayName":"ToDoList.Tests.UnitTests.HomeControllerTests.UpdateUserTaskStatusReturnsARedirectValidInput(id: 2, routeId: 2, expextedId: 2)","ExecutorUri":"executor://xunit/VsTestRunner2/netcoreapp","Source":"D:\\csharp\\lern\\ToDoList.Test\\bin\\Debug\\netcoreapp3.1\\fine-code-coverage\\build-output\\ToDoList.Tests.dll","CodeFilePath":null,"LineNumber":0,"Properties":[]},"Attachments":[],"Outcome":1,"ErrorMessage":null,"ErrorStackTrace":null,"DisplayName":"ToDoList.Tests.UnitTests.HomeControllerTests.UpdateUserTaskStatusReturnsARedirectValidInput(id: 2, routeId: 2, expextedId: 2)","Messages":[],"ComputerName":"USER-PC","Duration":"00:00:00.0008701","StartTime":"2022-12-02T12:03:50.6553466+00:00","EndTime":"2022-12-02T12:03:50.6553522+00:00","Properties":[]},{"TestCase":{"Id":"45255c59-adc2-1cee-5259-8fdcd69ff905","FullyQualifiedName":"ToDoList.Tests.UnitTests.HomeControllerTests.UpdateUserTaskStatusReturnsARedirectValidInput","DisplayName":"ToDoList.Tests.UnitTests.HomeControllerTests.UpdateUserTaskStatusReturnsARedirectValidInput(id: 3, routeId: 3, expextedId: 3)","ExecutorUri":"executor://xunit/VsTestRunner2/netcoreapp","Source":"D:\\csharp\\lern\\ToDoList.Test\\bin\\Debug\\netcoreapp3.1\\fine-code-coverage\\build-output\\ToDoList.Tests.dll","CodeFilePath":null,"LineNumber":0,"Properties":[]},"Attachments":[],"Outcome":1,"ErrorMessage":null,"ErrorStackTrace":null,"DisplayName":"ToDoList.Tests.UnitTests.HomeControllerTests.UpdateUserTaskStatusReturnsARedirectValidInput(id: 3, routeId: 3, expextedId: 3)","Messages":[],"ComputerName":"USER-PC","Duration":"00:00:00.0008694","StartTime":"2022-12-02T12:03:50.6599139+00:00","EndTime":"2022-12-02T12:03:50.659919+00:00","Properties":[]},{"TestCase":{"Id":"db0cb7a4-ed82-05bf-efd9-bb5746edef5f","FullyQualifiedName":"ToDoList.Tests.UnitTests.HomeControllerTests.DeleteUserTaskReturnsARedirectInValidInput","DisplayName":"ToDoList.Tests.UnitTests.HomeControllerTests.DeleteUserTaskReturnsARedirectInValidInput","ExecutorUri":"executor://xunit/VsTestRunner2/netcoreapp","Source":"D:\\csharp\\lern\\ToDoList.Test\\bin\\Debug\\netcoreapp3.1\\fine-code-coverage\\build-output\\ToDoList.Tests.dll","CodeFilePath":null,"LineNumber":0,"Properties":[]},"Attachments":[],"Outcome":1,"ErrorMessage":null,"ErrorStackTrace":null,"DisplayName":"ToDoList.Tests.UnitTests.HomeControllerTests.DeleteUserTaskReturnsARedirectInValidInput","Messages":[],"ComputerName":"USER-PC","Duration":"00:00:00.0144252","StartTime":"2022-12-02T12:03:50.6668039+00:00","EndTime":"2022-12-02T12:03:50.6668091+00:00","Properties":[]},{"TestCase":{"Id":"98ab3811-28cd-dba8-77b9-2875c6a8239d","FullyQualifiedName":"ToDoList.Tests.UnitTests.HomeControllerTests.Index_Returns_ViewResult_And_Check_ViewModel","DisplayName":"ToDoList.Tests.UnitTests.HomeControllerTests.Index_Returns_ViewResult_And_Check_ViewModel","ExecutorUri":"executor://xunit/VsTestRunner2/netcoreapp","Source":"D:\\csharp\\lern\\ToDoList.Test\\bin\\Debug\\netcoreapp3.1\\fine-code-coverage\\build-output\\ToDoList.Tests.dll","CodeFilePath":null,"LineNumber":0,"Properties":[]},"Attachments":[],"Outcome":1,"ErrorMessage":null,"ErrorStackTrace":null,"DisplayName":"ToDoList.Tests.UnitTests.HomeControllerTests.Index_Returns_ViewResult_And_Check_ViewModel","Messages":[],"ComputerName":"USER-PC","Duration":"00:00:00.0007545","StartTime":"2022-12-02T12:03:50.6722794+00:00","EndTime":"2022-12-02T12:03:50.6722836+00:00","Properties":[]},{"TestCase":{"Id":"d9c05771-4cdb-5c65-10cc-5a4adf755b7a","FullyQualifiedName":"ToDoList.Tests.UnitTests.HomeControllerTests.UpdateUserTaskStatusReturnsARedirectInValidInput","DisplayName":"ToDoList.Tests.UnitTests.HomeControllerTests.UpdateUserTaskStatusReturnsARedirectInValidInput","ExecutorUri":"executor://xunit/VsTestRunner2/netcoreapp","Source":"D:\\csharp\\lern\\ToDoList.Test\\bin\\Debug\\netcoreapp3.1\\fine-code-coverage\\build-output\\ToDoList.Tests.dll","CodeFilePath":null,"LineNumber":0,"Properties":[]},"Attachments":[],"Outcome":1,"ErrorMessage":null,"ErrorStackTrace":null,"DisplayName":"ToDoList.Tests.UnitTests.HomeControllerTests.UpdateUserTaskStatusReturnsARedirectInValidInput","Messages":[],"ComputerName":"USER-PC","Duration":"00:00:00.0050667","StartTime":"2022-12-02T12:03:50.6769837+00:00","EndTime":"2022-12-02T12:03:50.6769882+00:00","Properties":[]}],"TestRunStatistics":{"ExecutedTests":9,"Stats":{"Passed":9}},"ActiveTests":[{"Id":"4f23a91f-bea7-4082-2492-c72f5ce0dd73","FullyQualifiedName":"ToDoList.Tests.UnitTests.HomeControllerTests.TaskByCategory_Returns_View_And_Check_ViewModel_IncorrectId","DisplayName":"ToDoList.Tests.UnitTests.HomeControllerTests.TaskByCategory_Returns_View_And_Check_ViewModel_IncorrectId","ExecutorUri":"executor://xunit/VsTestRunner2/netcoreapp","Source":"D:\\csharp\\lern\\ToDoList.Test\\bin\\Debug\\netcoreapp3.1\\fine-code-coverage\\build-output\\ToDoList.Tests.dll","CodeFilePath":null,"LineNumber":0,"Properties":[]}]}}
TpTrace Verbose: 0 : 33628, 10, 2022/12/02, 15:03:50.726, 1540345056946, vstest.console.dll, TestRunRequest:SendTestRunStatsChange: Starting.
TpTrace Verbose: 0 : 33628, 10, 2022/12/02, 15:03:50.726, 1540345058312, vstest.console.dll, InProgress is ToDoList.Tests.UnitTests.HomeControllerTests.TaskByCategory_Returns_View_And_Check_ViewModel_IncorrectId
TpTrace Verbose: 0 : 33628, 10, 2022/12/02, 15:03:50.727, 1540345061700, vstest.console.dll, MulticastDelegateUtilities.SafeInvoke: TestRun.RunStatsChanged: Invoking callbacks was skipped because there are no subscribers.
TpTrace Information: 0 : 33628, 10, 2022/12/02, 15:03:50.727, 1540345062433, vstest.console.dll, TestRunRequest:SendTestRunStatsChange: Completed.
TpTrace Verbose: 0 : 33628, 10, 2022/12/02, 15:03:50.727, 1540345063139, vstest.console.dll, MulticastDelegateUtilities.SafeInvoke: LengthPrefixCommunicationChannel: MessageReceived: Invoking callback 1/1 for Microsoft.VisualStudio.TestPlatform.CommunicationUtilities.TestRequestSender+<>c__DisplayClass31_0.<StartTestRun>b__1, took 24 ms.
TpTrace Verbose: 0 : 33628, 10, 2022/12/02, 15:03:50.727, 1540345063781, vstest.console.dll, TcpClientExtensions.MessageLoopAsync: Polling on remoteEndPoint: 127.0.0.1:52620 localEndPoint: 127.0.0.1:52619
TpTrace Verbose: 0 : 33628, 4, 2022/12/02, 15:03:50.750, 1540345292353, vstest.console.dll, MulticastDelegateUtilities.SafeInvoke: InternalTestLoggerEvents.SendTestResult: Invoking callback 1/1 for Microsoft.VisualStudio.TestPlatform.CommandLine.Internal.ConsoleLogger.TestResultHandler, took 23 ms.
TpTrace Verbose: 0 : 33628, 4, 2022/12/02, 15:03:50.750, 1540345295238, vstest.console.dll, MulticastDelegateUtilities.SafeInvoke: InternalTestLoggerEvents.SendTestResult: Invoking callback 1/1 for Microsoft.VisualStudio.TestPlatform.CommandLine.Internal.ConsoleLogger.TestResultHandler, took 0 ms.
TpTrace Verbose: 0 : 33628, 4, 2022/12/02, 15:03:50.750, 1540345296791, vstest.console.dll, MulticastDelegateUtilities.SafeInvoke: InternalTestLoggerEvents.SendTestResult: Invoking callback 1/1 for Microsoft.VisualStudio.TestPlatform.CommandLine.Internal.ConsoleLogger.TestResultHandler, took 0 ms.
TpTrace Verbose: 0 : 33628, 4, 2022/12/02, 15:03:50.750, 1540345298246, vstest.console.dll, MulticastDelegateUtilities.SafeInvoke: InternalTestLoggerEvents.SendTestResult: Invoking callback 1/1 for Microsoft.VisualStudio.TestPlatform.CommandLine.Internal.ConsoleLogger.TestResultHandler, took 0 ms.
TpTrace Verbose: 0 : 33628, 4, 2022/12/02, 15:03:50.751, 1540345299627, vstest.console.dll, MulticastDelegateUtilities.SafeInvoke: InternalTestLoggerEvents.SendTestResult: Invoking callback 1/1 for Microsoft.VisualStudio.TestPlatform.CommandLine.Internal.ConsoleLogger.TestResultHandler, took 0 ms.
TpTrace Verbose: 0 : 33628, 4, 2022/12/02, 15:03:50.751, 1540345301038, vstest.console.dll, MulticastDelegateUtilities.SafeInvoke: InternalTestLoggerEvents.SendTestResult: Invoking callback 1/1 for Microsoft.VisualStudio.TestPlatform.CommandLine.Internal.ConsoleLogger.TestResultHandler, took 0 ms.
TpTrace Verbose: 0 : 33628, 4, 2022/12/02, 15:03:50.751, 1540345302989, vstest.console.dll, MulticastDelegateUtilities.SafeInvoke: InternalTestLoggerEvents.SendTestResult: Invoking callback 1/1 for Microsoft.VisualStudio.TestPlatform.CommandLine.Internal.ConsoleLogger.TestResultHandler, took 0 ms.
TpTrace Verbose: 0 : 33628, 4, 2022/12/02, 15:03:50.751, 1540345305434, vstest.console.dll, MulticastDelegateUtilities.SafeInvoke: InternalTestLoggerEvents.SendTestResult: Invoking callback 1/1 for Microsoft.VisualStudio.TestPlatform.CommandLine.Internal.ConsoleLogger.TestResultHandler, took 0 ms.
TpTrace Verbose: 0 : 33628, 4, 2022/12/02, 15:03:50.751, 1540345306864, vstest.console.dll, MulticastDelegateUtilities.SafeInvoke: InternalTestLoggerEvents.SendTestResult: Invoking callback 1/1 for Microsoft.VisualStudio.TestPlatform.CommandLine.Internal.ConsoleLogger.TestResultHandler, took 0 ms.
TpTrace Verbose: 0 : 33628, 10, 2022/12/02, 15:03:50.754, 1540345337138, vstest.console.dll, TcpClientExtensions.MessageLoopAsync: NotifyDataAvailable remoteEndPoint: 127.0.0.1:52620 localEndPoint: 127.0.0.1:52619
TpTrace Verbose: 0 : 33628, 10, 2022/12/02, 15:03:50.755, 1540345342095, vstest.console.dll, TestRequestSender.OnExecutionMessageReceived: Received message: {"Version":5,"MessageType":"TestExecution.StatsChange","Payload":{"NewTestResults":[{"TestCase":{"Id":"4f23a91f-bea7-4082-2492-c72f5ce0dd73","FullyQualifiedName":"ToDoList.Tests.UnitTests.HomeControllerTests.TaskByCategory_Returns_View_And_Check_ViewModel_IncorrectId","DisplayName":"ToDoList.Tests.UnitTests.HomeControllerTests.TaskByCategory_Returns_View_And_Check_ViewModel_IncorrectId","ExecutorUri":"executor://xunit/VsTestRunner2/netcoreapp","Source":"D:\\csharp\\lern\\ToDoList.Test\\bin\\Debug\\netcoreapp3.1\\fine-code-coverage\\build-output\\ToDoList.Tests.dll","CodeFilePath":null,"LineNumber":0,"Properties":[]},"Attachments":[],"Outcome":1,"ErrorMessage":null,"ErrorStackTrace":null,"DisplayName":"ToDoList.Tests.UnitTests.HomeControllerTests.TaskByCategory_Returns_View_And_Check_ViewModel_IncorrectId","Messages":[],"ComputerName":"USER-PC","Duration":"00:00:00.0263822","StartTime":"2022-12-02T12:03:50.7045973+00:00","EndTime":"2022-12-02T12:03:50.7046026+00:00","Properties":[]},{"TestCase":{"Id":"c8a672df-2fe5-0665-0c6b-5c64e4befe7e","FullyQualifiedName":"ToDoList.Tests.UnitTests.HomeControllerTests.TaskByCategory_Returns_View_And_Check_ViewModel","DisplayName":"ToDoList.Tests.UnitTests.HomeControllerTests.TaskByCategory_Returns_View_And_Check_ViewModel(id: 2)","ExecutorUri":"executor://xunit/VsTestRunner2/netcoreapp","Source":"D:\\csharp\\lern\\ToDoList.Test\\bin\\Debug\\netcoreapp3.1\\fine-code-coverage\\build-output\\ToDoList.Tests.dll","CodeFilePath":null,"LineNumber":0,"Properties":[]},"Attachments":[],"Outcome":1,"ErrorMessage":null,"ErrorStackTrace":null,"DisplayName":"ToDoList.Tests.UnitTests.HomeControllerTests.TaskByCategory_Returns_View_And_Check_ViewModel(id: 2)","Messages":[],"ComputerName":"USER-PC","Duration":"00:00:00.0094390","StartTime":"2022-12-02T12:03:50.7100568+00:00","EndTime":"2022-12-02T12:03:50.710063+00:00","Properties":[]},{"TestCase":{"Id":"14a88ffc-1072-83cc-0b3a-f3ac2a5fb385","FullyQualifiedName":"ToDoList.Tests.UnitTests.HomeControllerTests.TaskByCategory_Returns_View_And_Check_ViewModel","DisplayName":"ToDoList.Tests.UnitTests.HomeControllerTests.TaskByCategory_Returns_View_And_Check_ViewModel(id: 3)","ExecutorUri":"executor://xunit/VsTestRunner2/netcoreapp","Source":"D:\\csharp\\lern\\ToDoList.Test\\bin\\Debug\\netcoreapp3.1\\fine-code-coverage\\build-output\\ToDoList.Tests.dll","CodeFilePath":null,"LineNumber":0,"Properties":[]},"Attachments":[],"Outcome":1,"ErrorMessage":null,"ErrorStackTrace":null,"DisplayName":"ToDoList.Tests.UnitTests.HomeControllerTests.TaskByCategory_Returns_View_And_Check_ViewModel(id: 3)","Messages":[],"ComputerName":"USER-PC","Duration":"00:00:00.0027528","StartTime":"2022-12-02T12:03:50.7163058+00:00","EndTime":"2022-12-02T12:03:50.7163114+00:00","Properties":[]},{"TestCase":{"Id":"31236be0-7cc9-f75d-bc0a-09b15a1965bf","FullyQualifiedName":"ToDoList.Tests.UnitTests.HomeControllerTests.TaskByCategory_Returns_View_And_Check_ViewModel","DisplayName":"ToDoList.Tests.UnitTests.HomeControllerTests.TaskByCategory_Returns_View_And_Check_ViewModel(id: 1)","ExecutorUri":"executor://xunit/VsTestRunner2/netcoreapp","Source":"D:\\csharp\\lern\\ToDoList.Test\\bin\\Debug\\netcoreapp3.1\\fine-code-coverage\\build-output\\ToDoList.Tests.dll","CodeFilePath":null,"LineNumber":0,"Properties":[]},"Attachments":[],"Outcome":1,"ErrorMessage":null,"ErrorStackTrace":null,"DisplayName":"ToDoList.Tests.UnitTests.HomeControllerTests.TaskByCategory_Returns_View_And_Check_ViewModel(id: 1)","Messages":[],"ComputerName":"USER-PC","Duration":"00:00:00.0024870","StartTime":"2022-12-02T12:03:50.7211055+00:00","EndTime":"2022-12-02T12:03:50.721111+00:00","Properties":[]},{"TestCase":{"Id":"d327e35f-73a7-ad71-a5e2-f0dc59f2f504","FullyQualifiedName":"ToDoList.Tests.UnitTests.HomeControllerTests.TaskByCategory_Returns_View_And_Check_ViewModel_IncorrectId_Zero","DisplayName":"ToDoList.Tests.UnitTests.HomeControllerTests.TaskByCategory_Returns_View_And_Check_ViewModel_IncorrectId_Zero","ExecutorUri":"executor://xunit/VsTestRunner2/netcoreapp","Source":"D:\\csharp\\lern\\ToDoList.Test\\bin\\Debug\\netcoreapp3.1\\fine-code-coverage\\build-output\\ToDoList.Tests.dll","CodeFilePath":null,"LineNumber":0,"Properties":[]},"Attachments":[],"Outcome":1,"ErrorMessage":null,"ErrorStackTrace":null,"DisplayName":"ToDoList.Tests.UnitTests.HomeControllerTests.TaskByCategory_Returns_View_And_Check_ViewModel_IncorrectId_Zero","Messages":[],"ComputerName":"USER-PC","Duration":"00:00:00.0006032","StartTime":"2022-12-02T12:03:50.7264608+00:00","EndTime":"2022-12-02T12:03:50.7264668+00:00","Properties":[]},{"TestCase":{"Id":"21657e3d-b3de-ec53-a9d3-08a8794dda9c","FullyQualifiedName":"ToDoList.Tests.UnitTests.HomeControllerTests.DeleteUserTaskReturnsARedirectValidInput","DisplayName":"ToDoList.Tests.UnitTests.HomeControllerTests.DeleteUserTaskReturnsARedirectValidInput","ExecutorUri":"executor://xunit/VsTestRunner2/netcoreapp","Source":"D:\\csharp\\lern\\ToDoList.Test\\bin\\Debug\\netcoreapp3.1\\fine-code-coverage\\build-output\\ToDoList.Tests.dll","CodeFilePath":null,"LineNumber":0,"Properties":[]},"Attachments":[],"Outcome":1,"ErrorMessage":null,"ErrorStackTrace":null,"DisplayName":"ToDoList.Tests.UnitTests.HomeControllerTests.DeleteUserTaskReturnsARedirectValidInput","Messages":[],"ComputerName":"USER-PC","Duration":"00:00:00.0088930","StartTime":"2022-12-02T12:03:50.7318999+00:00","EndTime":"2022-12-02T12:03:50.7319056+00:00","Properties":[]},{"TestCase":{"Id":"38202516-3c18-2699-4131-7753fb3ba50f","FullyQualifiedName":"ToDoList.Tests.UnitTests.HomeControllerTests.Index_Check_UserTasks","DisplayName":"ToDoList.Tests.UnitTests.HomeControllerTests.Index_Check_UserTasks","ExecutorUri":"executor://xunit/VsTestRunner2/netcoreapp","Source":"D:\\csharp\\lern\\ToDoList.Test\\bin\\Debug\\netcoreapp3.1\\fine-code-coverage\\build-output\\ToDoList.Tests.dll","CodeFilePath":null,"LineNumber":0,"Properties":[]},"Attachments":[],"Outcome":1,"ErrorMessage":null,"ErrorStackTrace":null,"DisplayName":"ToDoList.Tests.UnitTests.HomeControllerTests.Index_Check_UserTasks(model: TaskListViewModel { Categories = [TaskCategory { ... }, TaskCategory { ... }, TaskCategory { ... }], Tasks = [UserTask { ... }, UserTask { ... }, UserTask { ... }, UserTask { ... }, UserTask { ... }, ...], UserTask = null })","Messages":[],"ComputerName":"USER-PC","Duration":"00:00:00.0042015","StartTime":"2022-12-02T12:03:50.7367081+00:00","EndTime":"2022-12-02T12:03:50.736712+00:00","Properties":[]},{"TestCase":{"Id":"5fddcec7-f9d5-9a0e-daa2-877efb5f84e7","FullyQualifiedName":"ToDoList.Tests.UnitTests.HomeControllerTests.AddUserTaskReturnsARedirectAndAddsUserInValidInput","DisplayName":"ToDoList.Tests.UnitTests.HomeControllerTests.AddUserTaskReturnsARedirectAndAddsUserInValidInput","ExecutorUri":"executor://xunit/VsTestRunner2/netcoreapp","Source":"D:\\csharp\\lern\\ToDoList.Test\\bin\\Debug\\netcoreapp3.1\\fine-code-coverage\\build-output\\ToDoList.Tests.dll","CodeFilePath":null,"LineNumber":0,"Properties":[]},"Attachments":[],"Outcome":1,"ErrorMessage":null,"ErrorStackTrace":null,"DisplayName":"ToDoList.Tests.UnitTests.HomeControllerTests.AddUserTaskReturnsARedirectAndAddsUserInValidInput","Messages":[],"ComputerName":"USER-PC","Duration":"00:00:00.0031598","StartTime":"2022-12-02T12:03:50.7421319+00:00","EndTime":"2022-12-02T12:03:50.7421381+00:00","Properties":[]},{"TestCase":{"Id":"0dc4d3a8-c619-e3a5-dbc9-ae5a53c9edc4","FullyQualifiedName":"ToDoList.Tests.UnitTests.HomeControllerTests.UpdateUserTaskStatusReturnsARedirectInputNull","DisplayName":"ToDoList.Tests.UnitTests.HomeControllerTests.UpdateUserTaskStatusReturnsARedirectInputNull","ExecutorUri":"executor://xunit/VsTestRunner2/netcoreapp","Source":"D:\\csharp\\lern\\ToDoList.Test\\bin\\Debug\\netcoreapp3.1\\fine-code-coverage\\build-output\\ToDoList.Tests.dll","CodeFilePath":null,"LineNumber":0,"Properties":[]},"Attachments":[],"Outcome":1,"ErrorMessage":null,"ErrorStackTrace":null,"DisplayName":"ToDoList.Tests.UnitTests.HomeControllerTests.UpdateUserTaskStatusReturnsARedirectInputNull","Messages":[],"ComputerName":"USER-PC","Duration":"00:00:00.0024205","StartTime":"2022-12-02T12:03:50.7483701+00:00","EndTime":"2022-12-02T12:03:50.7483757+00:00","Properties":[]}],"TestRunStatistics":{"ExecutedTests":18,"Stats":{"Passed":18}},"ActiveTests":[{"Id":"2bf62dcc-4880-861b-e23c-e560728ba36d","FullyQualifiedName":"ToDoList.Tests.UnitTests.HomeControllerTests.AddUserTaskReturnsARedirectAndAddsUserValidInput","DisplayName":"ToDoList.Tests.UnitTests.HomeControllerTests.AddUserTaskReturnsARedirectAndAddsUserValidInput","ExecutorUri":"executor://xunit/VsTestRunner2/netcoreapp","Source":"D:\\csharp\\lern\\ToDoList.Test\\bin\\Debug\\netcoreapp3.1\\fine-code-coverage\\build-output\\ToDoList.Tests.dll","CodeFilePath":null,"LineNumber":0,"Properties":[]}]}}
TpTrace Verbose: 0 : 33628, 10, 2022/12/02, 15:03:50.764, 1540345436078, vstest.console.dll, TestRunRequest:SendTestRunStatsChange: Starting.
TpTrace Verbose: 0 : 33628, 10, 2022/12/02, 15:03:50.764, 1540345437561, vstest.console.dll, InProgress is ToDoList.Tests.UnitTests.HomeControllerTests.AddUserTaskReturnsARedirectAndAddsUserValidInput
TpTrace Verbose: 0 : 33628, 10, 2022/12/02, 15:03:50.764, 1540345438729, vstest.console.dll, MulticastDelegateUtilities.SafeInvoke: TestRun.RunStatsChanged: Invoking callbacks was skipped because there are no subscribers.
TpTrace Information: 0 : 33628, 10, 2022/12/02, 15:03:50.765, 1540345439514, vstest.console.dll, TestRunRequest:SendTestRunStatsChange: Completed.
TpTrace Verbose: 0 : 33628, 4, 2022/12/02, 15:03:50.765, 1540345439873, vstest.console.dll, MulticastDelegateUtilities.SafeInvoke: InternalTestLoggerEvents.SendTestResult: Invoking callback 1/1 for Microsoft.VisualStudio.TestPlatform.CommandLine.Internal.ConsoleLogger.TestResultHandler, took 0 ms.
TpTrace Verbose: 0 : 33628, 10, 2022/12/02, 15:03:50.765, 1540345440327, vstest.console.dll, MulticastDelegateUtilities.SafeInvoke: LengthPrefixCommunicationChannel: MessageReceived: Invoking callback 1/1 for Microsoft.VisualStudio.TestPlatform.CommunicationUtilities.TestRequestSender+<>c__DisplayClass31_0.<StartTestRun>b__1, took 9 ms.
TpTrace Verbose: 0 : 33628, 4, 2022/12/02, 15:03:50.765, 1540345441582, vstest.console.dll, MulticastDelegateUtilities.SafeInvoke: InternalTestLoggerEvents.SendTestResult: Invoking callback 1/1 for Microsoft.VisualStudio.TestPlatform.CommandLine.Internal.ConsoleLogger.TestResultHandler, took 0 ms.
TpTrace Verbose: 0 : 33628, 10, 2022/12/02, 15:03:50.765, 1540345442142, vstest.console.dll, TcpClientExtensions.MessageLoopAsync: Polling on remoteEndPoint: 127.0.0.1:52620 localEndPoint: 127.0.0.1:52619
TpTrace Verbose: 0 : 33628, 4, 2022/12/02, 15:03:50.765, 1540345443049, vstest.console.dll, MulticastDelegateUtilities.SafeInvoke: InternalTestLoggerEvents.SendTestResult: Invoking callback 1/1 for Microsoft.VisualStudio.TestPlatform.CommandLine.Internal.ConsoleLogger.TestResultHandler, took 0 ms.
TpTrace Verbose: 0 : 33628, 4, 2022/12/02, 15:03:50.765, 1540345444312, vstest.console.dll, MulticastDelegateUtilities.SafeInvoke: InternalTestLoggerEvents.SendTestResult: Invoking callback 1/1 for Microsoft.VisualStudio.TestPlatform.CommandLine.Internal.ConsoleLogger.TestResultHandler, took 0 ms.
TpTrace Verbose: 0 : 33628, 4, 2022/12/02, 15:03:50.765, 1540345445141, vstest.console.dll, MulticastDelegateUtilities.SafeInvoke: InternalTestLoggerEvents.SendTestResult: Invoking callback 1/1 for Microsoft.VisualStudio.TestPlatform.CommandLine.Internal.ConsoleLogger.TestResultHandler, took 0 ms.
TpTrace Verbose: 0 : 33628, 4, 2022/12/02, 15:03:50.765, 1540345445998, vstest.console.dll, MulticastDelegateUtilities.SafeInvoke: InternalTestLoggerEvents.SendTestResult: Invoking callback 1/1 for Microsoft.VisualStudio.TestPlatform.CommandLine.Internal.ConsoleLogger.TestResultHandler, took 0 ms.
TpTrace Verbose: 0 : 33628, 4, 2022/12/02, 15:03:50.765, 1540345446786, vstest.console.dll, MulticastDelegateUtilities.SafeInvoke: InternalTestLoggerEvents.SendTestResult: Invoking callback 1/1 for Microsoft.VisualStudio.TestPlatform.CommandLine.Internal.ConsoleLogger.TestResultHandler, took 0 ms.
TpTrace Verbose: 0 : 33628, 4, 2022/12/02, 15:03:50.765, 1540345447559, vstest.console.dll, MulticastDelegateUtilities.SafeInvoke: InternalTestLoggerEvents.SendTestResult: Invoking callback 1/1 for Microsoft.VisualStudio.TestPlatform.CommandLine.Internal.ConsoleLogger.TestResultHandler, took 0 ms.
TpTrace Verbose: 0 : 33628, 4, 2022/12/02, 15:03:50.765, 1540345448355, vstest.console.dll, MulticastDelegateUtilities.SafeInvoke: InternalTestLoggerEvents.SendTestResult: Invoking callback 1/1 for Microsoft.VisualStudio.TestPlatform.CommandLine.Internal.ConsoleLogger.TestResultHandler, took 0 ms.
TpTrace Verbose: 0 : 33628, 10, 2022/12/02, 15:03:50.774, 1540345536546, vstest.console.dll, TcpClientExtensions.MessageLoopAsync: NotifyDataAvailable remoteEndPoint: 127.0.0.1:52620 localEndPoint: 127.0.0.1:52619
TpTrace Verbose: 0 : 33628, 10, 2022/12/02, 15:03:50.775, 1540345539389, vstest.console.dll, TestRequestSender.OnExecutionMessageReceived: Received message: {"Version":5,"MessageType":"TestSession.Message","Payload":{"MessageLevel":0,"Message":"[xUnit.net 00:00:03.68]   Finished:    ToDoList.Tests"}}
TpTrace Verbose: 0 : 33628, 10, 2022/12/02, 15:03:50.775, 1540345541295, vstest.console.dll, TestRunRequest:SendTestRunMessage: Starting.
TpTrace Verbose: 0 : 33628, 10, 2022/12/02, 15:03:50.775, 1540345542662, vstest.console.dll, MulticastDelegateUtilities.SafeInvoke: TestRun.LogMessages: Invoking callback 1/1 for Microsoft.VisualStudio.TestPlatform.CommandLine.TestRunResultAggregator.TestRunMessageHandler, took 0 ms.
TpTrace Verbose: 0 : 33628, 4, 2022/12/02, 15:03:50.775, 1540345542681, vstest.console.dll, MulticastDelegateUtilities.SafeInvoke: InternalTestLoggerEvents.SendTestRunMessage: Invoking callback 1/1 for Microsoft.VisualStudio.TestPlatform.CommandLine.Internal.ConsoleLogger.TestMessageHandler, took 0 ms.
TpTrace Information: 0 : 33628, 10, 2022/12/02, 15:03:50.775, 1540345543659, vstest.console.dll, TestRunRequest:SendTestRunMessage: Completed.
TpTrace Verbose: 0 : 33628, 10, 2022/12/02, 15:03:50.775, 1540345544997, vstest.console.dll, MulticastDelegateUtilities.SafeInvoke: LengthPrefixCommunicationChannel: MessageReceived: Invoking callback 1/1 for Microsoft.VisualStudio.TestPlatform.CommunicationUtilities.TestRequestSender+<>c__DisplayClass31_0.<StartTestRun>b__1, took 0 ms.
TpTrace Verbose: 0 : 33628, 10, 2022/12/02, 15:03:50.775, 1540345545550, vstest.console.dll, TcpClientExtensions.MessageLoopAsync: Polling on remoteEndPoint: 127.0.0.1:52620 localEndPoint: 127.0.0.1:52619
TpTrace Verbose: 0 : 33628, 10, 2022/12/02, 15:03:50.814, 1540345934072, vstest.console.dll, TcpClientExtensions.MessageLoopAsync: NotifyDataAvailable remoteEndPoint: 127.0.0.1:52620 localEndPoint: 127.0.0.1:52619
TpTrace Verbose: 0 : 33628, 10, 2022/12/02, 15:03:50.814, 1540345937169, vstest.console.dll, TestRequestSender.OnExecutionMessageReceived: Received message: {"Version":5,"MessageType":"TestExecution.Completed","Payload":{"TestRunCompleteArgs":{"TestRunStatistics":{"ExecutedTests":21,"Stats":{"Passed":21}},"IsCanceled":false,"IsAborted":false,"Error":null,"AttachmentSets":[],"ElapsedTimeInRunningTests":"00:00:03.7065013","Metrics":{}},"LastRunTests":{"NewTestResults":[{"TestCase":{"Id":"2bf62dcc-4880-861b-e23c-e560728ba36d","FullyQualifiedName":"ToDoList.Tests.UnitTests.HomeControllerTests.AddUserTaskReturnsARedirectAndAddsUserValidInput","DisplayName":"ToDoList.Tests.UnitTests.HomeControllerTests.AddUserTaskReturnsARedirectAndAddsUserValidInput","ExecutorUri":"executor://xunit/VsTestRunner2/netcoreapp","Source":"D:\\csharp\\lern\\ToDoList.Test\\bin\\Debug\\netcoreapp3.1\\fine-code-coverage\\build-output\\ToDoList.Tests.dll","CodeFilePath":null,"LineNumber":0,"Properties":[]},"Attachments":[],"Outcome":1,"ErrorMessage":null,"ErrorStackTrace":null,"DisplayName":"ToDoList.Tests.UnitTests.HomeControllerTests.AddUserTaskReturnsARedirectAndAddsUserValidInput","Messages":[],"ComputerName":"USER-PC","Duration":"00:00:00.0062461","StartTime":"2022-12-02T12:03:50.7581088+00:00","EndTime":"2022-12-02T12:03:50.7581143+00:00","Properties":[]},{"TestCase":{"Id":"d22fe5f4-85e7-52ae-ab3d-755ab4f9c887","FullyQualifiedName":"ToDoList.Tests.UnitTests.HomeControllerTests.Check_Sidebar_menu","DisplayName":"ToDoList.Tests.UnitTests.HomeControllerTests.Check_Sidebar_menu","ExecutorUri":"executor://xunit/VsTestRunner2/netcoreapp","Source":"D:\\csharp\\lern\\ToDoList.Test\\bin\\Debug\\netcoreapp3.1\\fine-code-coverage\\build-output\\ToDoList.Tests.dll","CodeFilePath":null,"LineNumber":0,"Properties":[]},"Attachments":[],"Outcome":1,"ErrorMessage":null,"ErrorStackTrace":null,"DisplayName":"ToDoList.Tests.UnitTests.HomeControllerTests.Check_Sidebar_menu","Messages":[],"ComputerName":"USER-PC","Duration":"00:00:00.0036355","StartTime":"2022-12-02T12:03:50.7642119+00:00","EndTime":"2022-12-02T12:03:50.7642199+00:00","Properties":[]},{"TestCase":{"Id":"5962a33d-eefa-fc63-996b-b525766b4872","FullyQualifiedName":"ToDoList.Tests.UnitTests.HomeControllerTests.Index_CheckTaskCategories","DisplayName":"ToDoList.Tests.UnitTests.HomeControllerTests.Index_CheckTaskCategories","ExecutorUri":"executor://xunit/VsTestRunner2/netcoreapp","Source":"D:\\csharp\\lern\\ToDoList.Test\\bin\\Debug\\netcoreapp3.1\\fine-code-coverage\\build-output\\ToDoList.Tests.dll","CodeFilePath":null,"LineNumber":0,"Properties":[]},"Attachments":[],"Outcome":1,"ErrorMessage":null,"ErrorStackTrace":null,"DisplayName":"ToDoList.Tests.UnitTests.HomeControllerTests.Index_CheckTaskCategories(model: TaskListViewModel { Categories = [TaskCategory { ... }, TaskCategory { ... }, TaskCategory { ... }], Tasks = [UserTask { ... }, UserTask { ... }, UserTask { ... }, UserTask { ... }, UserTask { ... }, ...], UserTask = null })","Messages":[],"ComputerName":"USER-PC","Duration":"00:00:00.0013607","StartTime":"2022-12-02T12:03:50.7689776+00:00","EndTime":"2022-12-02T12:03:50.7689815+00:00","Properties":[]}],"TestRunStatistics":{"ExecutedTests":21,"Stats":{"Passed":21}},"ActiveTests":[]},"RunAttachments":[],"ExecutorUris":["executor://xunit/VsTestRunner2/netcoreapp"]}}
TpTrace Verbose: 0 : 33628, 10, 2022/12/02, 15:03:50.814, 1540345938951, vstest.console.dll, TestRequestSender.EndSession: Sending end session.
TpTrace Verbose: 0 : 33628, 10, 2022/12/02, 15:03:50.815, 1540345941577, vstest.console.dll, ProxyOperationManager.Close: waiting for test host to exit for 100 ms
TpTrace Warning: 0 : 33628, 12, 2022/12/02, 15:03:50.864, 1540346429391, vstest.console.dll, TestHostManagerCallbacks.ErrorReceivedCallback Test host standard error line: 
TpTrace Verbose: 0 : 33628, 12, 2022/12/02, 15:03:50.910, 1540346893689, vstest.console.dll, TestHostProvider.ExitCallBack: Host exited starting callback.
TpTrace Information: 0 : 33628, 12, 2022/12/02, 15:03:50.911, 1540346904284, vstest.console.dll, TestHostManagerCallbacks.ExitCallBack: Testhost processId: 30796 exited with exitcode: 0 error: ''
TpTrace Verbose: 0 : 33628, 12, 2022/12/02, 15:03:50.911, 1540346906307, vstest.console.dll, DotnetTestHostManager.OnHostExited: invoking OnHostExited callback
TpTrace Verbose: 0 : 33628, 12, 2022/12/02, 15:03:50.912, 1540346909322, vstest.console.dll, CrossPlatEngine.TestHostManagerHostExited: calling on client process exit callback.
TpTrace Information: 0 : 33628, 12, 2022/12/02, 15:03:50.912, 1540346911588, vstest.console.dll, TestRequestSender.OnClientProcessExit: Test host process exited. Standard error: 
TpTrace Information: 0 : 33628, 10, 2022/12/02, 15:03:50.912, 1540346912426, vstest.console.dll, SocketServer.Stop: Stop server endPoint: 127.0.0.1:52619
TpTrace Information: 0 : 33628, 12, 2022/12/02, 15:03:50.912, 1540346912736, vstest.console.dll, SocketServer.Stop: Stop server endPoint: 127.0.0.1:52619
TpTrace Information: 0 : 33628, 12, 2022/12/02, 15:03:50.912, 1540346914342, vstest.console.dll, SocketServer.Stop: Cancellation requested. Stopping message loop.
TpTrace Information: 0 : 33628, 10, 2022/12/02, 15:03:50.912, 1540346913671, vstest.console.dll, SocketServer.Stop: Cancellation requested. Stopping message loop.
TpTrace Information: 0 : 33628, 10, 2022/12/02, 15:03:50.912, 1540346916216, vstest.console.dll, Closing the connection
TpTrace Verbose: 0 : 33628, 12, 2022/12/02, 15:03:50.912, 1540346916966, vstest.console.dll, MulticastDelegateUtilities.SafeInvoke: HostProviderEvents.OnHostExited: Invoking callback 1/1 for Microsoft.VisualStudio.TestPlatform.CrossPlatEngine.Client.ProxyOperationManager.TestHostManagerHostExited, took 0 ms.
TpTrace Verbose: 0 : 33628, 10, 2022/12/02, 15:03:50.913, 1540346921262, vstest.console.dll, ProxyDataCollectionManager.InvokeDataCollectionServiceAction: Starting.
TpTrace Information: 0 : 33628, 10, 2022/12/02, 15:03:50.913, 1540346922434, vstest.console.dll, ProxyDataCollectionManager.AfterTestRunEnd: Get attachment set and invoked data collectors processId: 25256 port: 52616
TpTrace Verbose: 0 : 33628, 10, 2022/12/02, 15:03:50.913, 1540346923485, vstest.console.dll, DataCollectionRequestSender.SendAfterTestRunStartAndGetResult: Send AfterTestRunEnd message with isCancelled: False
TpTrace Verbose: 0 : 33628, 10, 2022/12/02, 15:03:50.929, 1540347083552, vstest.console.dll, DataCollectionRequestSender.SendAfterTestRunStartAndGetResult: Received message: (DataCollection.AfterTestRunEndResult) -> {"MessageType":"DataCollection.AfterTestRunEndResult","Payload":{"AttachmentSets":[],"InvokedDataCollectors":[{"Uri":"datacollector://Microsoft/TestPlatform/Extensions/Blame/v1","FriendlyName":"Blame","AssemblyQualifiedName":"Microsoft.TestPlatform.Extensions.BlameDataCollector.BlameCollector, Microsoft.TestPlatform.Extensions.BlameDataCollector, Version=15.0.0.0, Culture=neutral, PublicKeyToken=b03f5f7f11d50a3a","FilePath":"C:\\Program Files\\dotnet\\sdk\\6.0.400\\Extensions\\Microsoft.TestPlatform.Extensions.BlameDataCollector.dll","HasAttachmentProcessor":false}],"Metrics":{}}}
TpTrace Warning: 0 : 33628, 9, 2022/12/02, 15:03:50.940, 1540347191294, vstest.console.dll, DataCollectionLauncher.ErrorReceivedCallback datacollector standard error line: 
TpTrace Information: 0 : 33628, 10, 2022/12/02, 15:03:50.945, 1540347239260, vstest.console.dll, ProxyDataCollectionManager.InvokeDataCollectionServiceAction: Completed.
TpTrace Information: 0 : 33628, 9, 2022/12/02, 15:03:50.950, 1540347294841, vstest.console.dll, DataCollectionLauncher.ExitCallBack: Data collector exited with exitcode: 0 error: ''
TpTrace Verbose: 0 : 33628, 10, 2022/12/02, 15:03:51.033, 1540348127583, vstest.console.dll, TestRunRequest:SendTestRunStatsChange: Starting.
TpTrace Verbose: 0 : 33628, 10, 2022/12/02, 15:03:51.034, 1540348129457, vstest.console.dll, MulticastDelegateUtilities.SafeInvoke: TestRun.RunStatsChanged: Invoking callbacks was skipped because there are no subscribers.
TpTrace Information: 0 : 33628, 10, 2022/12/02, 15:03:51.034, 1540348130322, vstest.console.dll, TestRunRequest:SendTestRunStatsChange: Completed.
TpTrace Verbose: 0 : 33628, 10, 2022/12/02, 15:03:51.034, 1540348137361, vstest.console.dll, ParallelProxyExecutionManager: HandlePartialRunComplete: Total completed clients = 1, Run complete = True, Run canceled: False.
TpTrace Verbose: 0 : 33628, 4, 2022/12/02, 15:03:51.040, 1540348192902, vstest.console.dll, MulticastDelegateUtilities.SafeInvoke: InternalTestLoggerEvents.SendTestResult: Invoking callback 1/1 for Microsoft.VisualStudio.TestPlatform.CommandLine.Internal.ConsoleLogger.TestResultHandler, took 6 ms.
TpTrace Verbose: 0 : 33628, 4, 2022/12/02, 15:03:51.040, 1540348195775, vstest.console.dll, MulticastDelegateUtilities.SafeInvoke: InternalTestLoggerEvents.SendTestResult: Invoking callback 1/1 for Microsoft.VisualStudio.TestPlatform.CommandLine.Internal.ConsoleLogger.TestResultHandler, took 0 ms.
TpTrace Verbose: 0 : 33628, 4, 2022/12/02, 15:03:51.040, 1540348197738, vstest.console.dll, MulticastDelegateUtilities.SafeInvoke: InternalTestLoggerEvents.SendTestResult: Invoking callback 1/1 for Microsoft.VisualStudio.TestPlatform.CommandLine.Internal.ConsoleLogger.TestResultHandler, took 0 ms.
TpTrace Verbose: 0 : 33628, 4, 2022/12/02, 15:03:51.059, 1540348384002, vstest.console.dll, MulticastDelegateUtilities.SafeInvoke: InternalTestLoggerEvents.SendTestRunComplete: Invoking callback 1/2 for Microsoft.TestPlatform.Extensions.BlameDataCollector.BlameLogger.TestRunCompleteHandler, took 0 ms.
TpTrace Verbose: 0 : 33628, 4, 2022/12/02, 15:03:51.073, 1540348523929, vstest.console.dll, MulticastDelegateUtilities.SafeInvoke: InternalTestLoggerEvents.SendTestRunComplete: Invoking callback 2/2 for Microsoft.VisualStudio.TestPlatform.CommandLine.Internal.ConsoleLogger.TestRunCompleteHandler, took 13 ms.
TpTrace Verbose: 0 : 33628, 10, 2022/12/02, 15:03:51.074, 1540348529647, vstest.console.dll, TestRunRequest:TestRunComplete: Starting. IsAborted:False IsCanceled:False.
TpTrace Verbose: 0 : 33628, 10, 2022/12/02, 15:03:51.076, 1540348554923, vstest.console.dll, TestLoggerManager.HandleTestRunComplete: Ignoring as the object is disposed.
TpTrace Verbose: 0 : 33628, 10, 2022/12/02, 15:03:51.077, 1540348560111, vstest.console.dll, MulticastDelegateUtilities.SafeInvoke: TestRun.TestRunComplete: Invoking callback 1/2 for Microsoft.VisualStudio.TestPlatform.CommandLine.TestRunResultAggregator.TestRunCompletionHandler, took 0 ms.
TpTrace Verbose: 0 : 33628, 10, 2022/12/02, 15:03:51.077, 1540348561711, vstest.console.dll, MulticastDelegateUtilities.SafeInvoke: TestRun.TestRunComplete: Invoking callback 2/2 for Microsoft.VisualStudio.TestPlatform.CommandLine.Processors.RunTestsArgumentExecutor+TestRunRequestEventsRegistrar.TestRunRequest_OnRunCompletion, took 0 ms.
TpTrace Information: 0 : 33628, 10, 2022/12/02, 15:03:51.077, 1540348563824, vstest.console.dll, TestRunRequest:TestRunComplete: Completed.
TpTrace Verbose: 0 : 33628, 1, 2022/12/02, 15:03:51.077, 1540348564307, vstest.console.dll, TestRunRequest.Dispose: Starting.
TpTrace Verbose: 0 : 33628, 10, 2022/12/02, 15:03:51.077, 1540348564644, vstest.console.dll, TestRequestSender.SetOperationComplete: Setting operation complete.
TpTrace Information: 0 : 33628, 1, 2022/12/02, 15:03:51.077, 1540348565771, vstest.console.dll, TestRunRequest.Dispose: Completed.
TpTrace Information: 0 : 33628, 10, 2022/12/02, 15:03:51.077, 1540348566604, vstest.console.dll, SocketServer.Stop: Stop server endPoint: 127.0.0.1:52619
TpTrace Information: 0 : 33628, 1, 2022/12/02, 15:03:51.077, 1540348566766, vstest.console.dll, TestRequestManager.RunTests: run tests completed.
TpTrace Information: 0 : 33628, 10, 2022/12/02, 15:03:51.077, 1540348567437, vstest.console.dll, SocketServer.Stop: Cancellation requested. Stopping message loop.
TpTrace Verbose: 0 : 33628, 10, 2022/12/02, 15:03:51.077, 1540348568723, vstest.console.dll, MulticastDelegateUtilities.SafeInvoke: LengthPrefixCommunicationChannel: MessageReceived: Invoking callback 1/1 for Microsoft.VisualStudio.TestPlatform.CommunicationUtilities.TestRequestSender+<>c__DisplayClass31_0.<StartTestRun>b__1, took 263 ms.
TpTrace Information: 0 : 33628, 1, 2022/12/02, 15:03:51.078, 1540348569128, vstest.console.dll, RunTestsArgumentProcessor:Execute: Test run is completed.
TpTrace Information: 0 : 33628, 10, 2022/12/02, 15:03:51.078, 1540348569480, vstest.console.dll, SocketServer.PrivateStop: Stopping server endPoint: 127.0.0.1:52619 error: 
TpTrace Verbose: 0 : 33628, 1, 2022/12/02, 15:03:51.078, 1540348572573, vstest.console.dll, Executor.Execute: Exiting with exit code of 0
TpTrace Verbose: 0 : 33628, 10, 2022/12/02, 15:03:51.079, 1540348579573, vstest.console.dll, LengthPrefixCommunicationChannel.Dispose: Dispose reader and writer.
TpTrace Information: 0 : 33628, 10, 2022/12/02, 15:03:51.079, 1540348583063, vstest.console.dll, SocketServer.Stop: Raise disconnected event endPoint: 127.0.0.1:52619 error: 
