<?xml version="1.0" encoding="utf-8"?>
<coverage line-rate="0.5842" branch-rate="0.1985" version="1.9" timestamp="1670162152" lines-covered="378" lines-valid="647" branches-covered="56" branches-valid="282">
  <sources>
    <source>D:\csharp\lern\</source>
    <source>C:\</source>
  </sources>
  <packages>
    <package name="ToDoList" line-rate="0.4219" branch-rate="0.7368000000000001" complexity="115">
      <classes>
        <class name="ToDoList.Program" filename="ToDoList\Program.cs" line-rate="0" branch-rate="1" complexity="2">
          <methods>
            <method name="Main" signature="(System.String[])" line-rate="0" branch-rate="1" complexity="1">
              <lines>
                <line number="15" hits="0" branch="False" />
                <line number="16" hits="0" branch="False" />
                <line number="17" hits="0" branch="False" />
              </lines>
            </method>
            <method name="CreateHostBuilder" signature="(System.String[])" line-rate="0" branch-rate="1" complexity="1">
              <lines>
                <line number="20" hits="0" branch="False" />
                <line number="21" hits="0" branch="False" />
                <line number="22" hits="0" branch="False" />
                <line number="23" hits="0" branch="False" />
                <line number="24" hits="0" branch="False" />
              </lines>
            </method>
          </methods>
          <lines>
            <line number="15" hits="0" branch="False" />
            <line number="16" hits="0" branch="False" />
            <line number="17" hits="0" branch="False" />
            <line number="20" hits="0" branch="False" />
            <line number="21" hits="0" branch="False" />
            <line number="22" hits="0" branch="False" />
            <line number="23" hits="0" branch="False" />
            <line number="24" hits="0" branch="False" />
          </lines>
        </class>
        <class name="ToDoList.Startup" filename="ToDoList\Startup.cs" line-rate="0" branch-rate="0" complexity="5">
          <methods>
            <method name="get_Configuration" signature="()" line-rate="0" branch-rate="1" complexity="1">
              <lines>
                <line number="25" hits="0" branch="False" />
              </lines>
            </method>
            <method name="ConfigureServices" signature="(Microsoft.Extensions.DependencyInjection.IServiceCollection)" line-rate="0" branch-rate="1" complexity="1">
              <lines>
                <line number="29" hits="0" branch="False" />
                <line number="30" hits="0" branch="False" />
                <line number="32" hits="0" branch="False" />
                <line number="33" hits="0" branch="False" />
                <line number="34" hits="0" branch="False" />
                <line number="35" hits="0" branch="False" />
                <line number="36" hits="0" branch="False" />
                <line number="37" hits="0" branch="False" />
                <line number="38" hits="0" branch="False" />
                <line number="40" hits="0" branch="False" />
              </lines>
            </method>
            <method name="Configure" signature="(Microsoft.AspNetCore.Builder.IApplicationBuilder,Microsoft.AspNetCore.Hosting.IWebHostEnvironment)" line-rate="0" branch-rate="0" complexity="2">
              <lines>
                <line number="44" hits="0" branch="False" />
                <line number="45" hits="0" branch="True" condition-coverage="0% (0/2)">
                  <conditions>
                    <condition number="9" type="jump" coverage="0%" />
                  </conditions>
                </line>
                <line number="46" hits="0" branch="False" />
                <line number="47" hits="0" branch="False" />
                <line number="48" hits="0" branch="False" />
                <line number="50" hits="0" branch="False" />
                <line number="51" hits="0" branch="False" />
                <line number="53" hits="0" branch="False" />
                <line number="54" hits="0" branch="False" />
                <line number="55" hits="0" branch="False" />
                <line number="56" hits="0" branch="False" />
                <line number="58" hits="0" branch="False" />
                <line number="60" hits="0" branch="False" />
                <line number="62" hits="0" branch="False" />
                <line number="63" hits="0" branch="False" />
                <line number="64" hits="0" branch="False" />
                <line number="65" hits="0" branch="False" />
                <line number="66" hits="0" branch="False" />
                <line number="67" hits="0" branch="False" />
                <line number="68" hits="0" branch="False" />
                <line number="69" hits="0" branch="False" />
                <line number="70" hits="0" branch="False" />
                <line number="71" hits="0" branch="False" />
              </lines>
            </method>
            <method name=".ctor" signature="(Microsoft.Extensions.Configuration.IConfiguration)" line-rate="0" branch-rate="1" complexity="1">
              <lines>
                <line number="20" hits="0" branch="False" />
                <line number="21" hits="0" branch="False" />
                <line number="22" hits="0" branch="False" />
                <line number="23" hits="0" branch="False" />
              </lines>
            </method>
          </methods>
          <lines>
            <line number="25" hits="0" branch="False" />
            <line number="29" hits="0" branch="False" />
            <line number="30" hits="0" branch="False" />
            <line number="32" hits="0" branch="False" />
            <line number="33" hits="0" branch="False" />
            <line number="34" hits="0" branch="False" />
            <line number="35" hits="0" branch="False" />
            <line number="36" hits="0" branch="False" />
            <line number="37" hits="0" branch="False" />
            <line number="38" hits="0" branch="False" />
            <line number="40" hits="0" branch="False" />
            <line number="44" hits="0" branch="False" />
            <line number="45" hits="0" branch="True" condition-coverage="0% (0/2)">
              <conditions>
                <condition number="9" type="jump" coverage="0%" />
              </conditions>
            </line>
            <line number="46" hits="0" branch="False" />
            <line number="47" hits="0" branch="False" />
            <line number="48" hits="0" branch="False" />
            <line number="50" hits="0" branch="False" />
            <line number="51" hits="0" branch="False" />
            <line number="53" hits="0" branch="False" />
            <line number="54" hits="0" branch="False" />
            <line number="55" hits="0" branch="False" />
            <line number="56" hits="0" branch="False" />
            <line number="58" hits="0" branch="False" />
            <line number="60" hits="0" branch="False" />
            <line number="62" hits="0" branch="False" />
            <line number="63" hits="0" branch="False" />
            <line number="64" hits="0" branch="False" />
            <line number="65" hits="0" branch="False" />
            <line number="66" hits="0" branch="False" />
            <line number="67" hits="0" branch="False" />
            <line number="68" hits="0" branch="False" />
            <line number="69" hits="0" branch="False" />
            <line number="70" hits="0" branch="False" />
            <line number="71" hits="0" branch="False" />
            <line number="20" hits="0" branch="False" />
            <line number="21" hits="0" branch="False" />
            <line number="22" hits="0" branch="False" />
            <line number="23" hits="0" branch="False" />
          </lines>
        </class>
        <class name="ToDoList.Models.ErrorViewModel" filename="ToDoList\Models\ErrorViewModel.cs" line-rate="0" branch-rate="1" complexity="2">
          <methods>
            <method name="get_RequestId" signature="()" line-rate="0" branch-rate="1" complexity="1">
              <lines>
                <line number="7" hits="0" branch="False" />
              </lines>
            </method>
            <method name="get_ShowRequestId" signature="()" line-rate="0" branch-rate="1" complexity="1">
              <lines>
                <line number="9" hits="0" branch="False" />
              </lines>
            </method>
          </methods>
          <lines>
            <line number="7" hits="0" branch="False" />
            <line number="9" hits="0" branch="False" />
          </lines>
        </class>
        <class name="ToDoList.Models.ItemSideBar" filename="ToDoList\Models\ItemSideBar.cs" line-rate="1" branch-rate="1" complexity="3">
          <methods>
            <method name="get_Id" signature="()" line-rate="1" branch-rate="1" complexity="1">
              <lines>
                <line number="5" hits="268" branch="False" />
              </lines>
            </method>
            <method name="get_Name" signature="()" line-rate="1" branch-rate="1" complexity="1">
              <lines>
                <line number="6" hits="278" branch="False" />
              </lines>
            </method>
            <method name="get_IsActiv" signature="()" line-rate="1" branch-rate="1" complexity="1">
              <lines>
                <line number="7" hits="244" branch="False" />
              </lines>
            </method>
          </methods>
          <lines>
            <line number="5" hits="268" branch="False" />
            <line number="6" hits="278" branch="False" />
            <line number="7" hits="244" branch="False" />
          </lines>
        </class>
        <class name="ToDoList.Models.TaskCategory" filename="ToDoList\Models\TaskCategory.cs" line-rate="1" branch-rate="1" complexity="3">
          <methods>
            <method name="get_Id" signature="()" line-rate="1" branch-rate="1" complexity="1">
              <lines>
                <line number="5" hits="144" branch="False" />
              </lines>
            </method>
            <method name="get_Category" signature="()" line-rate="1" branch-rate="1" complexity="1">
              <lines>
                <line number="6" hits="141" branch="False" />
              </lines>
            </method>
            <method name="get_IsDeleted" signature="()" line-rate="1" branch-rate="1" complexity="1">
              <lines>
                <line number="7" hits="135" branch="False" />
              </lines>
            </method>
          </methods>
          <lines>
            <line number="5" hits="144" branch="False" />
            <line number="6" hits="141" branch="False" />
            <line number="7" hits="135" branch="False" />
          </lines>
        </class>
        <class name="ToDoList.Models.ToDoListDbContext" filename="ToDoList\Models\ToDoListDbContext.cs" line-rate="0" branch-rate="1" complexity="3">
          <methods>
            <method name="get_Tasks" signature="()" line-rate="0" branch-rate="1" complexity="1">
              <lines>
                <line number="9" hits="0" branch="False" />
              </lines>
            </method>
            <method name="get_TaskCategories" signature="()" line-rate="0" branch-rate="1" complexity="1">
              <lines>
                <line number="10" hits="0" branch="False" />
              </lines>
            </method>
            <method name=".ctor" signature="(Microsoft.EntityFrameworkCore.DbContextOptions`1&lt;ToDoList.Models.ToDoListDbContext&gt;)" line-rate="0" branch-rate="1" complexity="1">
              <lines>
                <line number="7" hits="0" branch="False" />
                <line number="8" hits="0" branch="False" />
              </lines>
            </method>
          </methods>
          <lines>
            <line number="9" hits="0" branch="False" />
            <line number="10" hits="0" branch="False" />
            <line number="7" hits="0" branch="False" />
            <line number="8" hits="0" branch="False" />
          </lines>
        </class>
        <class name="ToDoList.Models.UserTask" filename="ToDoList\Models\UserTask.cs" line-rate="1" branch-rate="1" complexity="6">
          <methods>
            <method name="get_Id" signature="()" line-rate="1" branch-rate="1" complexity="1">
              <lines>
                <line number="10" hits="615" branch="False" />
              </lines>
            </method>
            <method name="get_Title" signature="()" line-rate="1" branch-rate="1" complexity="1">
              <lines>
                <line number="15" hits="503" branch="False" />
              </lines>
            </method>
            <method name="get_TaskCategory" signature="()" line-rate="1" branch-rate="1" complexity="1">
              <lines>
                <line number="16" hits="522" branch="False" />
              </lines>
            </method>
            <method name="get_IsDone" signature="()" line-rate="1" branch-rate="1" complexity="1">
              <lines>
                <line number="19" hits="5" branch="False" />
              </lines>
            </method>
            <method name="get_MakingDate" signature="()" line-rate="1" branch-rate="1" complexity="1">
              <lines>
                <line number="22" hits="1019" branch="False" />
              </lines>
            </method>
            <method name="get_Dedline" signature="()" line-rate="1" branch-rate="1" complexity="1">
              <lines>
                <line number="26" hits="994" branch="False" />
              </lines>
            </method>
          </methods>
          <lines>
            <line number="10" hits="615" branch="False" />
            <line number="15" hits="503" branch="False" />
            <line number="16" hits="522" branch="False" />
            <line number="19" hits="5" branch="False" />
            <line number="22" hits="1019" branch="False" />
            <line number="26" hits="994" branch="False" />
          </lines>
        </class>
        <class name="ToDoList.Models.ViewModels.TaskListViewModel" filename="ToDoList\Models\ViewModels\TaskListViewModel.cs" line-rate="1" branch-rate="1" complexity="3">
          <methods>
            <method name="get_Tasks" signature="()" line-rate="1" branch-rate="1" complexity="1">
              <lines>
                <line number="8" hits="19" branch="False" />
              </lines>
            </method>
            <method name="get_Categories" signature="()" line-rate="1" branch-rate="1" complexity="1">
              <lines>
                <line number="9" hits="19" branch="False" />
              </lines>
            </method>
            <method name="get_UserTask" signature="()" line-rate="1" branch-rate="1" complexity="1">
              <lines>
                <line number="12" hits="8" branch="False" />
              </lines>
            </method>
          </methods>
          <lines>
            <line number="8" hits="19" branch="False" />
            <line number="9" hits="19" branch="False" />
            <line number="12" hits="8" branch="False" />
          </lines>
        </class>
        <class name="ToDoList.Models.Repo.ECTaskRepository" filename="ToDoList\Models\Repo\ECTaskRepository.cs" line-rate="0" branch-rate="1" complexity="5">
          <methods>
            <method name="get_Tasks" signature="()" line-rate="0" branch-rate="1" complexity="1">
              <lines>
                <line number="14" hits="0" branch="False" />
              </lines>
            </method>
            <method name="get_Categories" signature="()" line-rate="0" branch-rate="1" complexity="1">
              <lines>
                <line number="16" hits="0" branch="False" />
              </lines>
            </method>
            <method name="UpdateUserTask" signature="(System.Int32,ToDoList.Models.UserTask)" line-rate="0" branch-rate="1" complexity="1">
              <lines>
                <line number="97" hits="0" branch="False" />
                <line number="98" hits="0" branch="False" />
              </lines>
            </method>
            <method name="UserTaskExists" signature="(System.Int32)" line-rate="0" branch-rate="1" complexity="1">
              <lines>
                <line number="112" hits="0" branch="False" />
                <line number="113" hits="0" branch="False" />
                <line number="114" hits="0" branch="False" />
              </lines>
            </method>
            <method name=".ctor" signature="(ToDoList.Models.ToDoListDbContext)" line-rate="0" branch-rate="1" complexity="1">
              <lines>
                <line number="10" hits="0" branch="False" />
                <line number="11" hits="0" branch="False" />
                <line number="12" hits="0" branch="False" />
                <line number="13" hits="0" branch="False" />
              </lines>
            </method>
          </methods>
          <lines>
            <line number="14" hits="0" branch="False" />
            <line number="16" hits="0" branch="False" />
            <line number="97" hits="0" branch="False" />
            <line number="98" hits="0" branch="False" />
            <line number="112" hits="0" branch="False" />
            <line number="113" hits="0" branch="False" />
            <line number="114" hits="0" branch="False" />
            <line number="10" hits="0" branch="False" />
            <line number="11" hits="0" branch="False" />
            <line number="12" hits="0" branch="False" />
            <line number="13" hits="0" branch="False" />
          </lines>
        </class>
        <class name="ToDoList.Models.Repo.ECTaskRepository/&lt;AddUserTask&gt;d__6" filename="ToDoList\Models\Repo\ECTaskRepository.cs" line-rate="0" branch-rate="1" complexity="1">
          <methods>
            <method name="MoveNext" signature="()" line-rate="0" branch-rate="1" complexity="1">
              <lines>
                <line number="19" hits="0" branch="False" />
                <line number="20" hits="0" branch="False" />
                <line number="21" hits="0" branch="False" />
                <line number="22" hits="0" branch="False" />
              </lines>
            </method>
          </methods>
          <lines>
            <line number="19" hits="0" branch="False" />
            <line number="20" hits="0" branch="False" />
            <line number="21" hits="0" branch="False" />
            <line number="22" hits="0" branch="False" />
          </lines>
        </class>
        <class name="ToDoList.Models.Repo.ECTaskRepository/&lt;ChangeStatusUserTask&gt;d__7" filename="ToDoList\Models\Repo\ECTaskRepository.cs" line-rate="0" branch-rate="0" complexity="4">
          <methods>
            <method name="MoveNext" signature="()" line-rate="0" branch-rate="0" complexity="4">
              <lines>
                <line number="25" hits="0" branch="False" />
                <line number="26" hits="0" branch="False" />
                <line number="28" hits="0" branch="True" condition-coverage="0% (0/2)">
                  <conditions>
                    <condition number="200" type="jump" coverage="0%" />
                  </conditions>
                </line>
                <line number="29" hits="0" branch="False" />
                <line number="30" hits="0" branch="False" />
                <line number="31" hits="0" branch="False" />
                <line number="33" hits="0" branch="False" />
                <line number="34" hits="0" branch="False" />
                <line number="35" hits="0" branch="False" />
                <line number="36" hits="0" branch="False" />
                <line number="39" hits="0" branch="False" />
                <line number="40" hits="0" branch="False" />
                <line number="41" hits="0" branch="False" />
                <line number="42" hits="0" branch="False" />
                <line number="43" hits="0" branch="False" />
                <line number="44" hits="0" branch="True" condition-coverage="0% (0/2)">
                  <conditions>
                    <condition number="427" type="jump" coverage="0%" />
                  </conditions>
                </line>
                <line number="45" hits="0" branch="False" />
                <line number="46" hits="0" branch="False" />
                <line number="49" hits="0" branch="False" />
                <line number="50" hits="0" branch="False" />
                <line number="53" hits="0" branch="False" />
                <line number="54" hits="0" branch="False" />
              </lines>
            </method>
          </methods>
          <lines>
            <line number="25" hits="0" branch="False" />
            <line number="26" hits="0" branch="False" />
            <line number="28" hits="0" branch="True" condition-coverage="0% (0/2)">
              <conditions>
                <condition number="200" type="jump" coverage="0%" />
              </conditions>
            </line>
            <line number="29" hits="0" branch="False" />
            <line number="30" hits="0" branch="False" />
            <line number="31" hits="0" branch="False" />
            <line number="33" hits="0" branch="False" />
            <line number="34" hits="0" branch="False" />
            <line number="35" hits="0" branch="False" />
            <line number="36" hits="0" branch="False" />
            <line number="39" hits="0" branch="False" />
            <line number="40" hits="0" branch="False" />
            <line number="41" hits="0" branch="False" />
            <line number="42" hits="0" branch="False" />
            <line number="43" hits="0" branch="False" />
            <line number="44" hits="0" branch="True" condition-coverage="0% (0/2)">
              <conditions>
                <condition number="427" type="jump" coverage="0%" />
              </conditions>
            </line>
            <line number="45" hits="0" branch="False" />
            <line number="46" hits="0" branch="False" />
            <line number="49" hits="0" branch="False" />
            <line number="50" hits="0" branch="False" />
            <line number="53" hits="0" branch="False" />
            <line number="54" hits="0" branch="False" />
          </lines>
        </class>
        <class name="ToDoList.Models.Repo.ECTaskRepository/&lt;DeleteUserTask&gt;d__8" filename="ToDoList\Models\Repo\ECTaskRepository.cs" line-rate="0" branch-rate="0" complexity="2">
          <methods>
            <method name="MoveNext" signature="()" line-rate="0" branch-rate="0" complexity="2">
              <lines>
                <line number="57" hits="0" branch="False" />
                <line number="58" hits="0" branch="False" />
                <line number="60" hits="0" branch="True" condition-coverage="0% (0/2)">
                  <conditions>
                    <condition number="198" type="jump" coverage="0%" />
                  </conditions>
                </line>
                <line number="61" hits="0" branch="False" />
                <line number="62" hits="0" branch="False" />
                <line number="63" hits="0" branch="False" />
                <line number="64" hits="0" branch="False" />
                <line number="65" hits="0" branch="False" />
                <line number="66" hits="0" branch="False" />
              </lines>
            </method>
          </methods>
          <lines>
            <line number="57" hits="0" branch="False" />
            <line number="58" hits="0" branch="False" />
            <line number="60" hits="0" branch="True" condition-coverage="0% (0/2)">
              <conditions>
                <condition number="198" type="jump" coverage="0%" />
              </conditions>
            </line>
            <line number="61" hits="0" branch="False" />
            <line number="62" hits="0" branch="False" />
            <line number="63" hits="0" branch="False" />
            <line number="64" hits="0" branch="False" />
            <line number="65" hits="0" branch="False" />
            <line number="66" hits="0" branch="False" />
          </lines>
        </class>
        <class name="ToDoList.Models.Repo.ECTaskRepository/&lt;EditUserTask&gt;d__9" filename="ToDoList\Models\Repo\ECTaskRepository.cs" line-rate="0" branch-rate="0" complexity="2">
          <methods>
            <method name="MoveNext" signature="()" line-rate="0" branch-rate="0" complexity="2">
              <lines>
                <line number="69" hits="0" branch="False" />
                <line number="71" hits="0" branch="False" />
                <line number="74" hits="0" branch="False" />
                <line number="75" hits="0" branch="False" />
                <line number="76" hits="0" branch="False" />
                <line number="77" hits="0" branch="False" />
                <line number="78" hits="0" branch="False" />
                <line number="79" hits="0" branch="True" condition-coverage="0% (0/2)">
                  <conditions>
                    <condition number="203" type="jump" coverage="0%" />
                  </conditions>
                </line>
                <line number="80" hits="0" branch="False" />
                <line number="81" hits="0" branch="False" />
                <line number="84" hits="0" branch="False" />
                <line number="85" hits="0" branch="False" />
                <line number="88" hits="0" branch="False" />
                <line number="89" hits="0" branch="False" />
              </lines>
            </method>
          </methods>
          <lines>
            <line number="69" hits="0" branch="False" />
            <line number="71" hits="0" branch="False" />
            <line number="74" hits="0" branch="False" />
            <line number="75" hits="0" branch="False" />
            <line number="76" hits="0" branch="False" />
            <line number="77" hits="0" branch="False" />
            <line number="78" hits="0" branch="False" />
            <line number="79" hits="0" branch="True" condition-coverage="0% (0/2)">
              <conditions>
                <condition number="203" type="jump" coverage="0%" />
              </conditions>
            </line>
            <line number="80" hits="0" branch="False" />
            <line number="81" hits="0" branch="False" />
            <line number="84" hits="0" branch="False" />
            <line number="85" hits="0" branch="False" />
            <line number="88" hits="0" branch="False" />
            <line number="89" hits="0" branch="False" />
          </lines>
        </class>
        <class name="ToDoList.Models.Repo.ECTaskRepository/&lt;GetUserTask&gt;d__10" filename="ToDoList\Models\Repo\ECTaskRepository.cs" line-rate="0" branch-rate="1" complexity="1">
          <methods>
            <method name="MoveNext" signature="()" line-rate="0" branch-rate="1" complexity="1">
              <lines>
                <line number="92" hits="0" branch="False" />
                <line number="93" hits="0" branch="False" />
                <line number="94" hits="0" branch="False" />
              </lines>
            </method>
          </methods>
          <lines>
            <line number="92" hits="0" branch="False" />
            <line number="93" hits="0" branch="False" />
            <line number="94" hits="0" branch="False" />
          </lines>
        </class>
        <class name="ToDoList.Models.Repo.ECToDoMenu" filename="ToDoList\Models\Repo\ECToDoMenu.cs" line-rate="0" branch-rate="0" complexity="4">
          <methods>
            <method name="get_itemsSideBars" signature="()" line-rate="0" branch-rate="1" complexity="1">
              <lines>
                <line number="16" hits="0" branch="False" />
              </lines>
            </method>
            <method name="MakeMenu" signature="()" line-rate="0" branch-rate="0" complexity="2">
              <lines>
                <line number="19" hits="0" branch="False" />
                <line number="20" hits="0" branch="False" />
                <line number="22" hits="0" branch="False" />
                <line number="23" hits="0" branch="False" />
                <line number="24" hits="0" branch="False" />
                <line number="25" hits="0" branch="True" condition-coverage="0% (0/2)">
                  <conditions>
                    <condition number="179" type="jump" coverage="0%" />
                  </conditions>
                </line>
                <line number="26" hits="0" branch="False" />
                <line number="27" hits="0" branch="False" />
                <line number="28" hits="0" branch="False" />
                <line number="29" hits="0" branch="False" />
                <line number="30" hits="0" branch="False" />
                <line number="31" hits="0" branch="False" />
              </lines>
            </method>
            <method name=".ctor" signature="(ToDoList.Models.ToDoListDbContext)" line-rate="0" branch-rate="1" complexity="1">
              <lines>
                <line number="12" hits="0" branch="False" />
                <line number="13" hits="0" branch="False" />
                <line number="14" hits="0" branch="False" />
                <line number="15" hits="0" branch="False" />
              </lines>
            </method>
          </methods>
          <lines>
            <line number="16" hits="0" branch="False" />
            <line number="19" hits="0" branch="False" />
            <line number="20" hits="0" branch="False" />
            <line number="22" hits="0" branch="False" />
            <line number="23" hits="0" branch="False" />
            <line number="24" hits="0" branch="False" />
            <line number="25" hits="0" branch="True" condition-coverage="0% (0/2)">
              <conditions>
                <condition number="179" type="jump" coverage="0%" />
              </conditions>
            </line>
            <line number="26" hits="0" branch="False" />
            <line number="27" hits="0" branch="False" />
            <line number="28" hits="0" branch="False" />
            <line number="29" hits="0" branch="False" />
            <line number="30" hits="0" branch="False" />
            <line number="31" hits="0" branch="False" />
            <line number="12" hits="0" branch="False" />
            <line number="13" hits="0" branch="False" />
            <line number="14" hits="0" branch="False" />
            <line number="15" hits="0" branch="False" />
          </lines>
        </class>
        <class name="ToDoList.Models.Data.SeedData" filename="ToDoList\Models\Data\SeedData.cs" line-rate="0" branch-rate="0" complexity="4">
          <methods>
            <method name="EnsurePopolate" signature="(Microsoft.AspNetCore.Builder.IApplicationBuilder)" line-rate="0" branch-rate="0" complexity="4">
              <lines>
                <line number="12" hits="0" branch="False" />
                <line number="13" hits="0" branch="False" />
                <line number="15" hits="0" branch="True" condition-coverage="0% (0/2)">
                  <conditions>
                    <condition number="41" type="jump" coverage="0%" />
                  </conditions>
                </line>
                <line number="16" hits="0" branch="False" />
                <line number="17" hits="0" branch="False" />
                <line number="18" hits="0" branch="False" />
                <line number="20" hits="0" branch="True" condition-coverage="0% (0/2)">
                  <conditions>
                    <condition number="73" type="jump" coverage="0%" />
                  </conditions>
                </line>
                <line number="21" hits="0" branch="False" />
                <line number="22" hits="0" branch="False" />
                <line number="23" hits="0" branch="False" />
                <line number="24" hits="0" branch="False" />
                <line number="25" hits="0" branch="False" />
                <line number="26" hits="0" branch="False" />
                <line number="27" hits="0" branch="False" />
                <line number="28" hits="0" branch="False" />
                <line number="29" hits="0" branch="False" />
                <line number="30" hits="0" branch="False" />
                <line number="31" hits="0" branch="False" />
                <line number="32" hits="0" branch="False" />
                <line number="33" hits="0" branch="False" />
                <line number="34" hits="0" branch="False" />
                <line number="35" hits="0" branch="False" />
                <line number="36" hits="0" branch="False" />
                <line number="37" hits="0" branch="False" />
                <line number="38" hits="0" branch="False" />
                <line number="39" hits="0" branch="False" />
                <line number="40" hits="0" branch="False" />
                <line number="41" hits="0" branch="False" />
              </lines>
            </method>
          </methods>
          <lines>
            <line number="12" hits="0" branch="False" />
            <line number="13" hits="0" branch="False" />
            <line number="15" hits="0" branch="True" condition-coverage="0% (0/2)">
              <conditions>
                <condition number="41" type="jump" coverage="0%" />
              </conditions>
            </line>
            <line number="16" hits="0" branch="False" />
            <line number="17" hits="0" branch="False" />
            <line number="18" hits="0" branch="False" />
            <line number="20" hits="0" branch="True" condition-coverage="0% (0/2)">
              <conditions>
                <condition number="73" type="jump" coverage="0%" />
              </conditions>
            </line>
            <line number="21" hits="0" branch="False" />
            <line number="22" hits="0" branch="False" />
            <line number="23" hits="0" branch="False" />
            <line number="24" hits="0" branch="False" />
            <line number="25" hits="0" branch="False" />
            <line number="26" hits="0" branch="False" />
            <line number="27" hits="0" branch="False" />
            <line number="28" hits="0" branch="False" />
            <line number="29" hits="0" branch="False" />
            <line number="30" hits="0" branch="False" />
            <line number="31" hits="0" branch="False" />
            <line number="32" hits="0" branch="False" />
            <line number="33" hits="0" branch="False" />
            <line number="34" hits="0" branch="False" />
            <line number="35" hits="0" branch="False" />
            <line number="36" hits="0" branch="False" />
            <line number="37" hits="0" branch="False" />
            <line number="38" hits="0" branch="False" />
            <line number="39" hits="0" branch="False" />
            <line number="40" hits="0" branch="False" />
            <line number="41" hits="0" branch="False" />
          </lines>
        </class>
        <class name="ToDoList.Controllers.HomeController" filename="ToDoList\Controllers\HomeController.cs" line-rate="0.925" branch-rate="0.8665999999999999" complexity="31">
          <methods>
            <method name="Index" signature="()" line-rate="1" branch-rate="1" complexity="8">
              <lines>
                <line number="36" hits="6" branch="False" />
                <line number="37" hits="6" branch="True" condition-coverage="100% (2/2)">
                  <conditions>
                    <condition number="6" type="jump" coverage="100%" />
                  </conditions>
                </line>
                <line number="38" hits="6" branch="False" />
                <line number="39" hits="6" branch="True" condition-coverage="100% (2/2)">
                  <conditions>
                    <condition number="122" type="jump" coverage="100%" />
                  </conditions>
                </line>
                <line number="40" hits="6" branch="True" condition-coverage="100% (2/2)">
                  <conditions>
                    <condition number="220" type="jump" coverage="100%" />
                  </conditions>
                </line>
                <line number="41" hits="6" branch="True" condition-coverage="100% (2/2)">
                  <conditions>
                    <condition number="318" type="jump" coverage="100%" />
                  </conditions>
                </line>
                <line number="42" hits="6" branch="False" />
                <line number="43" hits="6" branch="False" />
                <line number="44" hits="6" branch="False" />
              </lines>
            </method>
            <method name="TaskByCategory" signature="(System.Nullable`1&lt;System.Int32&gt;)" line-rate="1" branch-rate="1" complexity="14">
              <lines>
                <line number="48" hits="5" branch="False" />
                <line number="49" hits="5" branch="True" condition-coverage="100% (2/2)">
                  <conditions>
                    <condition number="45" type="jump" coverage="100%" />
                  </conditions>
                </line>
                <line number="50" hits="1" branch="False" />
                <line number="51" hits="1" branch="False" />
                <line number="53" hits="4" branch="True" condition-coverage="100% (2/2)">
                  <conditions>
                    <condition number="71" type="jump" coverage="100%" />
                  </conditions>
                </line>
                <line number="54" hits="4" branch="True" condition-coverage="100% (2/2)">
                  <conditions>
                    <condition number="170" type="jump" coverage="100%" />
                  </conditions>
                </line>
                <line number="55" hits="4" branch="True" condition-coverage="100% (2/2)">
                  <conditions>
                    <condition number="269" type="jump" coverage="100%" />
                  </conditions>
                </line>
                <line number="56" hits="4" branch="True" condition-coverage="100% (2/2)">
                  <conditions>
                    <condition number="373" type="jump" coverage="100%" />
                  </conditions>
                </line>
                <line number="57" hits="4" branch="False" />
                <line number="58" hits="4" branch="False" />
                <line number="59" hits="4" branch="True" condition-coverage="100% (2/2)">
                  <conditions>
                    <condition number="843" type="jump" coverage="100%" />
                  </conditions>
                </line>
                <line number="60" hits="3" branch="True" condition-coverage="100% (2/2)">
                  <conditions>
                    <condition number="947" type="jump" coverage="100%" />
                  </conditions>
                </line>
                <line number="61" hits="3" branch="False" />
                <line number="62" hits="4" branch="False" />
              </lines>
            </method>
            <method name="Privacy" signature="()" line-rate="1" branch-rate="1" complexity="4">
              <lines>
                <line number="167" hits="1" branch="False" />
                <line number="168" hits="1" branch="True" condition-coverage="100% (2/2)">
                  <conditions>
                    <condition number="6" type="jump" coverage="100%" />
                  </conditions>
                </line>
                <line number="169" hits="1" branch="True" condition-coverage="100% (2/2)">
                  <conditions>
                    <condition number="110" type="jump" coverage="100%" />
                  </conditions>
                </line>
                <line number="170" hits="1" branch="False" />
                <line number="171" hits="1" branch="False" />
                <line number="172" hits="1" branch="False" />
                <line number="173" hits="1" branch="False" />
              </lines>
            </method>
            <method name="Error" signature="()" line-rate="0" branch-rate="0" complexity="4">
              <lines>
                <line number="177" hits="0" branch="False" />
                <line number="178" hits="0" branch="True" condition-coverage="0% (0/4)">
                  <conditions>
                    <condition number="14" type="jump" coverage="0%" />
                    <condition number="26" type="jump" coverage="0%" />
                  </conditions>
                </line>
                <line number="179" hits="0" branch="False" />
              </lines>
            </method>
            <method name=".ctor" signature="(Microsoft.Extensions.Logging.ILogger`1&lt;ToDoList.Controllers.HomeController&gt;,ToDoList.Models.Repo.IToDoMenu,ToDoList.Models.Repo.ITaskRepository)" line-rate="1" branch-rate="1" complexity="1">
              <lines>
                <line number="26" hits="75" branch="False" />
                <line number="28" hits="75" branch="False" />
                <line number="29" hits="75" branch="False" />
                <line number="30" hits="75" branch="False" />
                <line number="31" hits="75" branch="False" />
                <line number="32" hits="75" branch="False" />
                <line number="33" hits="75" branch="False" />
              </lines>
            </method>
          </methods>
          <lines>
            <line number="36" hits="6" branch="False" />
            <line number="37" hits="6" branch="True" condition-coverage="100% (2/2)">
              <conditions>
                <condition number="6" type="jump" coverage="100%" />
              </conditions>
            </line>
            <line number="38" hits="6" branch="False" />
            <line number="39" hits="6" branch="True" condition-coverage="100% (2/2)">
              <conditions>
                <condition number="122" type="jump" coverage="100%" />
              </conditions>
            </line>
            <line number="40" hits="6" branch="True" condition-coverage="100% (2/2)">
              <conditions>
                <condition number="220" type="jump" coverage="100%" />
              </conditions>
            </line>
            <line number="41" hits="6" branch="True" condition-coverage="100% (2/2)">
              <conditions>
                <condition number="318" type="jump" coverage="100%" />
              </conditions>
            </line>
            <line number="42" hits="6" branch="False" />
            <line number="43" hits="6" branch="False" />
            <line number="44" hits="6" branch="False" />
            <line number="48" hits="5" branch="False" />
            <line number="49" hits="5" branch="True" condition-coverage="100% (2/2)">
              <conditions>
                <condition number="45" type="jump" coverage="100%" />
              </conditions>
            </line>
            <line number="50" hits="1" branch="False" />
            <line number="51" hits="1" branch="False" />
            <line number="53" hits="4" branch="True" condition-coverage="100% (2/2)">
              <conditions>
                <condition number="71" type="jump" coverage="100%" />
              </conditions>
            </line>
            <line number="54" hits="4" branch="True" condition-coverage="100% (2/2)">
              <conditions>
                <condition number="170" type="jump" coverage="100%" />
              </conditions>
            </line>
            <line number="55" hits="4" branch="True" condition-coverage="100% (2/2)">
              <conditions>
                <condition number="269" type="jump" coverage="100%" />
              </conditions>
            </line>
            <line number="56" hits="4" branch="True" condition-coverage="100% (2/2)">
              <conditions>
                <condition number="373" type="jump" coverage="100%" />
              </conditions>
            </line>
            <line number="57" hits="4" branch="False" />
            <line number="58" hits="4" branch="False" />
            <line number="59" hits="4" branch="True" condition-coverage="100% (2/2)">
              <conditions>
                <condition number="843" type="jump" coverage="100%" />
              </conditions>
            </line>
            <line number="60" hits="3" branch="True" condition-coverage="100% (2/2)">
              <conditions>
                <condition number="947" type="jump" coverage="100%" />
              </conditions>
            </line>
            <line number="61" hits="3" branch="False" />
            <line number="62" hits="4" branch="False" />
            <line number="167" hits="1" branch="False" />
            <line number="168" hits="1" branch="True" condition-coverage="100% (2/2)">
              <conditions>
                <condition number="6" type="jump" coverage="100%" />
              </conditions>
            </line>
            <line number="169" hits="1" branch="True" condition-coverage="100% (2/2)">
              <conditions>
                <condition number="110" type="jump" coverage="100%" />
              </conditions>
            </line>
            <line number="170" hits="1" branch="False" />
            <line number="171" hits="1" branch="False" />
            <line number="172" hits="1" branch="False" />
            <line number="173" hits="1" branch="False" />
            <line number="177" hits="0" branch="False" />
            <line number="178" hits="0" branch="True" condition-coverage="0% (0/4)">
              <conditions>
                <condition number="14" type="jump" coverage="0%" />
                <condition number="26" type="jump" coverage="0%" />
              </conditions>
            </line>
            <line number="179" hits="0" branch="False" />
            <line number="26" hits="75" branch="False" />
            <line number="28" hits="75" branch="False" />
            <line number="29" hits="75" branch="False" />
            <line number="30" hits="75" branch="False" />
            <line number="31" hits="75" branch="False" />
            <line number="32" hits="75" branch="False" />
            <line number="33" hits="75" branch="False" />
          </lines>
        </class>
        <class name="ToDoList.Controllers.HomeController/&lt;&gt;c" filename="ToDoList\Controllers\HomeController.cs" line-rate="1" branch-rate="1" complexity="2">
          <methods>
            <method name="&lt;EditUserTask&gt;b__10_1" signature="(ToDoList.Models.ItemSideBar)" line-rate="1" branch-rate="1" complexity="1">
              <lines>
                <line number="128" hits="14" branch="False" />
              </lines>
            </method>
            <method name="&lt;EditUserTaskConfirm&gt;b__11_1" signature="(ToDoList.Models.ItemSideBar)" line-rate="1" branch-rate="1" complexity="1">
              <lines>
                <line number="151" hits="16" branch="False" />
              </lines>
            </method>
          </methods>
          <lines>
            <line number="128" hits="14" branch="False" />
            <line number="151" hits="16" branch="False" />
          </lines>
        </class>
        <class name="ToDoList.Controllers.HomeController/&lt;&gt;c__DisplayClass10_0" filename="ToDoList\Controllers\HomeController.cs" line-rate="1" branch-rate="1" complexity="1">
          <methods>
            <method name="&lt;EditUserTask&gt;b__0" signature="(ToDoList.Models.ItemSideBar)" line-rate="1" branch-rate="1" complexity="1">
              <lines>
                <line number="127" hits="12" branch="False" />
              </lines>
            </method>
          </methods>
          <lines>
            <line number="127" hits="12" branch="False" />
          </lines>
        </class>
        <class name="ToDoList.Controllers.HomeController/&lt;&gt;c__DisplayClass11_0" filename="ToDoList\Controllers\HomeController.cs" line-rate="1" branch-rate="1" complexity="1">
          <methods>
            <method name="&lt;EditUserTaskConfirm&gt;b__0" signature="(ToDoList.Models.ItemSideBar)" line-rate="1" branch-rate="1" complexity="1">
              <lines>
                <line number="150" hits="14" branch="False" />
              </lines>
            </method>
          </methods>
          <lines>
            <line number="150" hits="14" branch="False" />
          </lines>
        </class>
        <class name="ToDoList.Controllers.HomeController/&lt;ChangeTaskStatus&gt;d__9" filename="ToDoList\Controllers\HomeController.cs" line-rate="1" branch-rate="1" complexity="6">
          <methods>
            <method name="MoveNext" signature="()" line-rate="1" branch-rate="1" complexity="6">
              <lines>
                <line number="98" hits="8" branch="False" />
                <line number="99" hits="8" branch="True" condition-coverage="100% (2/2)">
                  <conditions>
                    <condition number="34" type="jump" coverage="100%" />
                  </conditions>
                </line>
                <line number="100" hits="1" branch="False" />
                <line number="101" hits="1" branch="False" />
                <line number="103" hits="7" branch="True" condition-coverage="100% (2/2)">
                  <conditions>
                    <condition number="59" type="jump" coverage="100%" />
                  </conditions>
                </line>
                <line number="104" hits="7" branch="False" />
                <line number="106" hits="7" branch="False" />
                <line number="107" hits="7" branch="True" condition-coverage="100% (2/2)">
                  <conditions>
                    <condition number="333" type="jump" coverage="100%" />
                  </conditions>
                </line>
                <line number="108" hits="1" branch="False" />
                <line number="109" hits="1" branch="False" />
                <line number="110" hits="1" branch="False" />
                <line number="112" hits="6" branch="False" />
                <line number="113" hits="8" branch="False" />
              </lines>
            </method>
          </methods>
          <lines>
            <line number="98" hits="8" branch="False" />
            <line number="99" hits="8" branch="True" condition-coverage="100% (2/2)">
              <conditions>
                <condition number="34" type="jump" coverage="100%" />
              </conditions>
            </line>
            <line number="100" hits="1" branch="False" />
            <line number="101" hits="1" branch="False" />
            <line number="103" hits="7" branch="True" condition-coverage="100% (2/2)">
              <conditions>
                <condition number="59" type="jump" coverage="100%" />
              </conditions>
            </line>
            <line number="104" hits="7" branch="False" />
            <line number="106" hits="7" branch="False" />
            <line number="107" hits="7" branch="True" condition-coverage="100% (2/2)">
              <conditions>
                <condition number="333" type="jump" coverage="100%" />
              </conditions>
            </line>
            <line number="108" hits="1" branch="False" />
            <line number="109" hits="1" branch="False" />
            <line number="110" hits="1" branch="False" />
            <line number="112" hits="6" branch="False" />
            <line number="113" hits="8" branch="False" />
          </lines>
        </class>
        <class name="ToDoList.Controllers.HomeController/&lt;Create&gt;d__7" filename="ToDoList\Controllers\HomeController.cs" line-rate="1" branch-rate="1" complexity="4">
          <methods>
            <method name="MoveNext" signature="()" line-rate="1" branch-rate="1" complexity="4">
              <lines>
                <line number="67" hits="2" branch="False" />
                <line number="68" hits="2" branch="False" />
                <line number="69" hits="2" branch="True" condition-coverage="100% (2/2)">
                  <conditions>
                    <condition number="66" type="jump" coverage="100%" />
                  </conditions>
                </line>
                <line number="70" hits="1" branch="False" />
                <line number="71" hits="1" branch="False" />
                <line number="73" hits="1" branch="False" />
                <line number="74" hits="1" branch="True" condition-coverage="100% (2/2)">
                  <conditions>
                    <condition number="119" type="jump" coverage="100%" />
                  </conditions>
                </line>
                <line number="75" hits="1" branch="False" />
                <line number="76" hits="1" branch="False" />
                <line number="77" hits="1" branch="False" />
                <line number="78" hits="2" branch="False" />
              </lines>
            </method>
          </methods>
          <lines>
            <line number="67" hits="2" branch="False" />
            <line number="68" hits="2" branch="False" />
            <line number="69" hits="2" branch="True" condition-coverage="100% (2/2)">
              <conditions>
                <condition number="66" type="jump" coverage="100%" />
              </conditions>
            </line>
            <line number="70" hits="1" branch="False" />
            <line number="71" hits="1" branch="False" />
            <line number="73" hits="1" branch="False" />
            <line number="74" hits="1" branch="True" condition-coverage="100% (2/2)">
              <conditions>
                <condition number="119" type="jump" coverage="100%" />
              </conditions>
            </line>
            <line number="75" hits="1" branch="False" />
            <line number="76" hits="1" branch="False" />
            <line number="77" hits="1" branch="False" />
            <line number="78" hits="2" branch="False" />
          </lines>
        </class>
        <class name="ToDoList.Controllers.HomeController/&lt;Delete&gt;d__8" filename="ToDoList\Controllers\HomeController.cs" line-rate="1" branch-rate="1" complexity="4">
          <methods>
            <method name="MoveNext" signature="()" line-rate="1" branch-rate="1" complexity="4">
              <lines>
                <line number="83" hits="2" branch="False" />
                <line number="84" hits="2" branch="True" condition-coverage="100% (2/2)">
                  <conditions>
                    <condition number="34" type="jump" coverage="100%" />
                  </conditions>
                </line>
                <line number="85" hits="1" branch="False" />
                <line number="86" hits="1" branch="False" />
                <line number="89" hits="1" branch="False" />
                <line number="90" hits="1" branch="True" condition-coverage="100% (2/2)">
                  <conditions>
                    <condition number="86" type="jump" coverage="100%" />
                  </conditions>
                </line>
                <line number="91" hits="1" branch="False" />
                <line number="92" hits="1" branch="False" />
                <line number="93" hits="2" branch="False" />
              </lines>
            </method>
          </methods>
          <lines>
            <line number="83" hits="2" branch="False" />
            <line number="84" hits="2" branch="True" condition-coverage="100% (2/2)">
              <conditions>
                <condition number="34" type="jump" coverage="100%" />
              </conditions>
            </line>
            <line number="85" hits="1" branch="False" />
            <line number="86" hits="1" branch="False" />
            <line number="89" hits="1" branch="False" />
            <line number="90" hits="1" branch="True" condition-coverage="100% (2/2)">
              <conditions>
                <condition number="86" type="jump" coverage="100%" />
              </conditions>
            </line>
            <line number="91" hits="1" branch="False" />
            <line number="92" hits="1" branch="False" />
            <line number="93" hits="2" branch="False" />
          </lines>
        </class>
        <class name="ToDoList.Controllers.HomeController/&lt;EditUserTask&gt;d__10" filename="ToDoList\Controllers\HomeController.cs" line-rate="1" branch-rate="1" complexity="8">
          <methods>
            <method name="MoveNext" signature="()" line-rate="1" branch-rate="1" complexity="8">
              <lines>
                <line number="117" hits="9" branch="False" />
                <line number="118" hits="9" branch="True" condition-coverage="100% (2/2)">
                  <conditions>
                    <condition number="45" type="jump" coverage="100%" />
                  </conditions>
                </line>
                <line number="119" hits="1" branch="False" />
                <line number="120" hits="1" branch="False" />
                <line number="122" hits="8" branch="True" condition-coverage="100% (2/2)">
                  <conditions>
                    <condition number="70" type="jump" coverage="100%" />
                  </conditions>
                </line>
                <line number="125" hits="8" branch="False" />
                <line number="126" hits="8" branch="False" />
                <line number="129" hits="8" branch="True" condition-coverage="100% (2/2)">
                  <conditions>
                    <condition number="416" type="jump" coverage="100%" />
                  </conditions>
                </line>
                <line number="130" hits="8" branch="True" condition-coverage="100% (2/2)">
                  <conditions>
                    <condition number="533" type="jump" coverage="100%" />
                  </conditions>
                </line>
                <line number="131" hits="2" branch="False" />
                <line number="132" hits="2" branch="False" />
                <line number="133" hits="2" branch="False" />
                <line number="135" hits="6" branch="False" />
                <line number="136" hits="6" branch="False" />
                <line number="137" hits="9" branch="False" />
              </lines>
            </method>
          </methods>
          <lines>
            <line number="117" hits="9" branch="False" />
            <line number="118" hits="9" branch="True" condition-coverage="100% (2/2)">
              <conditions>
                <condition number="45" type="jump" coverage="100%" />
              </conditions>
            </line>
            <line number="119" hits="1" branch="False" />
            <line number="120" hits="1" branch="False" />
            <line number="122" hits="8" branch="True" condition-coverage="100% (2/2)">
              <conditions>
                <condition number="70" type="jump" coverage="100%" />
              </conditions>
            </line>
            <line number="125" hits="8" branch="False" />
            <line number="126" hits="8" branch="False" />
            <line number="129" hits="8" branch="True" condition-coverage="100% (2/2)">
              <conditions>
                <condition number="416" type="jump" coverage="100%" />
              </conditions>
            </line>
            <line number="130" hits="8" branch="True" condition-coverage="100% (2/2)">
              <conditions>
                <condition number="533" type="jump" coverage="100%" />
              </conditions>
            </line>
            <line number="131" hits="2" branch="False" />
            <line number="132" hits="2" branch="False" />
            <line number="133" hits="2" branch="False" />
            <line number="135" hits="6" branch="False" />
            <line number="136" hits="6" branch="False" />
            <line number="137" hits="9" branch="False" />
          </lines>
        </class>
        <class name="ToDoList.Controllers.HomeController/&lt;EditUserTaskConfirm&gt;d__11" filename="ToDoList\Controllers\HomeController.cs" line-rate="1" branch-rate="1" complexity="8">
          <methods>
            <method name="MoveNext" signature="()" line-rate="1" branch-rate="1" complexity="8">
              <lines>
                <line number="143" hits="9" branch="False" />
                <line number="144" hits="9" branch="True" condition-coverage="100% (2/2)">
                  <conditions>
                    <condition number="67" type="jump" coverage="100%" />
                  </conditions>
                </line>
                <line number="145" hits="1" branch="False" />
                <line number="146" hits="1" branch="False" />
                <line number="147" hits="1" branch="False" />
                <line number="149" hits="8" branch="False" />
                <line number="152" hits="8" branch="True" condition-coverage="100% (2/2)">
                  <conditions>
                    <condition number="215" type="jump" coverage="100%" />
                  </conditions>
                </line>
                <line number="153" hits="8" branch="True" condition-coverage="100% (2/2)">
                  <conditions>
                    <condition number="329" type="jump" coverage="100%" />
                  </conditions>
                </line>
                <line number="154" hits="8" branch="False" />
                <line number="156" hits="8" branch="False" />
                <line number="157" hits="8" branch="True" condition-coverage="100% (2/2)">
                  <conditions>
                    <condition number="603" type="jump" coverage="100%" />
                  </conditions>
                </line>
                <line number="158" hits="2" branch="False" />
                <line number="159" hits="2" branch="False" />
                <line number="161" hits="6" branch="False" />
                <line number="162" hits="9" branch="False" />
              </lines>
            </method>
          </methods>
          <lines>
            <line number="143" hits="9" branch="False" />
            <line number="144" hits="9" branch="True" condition-coverage="100% (2/2)">
              <conditions>
                <condition number="67" type="jump" coverage="100%" />
              </conditions>
            </line>
            <line number="145" hits="1" branch="False" />
            <line number="146" hits="1" branch="False" />
            <line number="147" hits="1" branch="False" />
            <line number="149" hits="8" branch="False" />
            <line number="152" hits="8" branch="True" condition-coverage="100% (2/2)">
              <conditions>
                <condition number="215" type="jump" coverage="100%" />
              </conditions>
            </line>
            <line number="153" hits="8" branch="True" condition-coverage="100% (2/2)">
              <conditions>
                <condition number="329" type="jump" coverage="100%" />
              </conditions>
            </line>
            <line number="154" hits="8" branch="False" />
            <line number="156" hits="8" branch="False" />
            <line number="157" hits="8" branch="True" condition-coverage="100% (2/2)">
              <conditions>
                <condition number="603" type="jump" coverage="100%" />
              </conditions>
            </line>
            <line number="158" hits="2" branch="False" />
            <line number="159" hits="2" branch="False" />
            <line number="161" hits="6" branch="False" />
            <line number="162" hits="9" branch="False" />
          </lines>
        </class>
      </classes>
    </package>
    <package name="ToDoList.Tests" line-rate="0.9961" branch-rate="1" complexity="28">
      <classes>
        <class name="AutoGeneratedProgram" filename="Users\Professional\.nuget\packages\microsoft.net.test.sdk\17.1.0\build\netcoreapp2.1\Microsoft.NET.Test.Sdk.Program.cs" line-rate="0" branch-rate="1" complexity="1">
          <methods>
            <method name="Main" signature="(System.String[])" line-rate="0" branch-rate="1" complexity="1">
              <lines>
                <line number="4" hits="0" branch="False" />
              </lines>
            </method>
          </methods>
          <lines>
            <line number="4" hits="0" branch="False" />
          </lines>
        </class>
        <class name="ToDoList.Tests.UnitTests.HomeControllerTests" filename="ToDoList.Test\UnitTests\HomeControllerTests.cs" line-rate="1" branch-rate="1" complexity="27">
          <methods>
            <method name="Index_Returns_ViewResult_And_Check_ViewModel" signature="()" line-rate="1" branch-rate="1" complexity="1">
              <lines>
                <line number="29" hits="1" branch="False" />
                <line number="30" hits="1" branch="False" />
                <line number="31" hits="1" branch="False" />
                <line number="32" hits="1" branch="False" />
                <line number="33" hits="1" branch="False" />
                <line number="35" hits="1" branch="False" />
              </lines>
            </method>
            <method name="Index_Check_UserTasks" signature="(ToDoList.Models.ViewModels.TaskListViewModel)" line-rate="1" branch-rate="1" complexity="1">
              <lines>
                <line number="40" hits="1" branch="False" />
                <line number="42" hits="7" branch="False" />
                <line number="43" hits="1" branch="False" />
                <line number="44" hits="1" branch="False" />
                <line number="45" hits="1" branch="False" />
                <line number="46" hits="1" branch="False" />
                <line number="47" hits="1" branch="False" />
                <line number="48" hits="1" branch="False" />
                <line number="49" hits="1" branch="False" />
                <line number="50" hits="1" branch="False" />
              </lines>
            </method>
            <method name="Index_CheckTaskCategories" signature="(ToDoList.Models.ViewModels.TaskListViewModel)" line-rate="1" branch-rate="1" complexity="1">
              <lines>
                <line number="55" hits="1" branch="False" />
                <line number="56" hits="1" branch="False" />
                <line number="57" hits="1" branch="False" />
                <line number="58" hits="1" branch="False" />
                <line number="59" hits="1" branch="False" />
                <line number="60" hits="1" branch="False" />
                <line number="61" hits="1" branch="False" />
              </lines>
            </method>
            <method name="TaskByCategory_Returns_View_And_Check_ViewModel" signature="(System.Int32)" line-rate="1" branch-rate="1" complexity="1">
              <lines>
                <line number="68" hits="3" branch="False" />
                <line number="69" hits="3" branch="False" />
                <line number="70" hits="3" branch="False" />
                <line number="71" hits="3" branch="False" />
                <line number="72" hits="3" branch="False" />
                <line number="73" hits="3" branch="False" />
              </lines>
            </method>
            <method name="TaskByCategory_Returns_View_And_Check_ViewModel_IncorrectId" signature="()" line-rate="1" branch-rate="1" complexity="1">
              <lines>
                <line number="77" hits="1" branch="False" />
                <line number="79" hits="2" branch="False" />
                <line number="80" hits="1" branch="False" />
              </lines>
            </method>
            <method name="TaskByCategory_Returns_View_And_Check_ViewModel_IncorrectId_Zero" signature="()" line-rate="1" branch-rate="1" complexity="1">
              <lines>
                <line number="84" hits="1" branch="False" />
                <line number="86" hits="1" branch="False" />
                <line number="87" hits="1" branch="False" />
                <line number="88" hits="1" branch="False" />
                <line number="89" hits="1" branch="False" />
                <line number="90" hits="1" branch="False" />
              </lines>
            </method>
            <method name="Check_Sidebar_menu" signature="()" line-rate="1" branch-rate="1" complexity="1">
              <lines>
                <line number="94" hits="1" branch="False" />
                <line number="96" hits="1" branch="False" />
                <line number="97" hits="1" branch="False" />
                <line number="98" hits="1" branch="False" />
                <line number="101" hits="1" branch="False" />
                <line number="102" hits="1" branch="False" />
                <line number="103" hits="2" branch="False" />
                <line number="104" hits="3" branch="False" />
                <line number="105" hits="4" branch="False" />
                <line number="106" hits="5" branch="False" />
                <line number="107" hits="1" branch="False" />
                <line number="108" hits="1" branch="False" />
              </lines>
            </method>
            <method name="AddUserTaskReturnsARedirectAndAddsUserValidInput" signature="()" line-rate="1" branch-rate="1" complexity="1">
              <lines>
                <line number="112" hits="1" branch="False" />
                <line number="114" hits="1" branch="False" />
                <line number="115" hits="1" branch="False" />
                <line number="116" hits="1" branch="False" />
                <line number="117" hits="1" branch="False" />
                <line number="119" hits="1" branch="False" />
                <line number="122" hits="1" branch="False" />
                <line number="123" hits="1" branch="False" />
                <line number="124" hits="1" branch="False" />
                <line number="125" hits="1" branch="False" />
              </lines>
            </method>
            <method name="AddUserTaskReturnsARedirectAndAddsUserInValidInput" signature="()" line-rate="1" branch-rate="1" complexity="1">
              <lines>
                <line number="129" hits="1" branch="False" />
                <line number="131" hits="1" branch="False" />
                <line number="132" hits="1" branch="False" />
                <line number="133" hits="1" branch="False" />
                <line number="134" hits="1" branch="False" />
                <line number="135" hits="1" branch="False" />
                <line number="137" hits="1" branch="False" />
                <line number="140" hits="1" branch="False" />
                <line number="141" hits="1" branch="False" />
                <line number="142" hits="1" branch="False" />
              </lines>
            </method>
            <method name="DeleteUserTaskReturnsARedirectValidInput" signature="()" line-rate="1" branch-rate="1" complexity="1">
              <lines>
                <line number="146" hits="1" branch="False" />
                <line number="148" hits="1" branch="False" />
                <line number="149" hits="1" branch="False" />
                <line number="150" hits="1" branch="False" />
                <line number="152" hits="1" branch="False" />
                <line number="155" hits="1" branch="False" />
                <line number="156" hits="1" branch="False" />
                <line number="157" hits="1" branch="False" />
                <line number="158" hits="1" branch="False" />
              </lines>
            </method>
            <method name="DeleteUserTaskReturnsARedirectInValidInput" signature="()" line-rate="1" branch-rate="1" complexity="1">
              <lines>
                <line number="162" hits="1" branch="False" />
                <line number="164" hits="1" branch="False" />
                <line number="165" hits="1" branch="False" />
                <line number="166" hits="1" branch="False" />
                <line number="168" hits="1" branch="False" />
                <line number="171" hits="1" branch="False" />
                <line number="172" hits="1" branch="False" />
                <line number="173" hits="1" branch="False" />
                <line number="174" hits="1" branch="False" />
              </lines>
            </method>
            <method name="UpdateUserTaskStatusReturnsARedirectValidInput" signature="(System.Int32,System.Int32,System.Int32)" line-rate="1" branch-rate="1" complexity="1">
              <lines>
                <line number="185" hits="6" branch="False" />
                <line number="187" hits="6" branch="False" />
                <line number="188" hits="6" branch="False" />
                <line number="189" hits="6" branch="False" />
                <line number="190" hits="6" branch="False" />
                <line number="191" hits="6" branch="False" />
                <line number="193" hits="6" branch="False" />
                <line number="195" hits="6" branch="False" />
                <line number="196" hits="6" branch="False" />
                <line number="199" hits="6" branch="False" />
                <line number="200" hits="6" branch="False" />
                <line number="201" hits="6" branch="False" />
                <line number="203" hits="6" branch="False" />
              </lines>
            </method>
            <method name="UpdateUserTaskStatusReturnsARedirectInValidInput" signature="()" line-rate="1" branch-rate="1" complexity="1">
              <lines>
                <line number="207" hits="1" branch="False" />
                <line number="209" hits="1" branch="False" />
                <line number="210" hits="1" branch="False" />
                <line number="211" hits="1" branch="False" />
                <line number="212" hits="1" branch="False" />
                <line number="213" hits="1" branch="False" />
                <line number="214" hits="1" branch="False" />
                <line number="215" hits="1" branch="False" />
                <line number="216" hits="1" branch="False" />
                <line number="217" hits="1" branch="False" />
                <line number="219" hits="1" branch="False" />
                <line number="222" hits="1" branch="False" />
                <line number="223" hits="1" branch="False" />
                <line number="225" hits="1" branch="False" />
              </lines>
            </method>
            <method name="UpdateUserTaskStatusReturnsARedirectInputNull" signature="()" line-rate="1" branch-rate="1" complexity="1">
              <lines>
                <line number="228" hits="1" branch="False" />
                <line number="230" hits="1" branch="False" />
                <line number="231" hits="1" branch="False" />
                <line number="232" hits="1" branch="False" />
                <line number="233" hits="1" branch="False" />
                <line number="234" hits="1" branch="False" />
                <line number="235" hits="1" branch="False" />
                <line number="236" hits="1" branch="False" />
                <line number="237" hits="1" branch="False" />
                <line number="240" hits="1" branch="False" />
                <line number="243" hits="1" branch="False" />
                <line number="244" hits="1" branch="False" />
                <line number="245" hits="1" branch="False" />
              </lines>
            </method>
            <method name="EditUserTaskStatusReturnsARedirectValidInput" signature="(System.Int32,System.Int32)" line-rate="1" branch-rate="1" complexity="1">
              <lines>
                <line number="255" hits="6" branch="False" />
                <line number="257" hits="6" branch="False" />
                <line number="258" hits="6" branch="False" />
                <line number="259" hits="6" branch="False" />
                <line number="260" hits="6" branch="False" />
                <line number="261" hits="6" branch="False" />
                <line number="262" hits="6" branch="False" />
                <line number="263" hits="6" branch="False" />
                <line number="265" hits="6" branch="False" />
                <line number="267" hits="6" branch="False" />
                <line number="270" hits="6" branch="False" />
                <line number="271" hits="6" branch="False" />
                <line number="272" hits="6" branch="False" />
                <line number="273" hits="6" branch="False" />
                <line number="274" hits="6" branch="False" />
              </lines>
            </method>
            <method name="EditUserTaskStatusReturnsARedirectInvalidInput" signature="(System.Int32)" line-rate="1" branch-rate="1" complexity="1">
              <lines>
                <line number="280" hits="2" branch="False" />
                <line number="282" hits="2" branch="False" />
                <line number="283" hits="2" branch="False" />
                <line number="284" hits="2" branch="False" />
                <line number="285" hits="2" branch="False" />
                <line number="286" hits="2" branch="False" />
                <line number="287" hits="2" branch="False" />
                <line number="288" hits="2" branch="False" />
                <line number="289" hits="2" branch="False" />
                <line number="292" hits="2" branch="False" />
                <line number="295" hits="2" branch="False" />
                <line number="296" hits="2" branch="False" />
                <line number="297" hits="2" branch="False" />
                <line number="298" hits="2" branch="False" />
              </lines>
            </method>
            <method name="EditUserTaskStatusReturnsARedirectInputNullId" signature="()" line-rate="1" branch-rate="1" complexity="1">
              <lines>
                <line number="301" hits="1" branch="False" />
                <line number="303" hits="1" branch="False" />
                <line number="304" hits="1" branch="False" />
                <line number="305" hits="1" branch="False" />
                <line number="306" hits="1" branch="False" />
                <line number="307" hits="1" branch="False" />
                <line number="308" hits="1" branch="False" />
                <line number="309" hits="1" branch="False" />
                <line number="310" hits="1" branch="False" />
                <line number="311" hits="1" branch="False" />
                <line number="314" hits="1" branch="False" />
                <line number="317" hits="1" branch="False" />
                <line number="318" hits="1" branch="False" />
                <line number="319" hits="1" branch="False" />
              </lines>
            </method>
            <method name="EditUserTaskConfirmStatusReturnsARedirectValidInput" signature="(System.Int32,System.Int32)" line-rate="1" branch-rate="1" complexity="1">
              <lines>
                <line number="329" hits="6" branch="False" />
                <line number="332" hits="6" branch="False" />
                <line number="333" hits="6" branch="False" />
                <line number="334" hits="6" branch="False" />
                <line number="335" hits="6" branch="False" />
                <line number="336" hits="6" branch="False" />
                <line number="337" hits="6" branch="False" />
                <line number="338" hits="6" branch="False" />
                <line number="339" hits="6" branch="False" />
                <line number="340" hits="6" branch="False" />
                <line number="343" hits="6" branch="False" />
                <line number="346" hits="6" branch="False" />
                <line number="347" hits="6" branch="False" />
                <line number="348" hits="6" branch="False" />
              </lines>
            </method>
[...]
                  <conditions>
                    <condition number="85" type="jump" coverage="0%" />
                    <condition number="237" type="jump" coverage="0%" />
                  </conditions>
                </line>
              </lines>
            </method>
          </methods>
          <lines>
            <line number="26" hits="0" branch="True" condition-coverage="0% (0/4)">
              <conditions>
                <condition number="85" type="jump" coverage="0%" />
                <condition number="237" type="jump" coverage="0%" />
              </conditions>
            </line>
          </lines>
        </class>
        <class name="AspNetCore.Views_Shared_TaskSummary/&lt;&gt;c__DisplayClass13_0/&lt;&lt;ExecuteAsync&gt;b__4&gt;d" filename="ToDoList\Views\Shared\TaskSummary.cshtml" line-rate="0" branch-rate="0" complexity="4">
          <methods>
            <method name="MoveNext" signature="()" line-rate="0" branch-rate="0" complexity="4">
              <lines>
                <line number="36" hits="0" branch="False" />
                <line number="37" hits="0" branch="True" condition-coverage="0% (0/4)">
                  <conditions>
                    <condition number="211" type="jump" coverage="0%" />
                    <condition number="368" type="jump" coverage="0%" />
                  </conditions>
                </line>
              </lines>
            </method>
          </methods>
          <lines>
            <line number="36" hits="0" branch="False" />
            <line number="37" hits="0" branch="True" condition-coverage="0% (0/4)">
              <conditions>
                <condition number="211" type="jump" coverage="0%" />
                <condition number="368" type="jump" coverage="0%" />
              </conditions>
            </line>
          </lines>
        </class>
        <class name="AspNetCore.Views_Shared_TaskSummary/&lt;&gt;c__DisplayClass13_0/&lt;&lt;ExecuteAsync&gt;b__5&gt;d" filename="ToDoList\Views\Shared\TaskSummary.cshtml" line-rate="0" branch-rate="0" complexity="4">
          <methods>
            <method name="MoveNext" signature="()" line-rate="0" branch-rate="0" complexity="4">
              <lines>
                <line number="47" hits="0" branch="False" />
                <line number="48" hits="0" branch="True" condition-coverage="0% (0/4)">
                  <conditions>
                    <condition number="211" type="jump" coverage="0%" />
                    <condition number="368" type="jump" coverage="0%" />
                  </conditions>
                </line>
              </lines>
            </method>
          </methods>
          <lines>
            <line number="47" hits="0" branch="False" />
            <line number="48" hits="0" branch="True" condition-coverage="0% (0/4)">
              <conditions>
                <condition number="211" type="jump" coverage="0%" />
                <condition number="368" type="jump" coverage="0%" />
              </conditions>
            </line>
          </lines>
        </class>
        <class name="AspNetCore.Views_Shared_TaskSummary/&lt;ExecuteAsync&gt;d__13" filename="ToDoList\Views\Shared\TaskSummary.cshtml" line-rate="0" branch-rate="0" complexity="16">
          <methods>
            <method name="MoveNext" signature="()" line-rate="0" branch-rate="0" complexity="16">
              <lines>
                <line number="10" hits="0" branch="True" condition-coverage="0% (0/2)">
                  <conditions>
                    <condition number="3078" type="jump" coverage="0%" />
                  </conditions>
                </line>
                <line number="11" hits="0" branch="False" />
                <line number="12" hits="0" branch="True" condition-coverage="0% (0/2)">
                  <conditions>
                    <condition number="196" type="jump" coverage="0%" />
                  </conditions>
                </line>
                <line number="13" hits="0" branch="False" />
                <line number="16" hits="0" branch="False" />
                <line number="20" hits="0" branch="True" condition-coverage="0% (0/2)">
                  <conditions>
                    <condition number="914" type="jump" coverage="0%" />
                  </conditions>
                </line>
                <line number="24" hits="0" branch="True" condition-coverage="0% (0/4)">
                  <conditions>
                    <condition number="1252" type="jump" coverage="0%" />
                    <condition number="1724" type="jump" coverage="0%" />
                  </conditions>
                </line>
                <line number="35" hits="0" branch="True" condition-coverage="0% (0/4)">
                  <conditions>
                    <condition number="2062" type="jump" coverage="0%" />
                    <condition number="2534" type="jump" coverage="0%" />
                  </conditions>
                </line>
                <line number="46" hits="0" branch="True" condition-coverage="0% (0/2)">
                  <conditions>
                    <condition number="2872" type="jump" coverage="0%" />
                  </conditions>
                </line>
                <line number="57" hits="0" branch="False" />
                <line number="58" hits="0" branch="False" />
              </lines>
            </method>
          </methods>
          <lines>
            <line number="10" hits="0" branch="True" condition-coverage="0% (0/2)">
              <conditions>
                <condition number="3078" type="jump" coverage="0%" />
              </conditions>
            </line>
            <line number="11" hits="0" branch="False" />
            <line number="12" hits="0" branch="True" condition-coverage="0% (0/2)">
              <conditions>
                <condition number="196" type="jump" coverage="0%" />
              </conditions>
            </line>
            <line number="13" hits="0" branch="False" />
            <line number="16" hits="0" branch="False" />
            <line number="20" hits="0" branch="True" condition-coverage="0% (0/2)">
              <conditions>
                <condition number="914" type="jump" coverage="0%" />
              </conditions>
            </line>
            <line number="24" hits="0" branch="True" condition-coverage="0% (0/4)">
              <conditions>
                <condition number="1252" type="jump" coverage="0%" />
                <condition number="1724" type="jump" coverage="0%" />
              </conditions>
            </line>
            <line number="35" hits="0" branch="True" condition-coverage="0% (0/4)">
              <conditions>
                <condition number="2062" type="jump" coverage="0%" />
                <condition number="2534" type="jump" coverage="0%" />
              </conditions>
            </line>
            <line number="46" hits="0" branch="True" condition-coverage="0% (0/2)">
              <conditions>
                <condition number="2872" type="jump" coverage="0%" />
              </conditions>
            </line>
            <line number="57" hits="0" branch="False" />
            <line number="58" hits="0" branch="False" />
          </lines>
        </class>
        <class name="AspNetCore.Views_Shared_TaskSummaryComplited/&lt;&lt;ExecuteAsync&gt;b__13_3&gt;d" filename="ToDoList\Views\Shared\TaskSummaryComplited.cshtml" line-rate="0" branch-rate="0" complexity="4">
          <methods>
            <method name="MoveNext" signature="()" line-rate="0" branch-rate="0" complexity="4">
              <lines>
                <line number="26" hits="0" branch="True" condition-coverage="0% (0/4)">
                  <conditions>
                    <condition number="85" type="jump" coverage="0%" />
                    <condition number="237" type="jump" coverage="0%" />
                  </conditions>
                </line>
              </lines>
            </method>
          </methods>
          <lines>
            <line number="26" hits="0" branch="True" condition-coverage="0% (0/4)">
              <conditions>
                <condition number="85" type="jump" coverage="0%" />
                <condition number="237" type="jump" coverage="0%" />
              </conditions>
            </line>
          </lines>
        </class>
        <class name="AspNetCore.Views_Shared_TaskSummaryComplited/&lt;&gt;c__DisplayClass13_0/&lt;&lt;ExecuteAsync&gt;b__4&gt;d" filename="ToDoList\Views\Shared\TaskSummaryComplited.cshtml" line-rate="0" branch-rate="0" complexity="4">
          <methods>
            <method name="MoveNext" signature="()" line-rate="0" branch-rate="0" complexity="4">
              <lines>
                <line number="36" hits="0" branch="False" />
                <line number="37" hits="0" branch="True" condition-coverage="0% (0/4)">
                  <conditions>
                    <condition number="211" type="jump" coverage="0%" />
                    <condition number="368" type="jump" coverage="0%" />
                  </conditions>
                </line>
              </lines>
            </method>
          </methods>
          <lines>
            <line number="36" hits="0" branch="False" />
            <line number="37" hits="0" branch="True" condition-coverage="0% (0/4)">
              <conditions>
                <condition number="211" type="jump" coverage="0%" />
                <condition number="368" type="jump" coverage="0%" />
              </conditions>
            </line>
          </lines>
        </class>
        <class name="AspNetCore.Views_Shared_TaskSummaryComplited/&lt;&gt;c__DisplayClass13_0/&lt;&lt;ExecuteAsync&gt;b__5&gt;d" filename="ToDoList\Views\Shared\TaskSummaryComplited.cshtml" line-rate="0" branch-rate="0" complexity="4">
          <methods>
            <method name="MoveNext" signature="()" line-rate="0" branch-rate="0" complexity="4">
              <lines>
                <line number="47" hits="0" branch="False" />
                <line number="48" hits="0" branch="True" condition-coverage="0% (0/4)">
                  <conditions>
                    <condition number="211" type="jump" coverage="0%" />
                    <condition number="368" type="jump" coverage="0%" />
                  </conditions>
                </line>
              </lines>
            </method>
          </methods>
          <lines>
            <line number="47" hits="0" branch="False" />
            <line number="48" hits="0" branch="True" condition-coverage="0% (0/4)">
              <conditions>
                <condition number="211" type="jump" coverage="0%" />
                <condition number="368" type="jump" coverage="0%" />
              </conditions>
            </line>
          </lines>
        </class>
        <class name="AspNetCore.Views_Shared_TaskSummaryComplited/&lt;ExecuteAsync&gt;d__13" filename="ToDoList\Views\Shared\TaskSummaryComplited.cshtml" line-rate="0" branch-rate="0" complexity="16">
          <methods>
            <method name="MoveNext" signature="()" line-rate="0" branch-rate="0" complexity="16">
              <lines>
                <line number="10" hits="0" branch="True" condition-coverage="0% (0/2)">
                  <conditions>
                    <condition number="3075" type="jump" coverage="0%" />
                  </conditions>
                </line>
                <line number="11" hits="0" branch="False" />
                <line number="12" hits="0" branch="True" condition-coverage="0% (0/2)">
                  <conditions>
                    <condition number="193" type="jump" coverage="0%" />
                  </conditions>
                </line>
                <line number="13" hits="0" branch="False" />
                <line number="16" hits="0" branch="False" />
                <line number="20" hits="0" branch="True" condition-coverage="0% (0/2)">
                  <conditions>
                    <condition number="911" type="jump" coverage="0%" />
                  </conditions>
                </line>
                <line number="24" hits="0" branch="True" condition-coverage="0% (0/4)">
                  <conditions>
                    <condition number="1249" type="jump" coverage="0%" />
                    <condition number="1721" type="jump" coverage="0%" />
                  </conditions>
                </line>
                <line number="35" hits="0" branch="True" condition-coverage="0% (0/4)">
                  <conditions>
                    <condition number="2059" type="jump" coverage="0%" />
                    <condition number="2531" type="jump" coverage="0%" />
                  </conditions>
                </line>
                <line number="46" hits="0" branch="True" condition-coverage="0% (0/2)">
                  <conditions>
                    <condition number="2869" type="jump" coverage="0%" />
                  </conditions>
                </line>
                <line number="57" hits="0" branch="False" />
                <line number="58" hits="0" branch="False" />
              </lines>
            </method>
          </methods>
          <lines>
            <line number="10" hits="0" branch="True" condition-coverage="0% (0/2)">
              <conditions>
                <condition number="3075" type="jump" coverage="0%" />
              </conditions>
            </line>
            <line number="11" hits="0" branch="False" />
            <line number="12" hits="0" branch="True" condition-coverage="0% (0/2)">
              <conditions>
                <condition number="193" type="jump" coverage="0%" />
              </conditions>
            </line>
            <line number="13" hits="0" branch="False" />
            <line number="16" hits="0" branch="False" />
            <line number="20" hits="0" branch="True" condition-coverage="0% (0/2)">
              <conditions>
                <condition number="911" type="jump" coverage="0%" />
              </conditions>
            </line>
            <line number="24" hits="0" branch="True" condition-coverage="0% (0/4)">
              <conditions>
                <condition number="1249" type="jump" coverage="0%" />
                <condition number="1721" type="jump" coverage="0%" />
              </conditions>
            </line>
            <line number="35" hits="0" branch="True" condition-coverage="0% (0/4)">
              <conditions>
                <condition number="2059" type="jump" coverage="0%" />
                <condition number="2531" type="jump" coverage="0%" />
              </conditions>
            </line>
            <line number="46" hits="0" branch="True" condition-coverage="0% (0/2)">
              <conditions>
                <condition number="2869" type="jump" coverage="0%" />
              </conditions>
            </line>
            <line number="57" hits="0" branch="False" />
            <line number="58" hits="0" branch="False" />
          </lines>
        </class>
        <class name="AspNetCore.Views_Shared__Layout/&lt;&lt;ExecuteAsync&gt;b__25_0&gt;d" filename="ToDoList\Views\Shared\_Layout.cshtml" line-rate="0" branch-rate="0" complexity="6">
          <methods>
            <method name="MoveNext" signature="()" line-rate="0" branch-rate="0" complexity="6">
              <lines>
                <line number="7" hits="0" branch="True" condition-coverage="0% (0/6)">
                  <conditions>
                    <condition number="443" type="jump" coverage="0%" />
                    <condition number="939" type="jump" coverage="0%" />
                    <condition number="1435" type="jump" coverage="0%" />
                  </conditions>
                </line>
              </lines>
            </method>
          </methods>
          <lines>
            <line number="7" hits="0" branch="True" condition-coverage="0% (0/6)">
              <conditions>
                <condition number="443" type="jump" coverage="0%" />
                <condition number="939" type="jump" coverage="0%" />
                <condition number="1435" type="jump" coverage="0%" />
              </conditions>
            </line>
          </lines>
        </class>
        <class name="AspNetCore.Views_Shared__Layout/&lt;&lt;ExecuteAsync&gt;b__25_1&gt;d" filename="ToDoList\Views\Shared\_Layout.cshtml" line-rate="0" branch-rate="0" complexity="14">
          <methods>
            <method name="MoveNext" signature="()" line-rate="0" branch-rate="0" complexity="14">
              <lines>
                <line number="39" hits="0" branch="True" condition-coverage="0% (0/6)">
                  <conditions>
                    <condition number="622" type="jump" coverage="0%" />
                    <condition number="1244" type="jump" coverage="0%" />
                    <condition number="1866" type="jump" coverage="0%" />
                  </conditions>
                </line>
                <line number="48" hits="0" branch="True" condition-coverage="0% (0/6)">
                  <conditions>
                    <condition number="2671" type="jump" coverage="0%" />
                    <condition number="3146" type="jump" coverage="0%" />
                    <condition number="3622" type="jump" coverage="0%" />
                  </conditions>
                </line>
                <line number="63" hits="0" branch="True" condition-coverage="0% (0/2)">
                  <conditions>
                    <condition number="4247" type="jump" coverage="0%" />
                  </conditions>
                </line>
                <line number="64" hits="0" branch="False" />
              </lines>
            </method>
          </methods>
          <lines>
            <line number="39" hits="0" branch="True" condition-coverage="0% (0/6)">
              <conditions>
                <condition number="622" type="jump" coverage="0%" />
                <condition number="1244" type="jump" coverage="0%" />
                <condition number="1866" type="jump" coverage="0%" />
              </conditions>
            </line>
            <line number="48" hits="0" branch="True" condition-coverage="0% (0/6)">
              <conditions>
                <condition number="2671" type="jump" coverage="0%" />
                <condition number="3146" type="jump" coverage="0%" />
                <condition number="3622" type="jump" coverage="0%" />
              </conditions>
            </line>
            <line number="63" hits="0" branch="True" condition-coverage="0% (0/2)">
              <conditions>
                <condition number="4247" type="jump" coverage="0%" />
              </conditions>
            </line>
            <line number="64" hits="0" branch="False" />
          </lines>
        </class>
        <class name="AspNetCore.Views__ViewImports/&lt;ExecuteAsync&gt;d__0" filename="ToDoList\Views\_ViewImports.cshtml" line-rate="0" branch-rate="1" complexity="1">
          <methods>
            <method name="MoveNext" signature="()" line-rate="0" branch-rate="1" complexity="1">
              <lines>
                <line number="8" hits="0" branch="False" />
              </lines>
            </method>
          </methods>
          <lines>
            <line number="8" hits="0" branch="False" />
          </lines>
        </class>
        <class name="AspNetCore.Views__ViewStart/&lt;ExecuteAsync&gt;d__0" filename="ToDoList\Views\_ViewStart.cshtml" line-rate="0" branch-rate="1" complexity="1">
          <methods>
            <method name="MoveNext" signature="()" line-rate="0" branch-rate="1" complexity="1">
              <lines>
                <line number="2" hits="0" branch="False" />
              </lines>
            </method>
          </methods>
          <lines>
            <line number="2" hits="0" branch="False" />
          </lines>
        </class>
      </classes>
    </package>
  </packages>
</coverage>